#
# There is insufficient memory for the Java Runtime Environment to continue.
# Native memory allocation (malloc) failed to allocate 1339536 bytes for Chunk::new
# Possible reasons:
#   The system is out of physical RAM or swap space
#   The process is running with CompressedOops enabled, and the Java Heap may be blocking the growth of the native heap
# Possible solutions:
#   Reduce memory load on the system
#   Increase physical memory or swap space
#   Check if swap backing store is full
#   Decrease Java heap size (-Xmx/-Xms)
#   Decrease number of Java threads
#   Decrease Java thread stack sizes (-Xss)
#   Set larger code cache with -XX:ReservedCodeCacheSize=
#   JVM is running with Unscaled Compressed Oops mode in which the Java heap is
#     placed in the first 4GB address space. The Java Heap base address is the
#     maximum limit for the native heap growth. Please use -XX:HeapBaseMinAddress
#     to set the Java Heap base and to place the Java Heap above 4GB virtual address.
# This output file may be truncated or incomplete.
#
#  Out of Memory Error (./src/hotspot/share/memory/arena.cpp:197), pid=8008, tid=14304
#
# JRE version: OpenJDK Runtime Environment (11.0.13) (build 11.0.13+0-b1751.21-8125866)
# Java VM: OpenJDK 64-Bit Server VM (11.0.13+0-b1751.21-8125866, mixed mode, tiered, compressed oops, g1 gc, windows-amd64)
# No core dump will be written. Minidumps are not enabled by default on client versions of Windows
#

---------------  S U M M A R Y ------------

Command Line: --add-opens=java.base/java.util=ALL-UNNAMED --add-opens=java.base/java.lang=ALL-UNNAMED --add-opens=java.base/java.lang.invoke=ALL-UNNAMED --add-opens=java.base/java.util=ALL-UNNAMED --add-opens=java.prefs/java.util.prefs=ALL-UNNAMED --add-opens=java.prefs/java.util.prefs=ALL-UNNAMED --add-opens=java.base/java.nio.charset=ALL-UNNAMED --add-opens=java.base/java.net=ALL-UNNAMED --add-opens=java.base/java.util.concurrent.atomic=ALL-UNNAMED -Xmx2048m -Dfile.encoding=UTF-8 -Duser.country=RU -Duser.language=ru -Duser.variant org.gradle.launcher.daemon.bootstrap.GradleDaemon 7.4

Host: Intel(R) Core(TM) i5-8400 CPU @ 2.80GHz, 6 cores, 7G,  Windows 10 , 64 bit Build 19041 (10.0.19041.2251)
Time: Sun Nov 27 19:45:50 2022 RTZ 2 (зима) elapsed time: 14.047974 seconds (0d 0h 0m 14s)

---------------  T H R E A D  ---------------

Current thread (0x000001e895a4d000):  JavaThread "C2 CompilerThread1" daemon [_thread_in_native, id=14304, stack(0x00000012b0600000,0x00000012b0700000)]


Current CompileTask:
C2:  14048 14154       4       com.android.tools.r8.internal.B8::a (1251 bytes)

Stack: [0x00000012b0600000,0x00000012b0700000]
Native frames: (J=compiled Java code, j=interpreted, Vv=VM code, C=native code)
V  [jvm.dll+0x6100fa]
V  [jvm.dll+0x747090]
V  [jvm.dll+0x7486ad]
V  [jvm.dll+0x748d83]
V  [jvm.dll+0x24ab48]
V  [jvm.dll+0xc04dc]
V  [jvm.dll+0xc0a0c]
V  [jvm.dll+0x35eb9d]
V  [jvm.dll+0x19d9bc]
V  [jvm.dll+0x2033be]
V  [jvm.dll+0x202437]
V  [jvm.dll+0x188e01]
V  [jvm.dll+0x21106b]
V  [jvm.dll+0x20f8c1]
V  [jvm.dll+0x70de0f]
V  [jvm.dll+0x706a75]
V  [jvm.dll+0x60ed66]
C  [ucrtbase.dll+0x21bb2]
C  [KERNEL32.DLL+0x174b4]
C  [ntdll.dll+0x526a1]


---------------  P R O C E S S  ---------------

Threads class SMR info:
_java_thread_list=0x000001e89e51a090, length=110, elements={
0x000001e8f7a65000, 0x000001e8fea94800, 0x000001e8fea95800, 0x000001e8feab4800,
0x000001e8feab6800, 0x000001e8feaba000, 0x000001e8feabd800, 0x000001e8feac2800,
0x000001e8feac4000, 0x000001e8ff593800, 0x000001e896174800, 0x000001e896a45800,
0x000001e896d50000, 0x000001e896740800, 0x000001e8ff7de800, 0x000001e897eb6800,
0x000001e896f06800, 0x000001e896646000, 0x000001e896d05800, 0x000001e896ae6000,
0x000001e895a4d000, 0x000001e897597800, 0x000001e897598000, 0x000001e897599000,
0x000001e897596800, 0x000001e89759a000, 0x000001e89759a800, 0x000001e897595000,
0x000001e89759b800, 0x000001e897595800, 0x000001e897669000, 0x000001e89766a800,
0x000001e89766d000, 0x000001e89766c000, 0x000001e897669800, 0x000001e897667000,
0x000001e89766d800, 0x000001e897668000, 0x000001e897672800, 0x000001e897674000,
0x000001e897671800, 0x000001e897673800, 0x000001e89766e800, 0x000001e897675000,
0x000001e897670000, 0x000001e897671000, 0x000001e89766f800, 0x000001e897676000,
0x000001e896cac800, 0x000001e896caf000, 0x000001e896cb0000, 0x000001e896cad800,
0x000001e896cb1000, 0x000001e896cae800, 0x000001e896cb1800, 0x000001e896cac000,
0x000001e896cb7800, 0x000001e896cb5000, 0x000001e896cb5800, 0x000001e896cb8000,
0x000001e896cb6800, 0x000001e896cb2800, 0x000001e896cb9000, 0x000001e896cb4000,
0x000001e896cb3000, 0x000001e896cba800, 0x000001e896cba000, 0x000001e899f0d800,
0x000001e899f0c800, 0x000001e899f0c000, 0x000001e899f0e800, 0x000001e899f0f000,
0x000001e899f10000, 0x000001e899f0a800, 0x000001e899f11000, 0x000001e899f0b000,
0x000001e899f11800, 0x000001e899f15000, 0x000001e899f13800, 0x000001e899f18000,
0x000001e899f14000, 0x000001e899f15800, 0x000001e899f16800, 0x000001e899f17800,
0x000001e899f12800, 0x000001e899f19000, 0x000001e899fdf800, 0x000001e899fe0800,
0x000001e899fdc800, 0x000001e899fe3000, 0x000001e899fe2000, 0x000001e899fde000,
0x000001e899fe1800, 0x000001e899fdd800, 0x000001e899fe4000, 0x000001e899fdf000,
0x000001e899fe5800, 0x000001e899fe7000, 0x000001e899fe6800, 0x000001e899fe8000,
0x000001e899fe8800, 0x000001e899fe9800, 0x000001e899fea800, 0x000001e899fe4800,
0x000001e899feb000, 0x000001e89dbd5800, 0x000001e89dbd7000, 0x000001e89dbd8000,
0x000001e89dbd6000, 0x000001e89dbd8800
}

Java Threads: ( => current thread )
  0x000001e8f7a65000 JavaThread "main" [_thread_blocked, id=8392, stack(0x00000012ae000000,0x00000012ae100000)]
  0x000001e8fea94800 JavaThread "Reference Handler" daemon [_thread_blocked, id=11828, stack(0x00000012ae700000,0x00000012ae800000)]
  0x000001e8fea95800 JavaThread "Finalizer" daemon [_thread_blocked, id=6020, stack(0x00000012ae800000,0x00000012ae900000)]
  0x000001e8feab4800 JavaThread "Signal Dispatcher" daemon [_thread_blocked, id=19416, stack(0x00000012ae900000,0x00000012aea00000)]
  0x000001e8feab6800 JavaThread "Attach Listener" daemon [_thread_blocked, id=17648, stack(0x00000012aea00000,0x00000012aeb00000)]
  0x000001e8feaba000 JavaThread "Service Thread" daemon [_thread_blocked, id=14748, stack(0x00000012aeb00000,0x00000012aec00000)]
  0x000001e8feabd800 JavaThread "C2 CompilerThread0" daemon [_thread_in_native, id=19404, stack(0x00000012aec00000,0x00000012aed00000)]
  0x000001e8feac2800 JavaThread "C1 CompilerThread0" daemon [_thread_blocked, id=15552, stack(0x00000012aed00000,0x00000012aee00000)]
  0x000001e8feac4000 JavaThread "Sweeper thread" daemon [_thread_blocked, id=7912, stack(0x00000012aee00000,0x00000012aef00000)]
  0x000001e8ff593800 JavaThread "Common-Cleaner" daemon [_thread_blocked, id=7856, stack(0x00000012aef00000,0x00000012af000000)]
  0x000001e896174800 JavaThread "Daemon health stats" [_thread_blocked, id=6172, stack(0x00000012afa00000,0x00000012afb00000)]
  0x000001e896a45800 JavaThread "Incoming local TCP Connector on port 61244" [_thread_in_native, id=14236, stack(0x00000012afb00000,0x00000012afc00000)]
  0x000001e896d50000 JavaThread "Daemon periodic checks" [_thread_blocked, id=6192, stack(0x00000012afc00000,0x00000012afd00000)]
  0x000001e896740800 JavaThread "Daemon" [_thread_blocked, id=16960, stack(0x00000012afd00000,0x00000012afe00000)]
  0x000001e8ff7de800 JavaThread "Handler for socket connection from /127.0.0.1:61244 to /127.0.0.1:61245" [_thread_in_native, id=7248, stack(0x00000012af700000,0x00000012af800000)]
  0x000001e897eb6800 JavaThread "Cancel handler" [_thread_blocked, id=13636, stack(0x00000012b0100000,0x00000012b0200000)]
  0x000001e896f06800 JavaThread "Daemon worker" [_thread_blocked, id=11340, stack(0x00000012b0200000,0x00000012b0300000)]
  0x000001e896646000 JavaThread "Asynchronous log dispatcher for DefaultDaemonConnection: socket connection from /127.0.0.1:61244 to /127.0.0.1:61245" [_thread_blocked, id=9708, stack(0x00000012b0300000,0x00000012b0400000)]
  0x000001e896d05800 JavaThread "Stdin handler" [_thread_blocked, id=8428, stack(0x00000012b0400000,0x00000012b0500000)]
  0x000001e896ae6000 JavaThread "Daemon client event forwarder" [_thread_blocked, id=7012, stack(0x00000012b0500000,0x00000012b0600000)]
=>0x000001e895a4d000 JavaThread "C2 CompilerThread1" daemon [_thread_in_native, id=14304, stack(0x00000012b0600000,0x00000012b0700000)]
  0x000001e897597800 JavaThread "Cache worker for journal cache (C:\Users\beta2\.gradle\caches\journal-1)" [_thread_blocked, id=6968, stack(0x00000012b0700000,0x00000012b0800000)]
  0x000001e897598000 JavaThread "File lock request listener" [_thread_in_native, id=18724, stack(0x00000012b0800000,0x00000012b0900000)]
  0x000001e897599000 JavaThread "Cache worker for file hash cache (C:\Users\beta2\.gradle\caches\7.4\fileHashes)" [_thread_blocked, id=16956, stack(0x00000012b0900000,0x00000012b0a00000)]
  0x000001e897596800 JavaThread "File watcher server" daemon [_thread_in_native, id=3588, stack(0x00000012b0b00000,0x00000012b0c00000)]
  0x000001e89759a000 JavaThread "File watcher consumer" daemon [_thread_blocked, id=15692, stack(0x00000012b0c00000,0x00000012b0d00000)]
  0x000001e89759a800 JavaThread "Cache worker for checksums cache (C:\Users\beta2\AndroidStudioProjects\app2\.gradle\7.4\checksums)" [_thread_blocked, id=16940, stack(0x00000012b0d00000,0x00000012b0e00000)]
  0x000001e897595000 JavaThread "Cache worker for cache directory md-rule (C:\Users\beta2\.gradle\caches\7.4\md-rule)" [_thread_blocked, id=6744, stack(0x00000012b0e00000,0x00000012b0f00000)]
  0x000001e89759b800 JavaThread "Cache worker for file hash cache (C:\Users\beta2\AndroidStudioProjects\app2\.gradle\7.4\fileHashes)" [_thread_blocked, id=13224, stack(0x00000012b0f00000,0x00000012b1000000)]
  0x000001e897595800 JavaThread "Cache worker for cache directory md-supplier (C:\Users\beta2\.gradle\caches\7.4\md-supplier)" [_thread_blocked, id=5516, stack(0x00000012b1000000,0x00000012b1100000)]
  0x000001e897669000 JavaThread "Cache worker for execution history cache (C:\Users\beta2\.gradle\caches\7.4\executionHistory)" [_thread_blocked, id=11048, stack(0x00000012b1100000,0x00000012b1200000)]
  0x000001e89766a800 JavaThread "jar transforms" [_thread_blocked, id=17696, stack(0x00000012b1200000,0x00000012b1300000)]
  0x000001e89766d000 JavaThread "Cache worker for file content cache (C:\Users\beta2\.gradle\caches\7.4\fileContent)" [_thread_blocked, id=5332, stack(0x00000012b1300000,0x00000012b1400000)]
  0x000001e89766c000 JavaThread "jar transforms Thread 2" [_thread_blocked, id=4536, stack(0x00000012b1400000,0x00000012b1500000)]
  0x000001e897669800 JavaThread "Cache worker for dependencies-accessors (C:\Users\beta2\AndroidStudioProjects\app2\.gradle\7.4\dependencies-accessors)" [_thread_blocked, id=14684, stack(0x00000012b1500000,0x00000012b1600000)]
  0x000001e897667000 JavaThread "jar transforms Thread 3" [_thread_blocked, id=8488, stack(0x00000012b1600000,0x00000012b1700000)]
  0x000001e89766d800 JavaThread "Cache worker for Build Output Cleanup Cache (C:\Users\beta2\AndroidStudioProjects\app2\.gradle\buildOutputCleanup)" [_thread_blocked, id=4196, stack(0x00000012b1700000,0x00000012b1800000)]
  0x000001e897668000 JavaThread "Unconstrained build operations" [_thread_blocked, id=2020, stack(0x00000012b1800000,0x00000012b1900000)]
  0x000001e897672800 JavaThread "Unconstrained build operations Thread 2" [_thread_blocked, id=2028, stack(0x00000012b1900000,0x00000012b1a00000)]
  0x000001e897674000 JavaThread "Unconstrained build operations Thread 3" [_thread_blocked, id=18628, stack(0x00000012b1a00000,0x00000012b1b00000)]
  0x000001e897671800 JavaThread "Unconstrained build operations Thread 4" [_thread_blocked, id=18740, stack(0x00000012b1b00000,0x00000012b1c00000)]
  0x000001e897673800 JavaThread "Unconstrained build operations Thread 5" [_thread_blocked, id=15892, stack(0x00000012b1c00000,0x00000012b1d00000)]
  0x000001e89766e800 JavaThread "Unconstrained build operations Thread 6" [_thread_blocked, id=8272, stack(0x00000012b1d00000,0x00000012b1e00000)]
  0x000001e897675000 JavaThread "Unconstrained build operations Thread 7" [_thread_blocked, id=6440, stack(0x00000012b1e00000,0x00000012b1f00000)]
  0x000001e897670000 JavaThread "Unconstrained build operations Thread 8" [_thread_blocked, id=8264, stack(0x00000012b1f00000,0x00000012b2000000)]
  0x000001e897671000 JavaThread "Unconstrained build operations Thread 9" [_thread_blocked, id=14580, stack(0x00000012b2000000,0x00000012b2100000)]
  0x000001e89766f800 JavaThread "Unconstrained build operations Thread 10" [_thread_blocked, id=11932, stack(0x00000012b2100000,0x00000012b2200000)]
  0x000001e897676000 JavaThread "Unconstrained build operations Thread 11" [_thread_blocked, id=11488, stack(0x00000012b2200000,0x00000012b2300000)]
  0x000001e896cac800 JavaThread "Unconstrained build operations Thread 12" [_thread_blocked, id=18436, stack(0x00000012b2300000,0x00000012b2400000)]
  0x000001e896caf000 JavaThread "Unconstrained build operations Thread 13" [_thread_blocked, id=6600, stack(0x00000012b2400000,0x00000012b2500000)]
  0x000001e896cb0000 JavaThread "Unconstrained build operations Thread 14" [_thread_blocked, id=13440, stack(0x00000012b2500000,0x00000012b2600000)]
  0x000001e896cad800 JavaThread "Unconstrained build operations Thread 15" [_thread_blocked, id=12968, stack(0x00000012b2600000,0x00000012b2700000)]
  0x000001e896cb1000 JavaThread "Unconstrained build operations Thread 16" [_thread_blocked, id=11052, stack(0x00000012b2700000,0x00000012b2800000)]
  0x000001e896cae800 JavaThread "Unconstrained build operations Thread 17" [_thread_blocked, id=6820, stack(0x00000012b2800000,0x00000012b2900000)]
  0x000001e896cb1800 JavaThread "Unconstrained build operations Thread 18" [_thread_blocked, id=16780, stack(0x00000012b2900000,0x00000012b2a00000)]
  0x000001e896cac000 JavaThread "Unconstrained build operations Thread 19" [_thread_blocked, id=6128, stack(0x00000012b2a00000,0x00000012b2b00000)]
  0x000001e896cb7800 JavaThread "Unconstrained build operations Thread 20" [_thread_blocked, id=7748, stack(0x00000012b2b00000,0x00000012b2c00000)]
  0x000001e896cb5000 JavaThread "Unconstrained build operations Thread 21" [_thread_blocked, id=6316, stack(0x00000012b2c00000,0x00000012b2d00000)]
  0x000001e896cb5800 JavaThread "Unconstrained build operations Thread 22" [_thread_blocked, id=19064, stack(0x00000012b2d00000,0x00000012b2e00000)]
  0x000001e896cb8000 JavaThread "Unconstrained build operations Thread 23" [_thread_blocked, id=8816, stack(0x00000012b2e00000,0x00000012b2f00000)]
  0x000001e896cb6800 JavaThread "Unconstrained build operations Thread 24" [_thread_blocked, id=7384, stack(0x00000012b2f00000,0x00000012b3000000)]
  0x000001e896cb2800 JavaThread "Unconstrained build operations Thread 25" [_thread_blocked, id=14732, stack(0x00000012b3000000,0x00000012b3100000)]
  0x000001e896cb9000 JavaThread "Unconstrained build operations Thread 26" [_thread_blocked, id=14968, stack(0x00000012b3100000,0x00000012b3200000)]
  0x000001e896cb4000 JavaThread "Unconstrained build operations Thread 27" [_thread_blocked, id=13040, stack(0x00000012b3200000,0x00000012b3300000)]
  0x000001e896cb3000 JavaThread "Unconstrained build operations Thread 28" [_thread_blocked, id=2804, stack(0x00000012b3300000,0x00000012b3400000)]
  0x000001e896cba800 JavaThread "Unconstrained build operations Thread 29" [_thread_blocked, id=19060, stack(0x00000012b3400000,0x00000012b3500000)]
  0x000001e896cba000 JavaThread "Unconstrained build operations Thread 30" [_thread_blocked, id=10872, stack(0x00000012b3500000,0x00000012b3600000)]
  0x000001e899f0d800 JavaThread "Unconstrained build operations Thread 31" [_thread_blocked, id=11628, stack(0x00000012b3600000,0x00000012b3700000)]
  0x000001e899f0c800 JavaThread "Unconstrained build operations Thread 32" [_thread_blocked, id=12596, stack(0x00000012b3700000,0x00000012b3800000)]
  0x000001e899f0c000 JavaThread "Unconstrained build operations Thread 33" [_thread_blocked, id=9516, stack(0x00000012b3800000,0x00000012b3900000)]
  0x000001e899f0e800 JavaThread "Unconstrained build operations Thread 34" [_thread_blocked, id=10384, stack(0x00000012b3900000,0x00000012b3a00000)]
  0x000001e899f0f000 JavaThread "Unconstrained build operations Thread 35" [_thread_blocked, id=17916, stack(0x00000012b3a00000,0x00000012b3b00000)]
  0x000001e899f10000 JavaThread "Unconstrained build operations Thread 36" [_thread_blocked, id=11852, stack(0x00000012b3b00000,0x00000012b3c00000)]
  0x000001e899f0a800 JavaThread "Unconstrained build operations Thread 37" [_thread_blocked, id=15820, stack(0x00000012b3c00000,0x00000012b3d00000)]
  0x000001e899f11000 JavaThread "Unconstrained build operations Thread 38" [_thread_blocked, id=13544, stack(0x00000012b3d00000,0x00000012b3e00000)]
  0x000001e899f0b000 JavaThread "Unconstrained build operations Thread 39" [_thread_blocked, id=6772, stack(0x00000012b3e00000,0x00000012b3f00000)]
  0x000001e899f11800 JavaThread "Unconstrained build operations Thread 40" [_thread_blocked, id=11920, stack(0x00000012b3f00000,0x00000012b4000000)]
  0x000001e899f15000 JavaThread "Unconstrained build operations Thread 41" [_thread_blocked, id=16624, stack(0x00000012b4000000,0x00000012b4100000)]
  0x000001e899f13800 JavaThread "Unconstrained build operations Thread 42" [_thread_blocked, id=8396, stack(0x00000012b4100000,0x00000012b4200000)]
  0x000001e899f18000 JavaThread "Unconstrained build operations Thread 43" [_thread_blocked, id=18852, stack(0x00000012b4200000,0x00000012b4300000)]
  0x000001e899f14000 JavaThread "Unconstrained build operations Thread 44" [_thread_blocked, id=16896, stack(0x00000012b4300000,0x00000012b4400000)]
  0x000001e899f15800 JavaThread "Unconstrained build operations Thread 45" [_thread_blocked, id=19020, stack(0x00000012b4400000,0x00000012b4500000)]
  0x000001e899f16800 JavaThread "Unconstrained build operations Thread 46" [_thread_blocked, id=13644, stack(0x00000012b4500000,0x00000012b4600000)]
  0x000001e899f17800 JavaThread "Unconstrained build operations Thread 47" [_thread_blocked, id=18164, stack(0x00000012b4600000,0x00000012b4700000)]
  0x000001e899f12800 JavaThread "Unconstrained build operations Thread 48" [_thread_blocked, id=17904, stack(0x00000012b4700000,0x00000012b4800000)]
  0x000001e899f19000 JavaThread "Unconstrained build operations Thread 49" [_thread_blocked, id=17272, stack(0x00000012b4800000,0x00000012b4900000)]
  0x000001e899fdf800 JavaThread "Unconstrained build operations Thread 50" [_thread_blocked, id=12192, stack(0x00000012b4900000,0x00000012b4a00000)]
  0x000001e899fe0800 JavaThread "Unconstrained build operations Thread 51" [_thread_blocked, id=15380, stack(0x00000012b4a00000,0x00000012b4b00000)]
  0x000001e899fdc800 JavaThread "Unconstrained build operations Thread 52" [_thread_blocked, id=13608, stack(0x00000012b4b00000,0x00000012b4c00000)]
  0x000001e899fe3000 JavaThread "Unconstrained build operations Thread 53" [_thread_blocked, id=15056, stack(0x00000012b4c00000,0x00000012b4d00000)]
  0x000001e899fe2000 JavaThread "Unconstrained build operations Thread 54" [_thread_blocked, id=9700, stack(0x00000012b4d00000,0x00000012b4e00000)]
  0x000001e899fde000 JavaThread "Unconstrained build operations Thread 55" [_thread_blocked, id=13804, stack(0x00000012b4e00000,0x00000012b4f00000)]
  0x000001e899fe1800 JavaThread "Unconstrained build operations Thread 56" [_thread_blocked, id=13124, stack(0x00000012b4f00000,0x00000012b5000000)]
  0x000001e899fdd800 JavaThread "Unconstrained build operations Thread 57" [_thread_blocked, id=17828, stack(0x00000012b5000000,0x00000012b5100000)]
  0x000001e899fe4000 JavaThread "Unconstrained build operations Thread 58" [_thread_blocked, id=1996, stack(0x00000012b5100000,0x00000012b5200000)]
  0x000001e899fdf000 JavaThread "Unconstrained build operations Thread 59" [_thread_blocked, id=6288, stack(0x00000012b5200000,0x00000012b5300000)]
  0x000001e899fe5800 JavaThread "Unconstrained build operations Thread 60" [_thread_blocked, id=19372, stack(0x00000012b5300000,0x00000012b5400000)]
  0x000001e899fe7000 JavaThread "jar transforms Thread 4" [_thread_blocked, id=12404, stack(0x00000012b5400000,0x00000012b5500000)]
  0x000001e899fe6800 JavaThread "jar transforms Thread 5" [_thread_blocked, id=3820, stack(0x00000012b5500000,0x00000012b5600000)]
  0x000001e899fe8000 JavaThread "jar transforms Thread 6" [_thread_blocked, id=10500, stack(0x00000012b5600000,0x00000012b5700000)]
  0x000001e899fe8800 JavaThread "Memory manager" [_thread_blocked, id=13548, stack(0x00000012b5700000,0x00000012b5800000)]
  0x000001e899fe9800 JavaThread "build event listener" [_thread_blocked, id=14632, stack(0x00000012b5800000,0x00000012b5900000)]
  0x000001e899fea800 JavaThread "included builds" [_thread_blocked, id=12424, stack(0x00000012b5900000,0x00000012b5a00000)]
  0x000001e899fe4800 JavaThread "Execution worker for ':'" [_thread_blocked, id=9968, stack(0x00000012b5a00000,0x00000012b5b00000)]
  0x000001e899feb000 JavaThread "Execution worker for ':' Thread 2" [_thread_blocked, id=8232, stack(0x00000012b5b00000,0x00000012b5c00000)]
  0x000001e89dbd5800 JavaThread "Execution worker for ':' Thread 3" [_thread_blocked, id=17600, stack(0x00000012b5c00000,0x00000012b5d00000)]
  0x000001e89dbd7000 JavaThread "Execution worker for ':' Thread 4" [_thread_blocked, id=7328, stack(0x00000012b5d00000,0x00000012b5e00000)]
  0x000001e89dbd8000 JavaThread "Execution worker for ':' Thread 5" [_thread_blocked, id=9224, stack(0x00000012b5e00000,0x00000012b5f00000)]
  0x000001e89dbd6000 JavaThread "Cache worker for execution history cache (C:\Users\beta2\AndroidStudioProjects\app2\.gradle\7.4\executionHistory)" [_thread_blocked, id=13432, stack(0x00000012b5f00000,0x00000012b6000000)]
  0x000001e89dbd8800 JavaThread "WorkerExecutor Queue" [_thread_blocked, id=7364, stack(0x00000012b6000000,0x00000012b6100000)]

Other Threads:
  0x000001e8fea90000 VMThread "VM Thread" [stack: 0x00000012ae600000,0x00000012ae700000] [id=1576]
  0x000001e8ff5ad000 WatcherThread [stack: 0x00000012af000000,0x00000012af100000] [id=18332]
  0x000001e8f7a7e800 GCTaskThread "GC Thread#0" [stack: 0x00000012ae100000,0x00000012ae200000] [id=13772]
  0x000001e89585b800 GCTaskThread "GC Thread#1" [stack: 0x00000012af800000,0x00000012af900000] [id=19292]
  0x000001e89585d800 GCTaskThread "GC Thread#2" [stack: 0x00000012af900000,0x00000012afa00000] [id=17232]
  0x000001e89585e800 GCTaskThread "GC Thread#3" [stack: 0x00000012afe00000,0x00000012aff00000] [id=14332]
  0x000001e895859800 GCTaskThread "GC Thread#4" [stack: 0x00000012aff00000,0x00000012b0000000] [id=11716]
  0x000001e89585f000 GCTaskThread "GC Thread#5" [stack: 0x00000012b0000000,0x00000012b0100000] [id=12120]
  0x000001e8f7ab0000 ConcurrentGCThread "G1 Main Marker" [stack: 0x00000012ae200000,0x00000012ae300000] [id=2296]
  0x000001e8f7ab2800 ConcurrentGCThread "G1 Conc#0" [stack: 0x00000012ae300000,0x00000012ae400000] [id=6468]
  0x000001e895860800 ConcurrentGCThread "G1 Conc#1" [stack: 0x00000012b0a00000,0x00000012b0b00000] [id=13036]
  0x000001e8f7b3d800 ConcurrentGCThread "G1 Refine#0" [stack: 0x00000012ae400000,0x00000012ae500000] [id=13260]
  0x000001e8fe8e0800 ConcurrentGCThread "G1 Young RemSet Sampling" [stack: 0x00000012ae500000,0x00000012ae600000] [id=12180]

Threads with active compile tasks:
C2 CompilerThread0  15021 14024 %     4       com.android.tools.r8.ir.regalloc.b::c @ 1542 (4031 bytes)
C2 CompilerThread1  15021 14154       4       com.android.tools.r8.internal.B8::a (1251 bytes)

VM state:at safepoint (normal execution)

VM Mutex/Monitor currently owned by a thread:  ([mutex/lock_event])
[0x000001e8f7a61010] Threads_lock - owner thread: 0x000001e8fea90000
[0x000001e8f7a62600] Heap_lock - owner thread: 0x000001e896cac800

Heap address: 0x0000000080000000, size: 2048 MB, Compressed Oops mode: 32-bit
Narrow klass base: 0x0000000000000000, Narrow klass shift: 3
Compressed class space size: 1073741824 Address: 0x0000000100000000

Heap:
 garbage-first heap   total 395264K, used 173090K [0x0000000080000000, 0x0000000100000000)
  region size 1024K, 5 young (5120K), 5 survivors (5120K)
 Metaspace       used 101697K, capacity 104189K, committed 104528K, reserved 1140736K
  class space    used 13061K, capacity 14011K, committed 14208K, reserved 1048576K
Heap Regions: E=young(eden), S=young(survivor), O=old, HS=humongous(starts), HC=humongous(continues), CS=collection set, F=free, A=archive, TAMS=top-at-mark-start (previous, next)
|   0|0x0000000080000000, 0x0000000080100000, 0x0000000080100000|100%| O|  |TAMS 0x0000000080100000, 0x0000000080000000| Untracked 
|   1|0x0000000080100000, 0x0000000080200000, 0x0000000080200000|100%| O|  |TAMS 0x0000000080200000, 0x0000000080100000| Untracked 
|   2|0x0000000080200000, 0x0000000080300000, 0x0000000080300000|100%| O|  |TAMS 0x0000000080300000, 0x0000000080200000| Untracked 
|   3|0x0000000080300000, 0x0000000080400000, 0x0000000080400000|100%|HS|  |TAMS 0x0000000080400000, 0x0000000080300000| Complete 
|   4|0x0000000080400000, 0x0000000080500000, 0x0000000080500000|100%|HC|  |TAMS 0x0000000080500000, 0x0000000080400000| Complete 
|   5|0x0000000080500000, 0x0000000080600000, 0x0000000080600000|100%|HC|  |TAMS 0x0000000080600000, 0x0000000080500000| Complete 
|   6|0x0000000080600000, 0x0000000080700000, 0x0000000080700000|100%| O|  |TAMS 0x0000000080700000, 0x0000000080600000| Untracked 
|   7|0x0000000080700000, 0x0000000080800000, 0x0000000080800000|100%| O|  |TAMS 0x0000000080800000, 0x0000000080700000| Untracked 
|   8|0x0000000080800000, 0x0000000080900000, 0x0000000080900000|100%| O|  |TAMS 0x0000000080900000, 0x0000000080800000| Untracked 
|   9|0x0000000080900000, 0x0000000080a00000, 0x0000000080a00000|100%| O|  |TAMS 0x0000000080a00000, 0x0000000080900000| Untracked 
|  10|0x0000000080a00000, 0x0000000080b00000, 0x0000000080b00000|100%| O|  |TAMS 0x0000000080b00000, 0x0000000080a00000| Untracked 
|  11|0x0000000080b00000, 0x0000000080c00000, 0x0000000080c00000|100%| O|  |TAMS 0x0000000080c00000, 0x0000000080b00000| Untracked 
|  12|0x0000000080c00000, 0x0000000080d00000, 0x0000000080d00000|100%| O|  |TAMS 0x0000000080d00000, 0x0000000080c00000| Complete 
|  13|0x0000000080d00000, 0x0000000080e00000, 0x0000000080e00000|100%| O|  |TAMS 0x0000000080e00000, 0x0000000080d00000| Untracked 
|  14|0x0000000080e00000, 0x0000000080f00000, 0x0000000080f00000|100%| O|  |TAMS 0x0000000080f00000, 0x0000000080e00000| Untracked 
|  15|0x0000000080f00000, 0x0000000081000000, 0x0000000081000000|100%| O|  |TAMS 0x0000000081000000, 0x0000000080f00000| Untracked 
|  16|0x0000000081000000, 0x0000000081100000, 0x0000000081100000|100%|HS|  |TAMS 0x0000000081100000, 0x0000000081000000| Complete 
|  17|0x0000000081100000, 0x0000000081200000, 0x0000000081200000|100%| O|  |TAMS 0x0000000081200000, 0x0000000081100000| Untracked 
|  18|0x0000000081200000, 0x0000000081300000, 0x0000000081300000|100%| O|  |TAMS 0x0000000081300000, 0x0000000081200000| Untracked 
|  19|0x0000000081300000, 0x0000000081400000, 0x0000000081400000|100%| O|  |TAMS 0x0000000081400000, 0x0000000081300000| Untracked 
|  20|0x0000000081400000, 0x0000000081500000, 0x0000000081500000|100%| O|  |TAMS 0x0000000081500000, 0x0000000081400000| Untracked 
|  21|0x0000000081500000, 0x0000000081600000, 0x0000000081600000|100%| O|  |TAMS 0x0000000081600000, 0x0000000081500000| Untracked 
|  22|0x0000000081600000, 0x0000000081700000, 0x0000000081700000|100%| O|  |TAMS 0x0000000081700000, 0x0000000081600000| Complete 
|  23|0x0000000081700000, 0x0000000081800000, 0x0000000081800000|100%|HS|  |TAMS 0x0000000081800000, 0x0000000081700000| Complete 
|  24|0x0000000081800000, 0x0000000081900000, 0x0000000081900000|100%| O|  |TAMS 0x0000000081900000, 0x0000000081800000| Untracked 
|  25|0x0000000081900000, 0x0000000081a00000, 0x0000000081a00000|100%|HS|  |TAMS 0x0000000081a00000, 0x0000000081900000| Complete 
|  26|0x0000000081a00000, 0x0000000081b00000, 0x0000000081b00000|100%|HC|  |TAMS 0x0000000081b00000, 0x0000000081a00000| Complete 
|  27|0x0000000081b00000, 0x0000000081c00000, 0x0000000081c00000|100%| O|  |TAMS 0x0000000081c00000, 0x0000000081b00000| Untracked 
|  28|0x0000000081c00000, 0x0000000081d00000, 0x0000000081d00000|100%| O|  |TAMS 0x0000000081d00000, 0x0000000081c00000| Untracked 
|  29|0x0000000081d00000, 0x0000000081e00000, 0x0000000081e00000|100%| O|  |TAMS 0x0000000081e00000, 0x0000000081d00000| Untracked 
|  30|0x0000000081e00000, 0x0000000081f00000, 0x0000000081f00000|100%| O|  |TAMS 0x0000000081f00000, 0x0000000081e00000| Untracked 
|  31|0x0000000081f00000, 0x0000000082000000, 0x0000000082000000|100%| O|  |TAMS 0x0000000082000000, 0x0000000081f00000| Complete 
|  32|0x0000000082000000, 0x0000000082100000, 0x0000000082100000|100%| O|  |TAMS 0x0000000082100000, 0x0000000082000000| Untracked 
|  33|0x0000000082100000, 0x0000000082200000, 0x0000000082200000|100%| O|  |TAMS 0x0000000082200000, 0x0000000082100000| Untracked 
|  34|0x0000000082200000, 0x0000000082300000, 0x0000000082300000|100%| O|  |TAMS 0x0000000082300000, 0x0000000082200000| Untracked 
|  35|0x0000000082300000, 0x0000000082400000, 0x0000000082400000|100%| O|  |TAMS 0x0000000082400000, 0x0000000082300000| Untracked 
|  36|0x0000000082400000, 0x0000000082500000, 0x0000000082500000|100%| O|  |TAMS 0x0000000082500000, 0x0000000082400000| Untracked 
|  37|0x0000000082500000, 0x0000000082600000, 0x0000000082600000|100%| O|  |TAMS 0x0000000082600000, 0x0000000082500000| Untracked 
|  38|0x0000000082600000, 0x0000000082700000, 0x0000000082700000|100%| O|  |TAMS 0x0000000082700000, 0x0000000082600000| Untracked 
|  39|0x0000000082700000, 0x0000000082800000, 0x0000000082800000|100%| O|  |TAMS 0x0000000082800000, 0x0000000082700000| Untracked 
|  40|0x0000000082800000, 0x0000000082900000, 0x0000000082900000|100%| O|  |TAMS 0x0000000082900000, 0x0000000082800000| Complete 
|  41|0x0000000082900000, 0x0000000082a00000, 0x0000000082a00000|100%| O|  |TAMS 0x0000000082a00000, 0x0000000082900000| Untracked 
|  42|0x0000000082a00000, 0x0000000082b00000, 0x0000000082b00000|100%| O|  |TAMS 0x0000000082b00000, 0x0000000082a00000| Untracked 
|  43|0x0000000082b00000, 0x0000000082c00000, 0x0000000082c00000|100%| O|  |TAMS 0x0000000082c00000, 0x0000000082b00000| Untracked 
|  44|0x0000000082c00000, 0x0000000082d00000, 0x0000000082d00000|100%| O|  |TAMS 0x0000000082d00000, 0x0000000082c00000| Untracked 
|  45|0x0000000082d00000, 0x0000000082e00000, 0x0000000082e00000|100%| O|  |TAMS 0x0000000082e00000, 0x0000000082d00000| Untracked 
|  46|0x0000000082e00000, 0x0000000082f00000, 0x0000000082f00000|100%| O|  |TAMS 0x0000000082f00000, 0x0000000082e00000| Untracked 
|  47|0x0000000082f00000, 0x0000000083000000, 0x0000000083000000|100%| O|  |TAMS 0x0000000083000000, 0x0000000082f00000| Untracked 
|  48|0x0000000083000000, 0x0000000083100000, 0x0000000083100000|100%| O|  |TAMS 0x0000000083100000, 0x0000000083000000| Untracked 
|  49|0x0000000083100000, 0x0000000083200000, 0x0000000083200000|100%| O|  |TAMS 0x0000000083200000, 0x0000000083100000| Untracked 
|  50|0x0000000083200000, 0x0000000083300000, 0x0000000083300000|100%| O|  |TAMS 0x0000000083300000, 0x0000000083200000| Untracked 
|  51|0x0000000083300000, 0x0000000083400000, 0x0000000083400000|100%| O|  |TAMS 0x0000000083400000, 0x0000000083300000| Untracked 
|  52|0x0000000083400000, 0x0000000083500000, 0x0000000083500000|100%| O|  |TAMS 0x0000000083500000, 0x0000000083400000| Untracked 
|  53|0x0000000083500000, 0x0000000083600000, 0x0000000083600000|100%| O|  |TAMS 0x0000000083600000, 0x0000000083500000| Untracked 
|  54|0x0000000083600000, 0x0000000083700000, 0x0000000083700000|100%| O|  |TAMS 0x0000000083700000, 0x0000000083600000| Untracked 
|  55|0x0000000083700000, 0x0000000083800000, 0x0000000083800000|100%| O|  |TAMS 0x0000000083800000, 0x0000000083700000| Untracked 
|  56|0x0000000083800000, 0x0000000083900000, 0x0000000083900000|100%| O|  |TAMS 0x0000000083900000, 0x0000000083800000| Untracked 
|  57|0x0000000083900000, 0x0000000083a00000, 0x0000000083a00000|100%| O|  |TAMS 0x0000000083a00000, 0x0000000083900000| Untracked 
|  58|0x0000000083a00000, 0x0000000083b00000, 0x0000000083b00000|100%| O|  |TAMS 0x0000000083b00000, 0x0000000083a00000| Untracked 
|  59|0x0000000083b00000, 0x0000000083c00000, 0x0000000083c00000|100%| O|  |TAMS 0x0000000083c00000, 0x0000000083b00000| Untracked 
|  60|0x0000000083c00000, 0x0000000083d00000, 0x0000000083d00000|100%| O|  |TAMS 0x0000000083d00000, 0x0000000083c00000| Untracked 
|  61|0x0000000083d00000, 0x0000000083e00000, 0x0000000083e00000|100%| O|  |TAMS 0x0000000083e00000, 0x0000000083d00000| Untracked 
|  62|0x0000000083e00000, 0x0000000083f00000, 0x0000000083f00000|100%| O|  |TAMS 0x0000000083f00000, 0x0000000083e00000| Untracked 
|  63|0x0000000083f00000, 0x0000000084000000, 0x0000000084000000|100%| O|  |TAMS 0x0000000084000000, 0x0000000083f00000| Untracked 
|  64|0x0000000084000000, 0x0000000084100000, 0x0000000084100000|100%| O|  |TAMS 0x0000000084100000, 0x0000000084000000| Complete 
|  65|0x0000000084100000, 0x0000000084200000, 0x0000000084200000|100%| O|  |TAMS 0x0000000084200000, 0x0000000084100000| Untracked 
|  66|0x0000000084200000, 0x0000000084300000, 0x0000000084300000|100%| O|  |TAMS 0x0000000084300000, 0x0000000084200000| Complete 
|  67|0x0000000084300000, 0x0000000084400000, 0x0000000084400000|100%| O|  |TAMS 0x0000000084400000, 0x0000000084300000| Complete 
|  68|0x0000000084400000, 0x0000000084500000, 0x0000000084500000|100%| O|  |TAMS 0x0000000084500000, 0x0000000084400000| Untracked 
|  69|0x0000000084500000, 0x0000000084600000, 0x0000000084600000|100%| O|  |TAMS 0x0000000084600000, 0x0000000084500000| Untracked 
|  70|0x0000000084600000, 0x0000000084700000, 0x0000000084700000|100%| O|  |TAMS 0x0000000084700000, 0x0000000084600000| Untracked 
|  71|0x0000000084700000, 0x0000000084800000, 0x0000000084800000|100%| O|  |TAMS 0x0000000084800000, 0x0000000084700000| Untracked 
|  72|0x0000000084800000, 0x0000000084900000, 0x0000000084900000|100%| O|  |TAMS 0x0000000084900000, 0x0000000084800000| Untracked 
|  73|0x0000000084900000, 0x0000000084a00000, 0x0000000084a00000|100%| O|  |TAMS 0x0000000084a00000, 0x0000000084900000| Untracked 
|  74|0x0000000084a00000, 0x0000000084b00000, 0x0000000084b00000|100%| O|  |TAMS 0x0000000084b00000, 0x0000000084a00000| Untracked 
|  75|0x0000000084b00000, 0x0000000084c00000, 0x0000000084c00000|100%| O|  |TAMS 0x0000000084c00000, 0x0000000084b00000| Untracked 
|  76|0x0000000084c00000, 0x0000000084d00000, 0x0000000084d00000|100%| O|  |TAMS 0x0000000084d00000, 0x0000000084c00000| Untracked 
|  77|0x0000000084d00000, 0x0000000084e00000, 0x0000000084e00000|100%| O|  |TAMS 0x0000000084e00000, 0x0000000084d00000| Untracked 
|  78|0x0000000084e00000, 0x0000000084f00000, 0x0000000084f00000|100%| O|  |TAMS 0x0000000084f00000, 0x0000000084e00000| Complete 
|  79|0x0000000084f00000, 0x0000000085000000, 0x0000000085000000|100%| O|  |TAMS 0x0000000085000000, 0x0000000084f00000| Complete 
|  80|0x0000000085000000, 0x0000000085100000, 0x0000000085100000|100%| O|  |TAMS 0x0000000085100000, 0x0000000085000000| Untracked 
|  81|0x0000000085100000, 0x0000000085200000, 0x0000000085200000|100%| O|  |TAMS 0x0000000085200000, 0x0000000085100000| Untracked 
|  82|0x0000000085200000, 0x0000000085300000, 0x0000000085300000|100%| O|  |TAMS 0x0000000085300000, 0x0000000085200000| Complete 
|  83|0x0000000085300000, 0x0000000085400000, 0x0000000085400000|100%| O|  |TAMS 0x0000000085400000, 0x0000000085300000| Untracked 
|  84|0x0000000085400000, 0x0000000085500000, 0x0000000085500000|100%| O|  |TAMS 0x0000000085500000, 0x0000000085400000| Untracked 
|  85|0x0000000085500000, 0x0000000085600000, 0x0000000085600000|100%| O|  |TAMS 0x0000000085600000, 0x0000000085500000| Untracked 
|  86|0x0000000085600000, 0x0000000085700000, 0x0000000085700000|100%| O|  |TAMS 0x0000000085700000, 0x0000000085600000| Untracked 
|  87|0x0000000085700000, 0x0000000085800000, 0x0000000085800000|100%| O|  |TAMS 0x0000000085800000, 0x0000000085700000| Complete 
|  88|0x0000000085800000, 0x0000000085900000, 0x0000000085900000|100%| O|  |TAMS 0x0000000085900000, 0x0000000085800000| Complete 
|  89|0x0000000085900000, 0x0000000085a00000, 0x0000000085a00000|100%| O|  |TAMS 0x0000000085a00000, 0x0000000085900000| Complete 
|  90|0x0000000085a00000, 0x0000000085b00000, 0x0000000085b00000|100%| O|  |TAMS 0x0000000085b00000, 0x0000000085a00000| Complete 
|  91|0x0000000085b00000, 0x0000000085c00000, 0x0000000085c00000|100%| O|  |TAMS 0x0000000085c00000, 0x0000000085b00000| Complete 
|  92|0x0000000085c00000, 0x0000000085d00000, 0x0000000085d00000|100%| O|  |TAMS 0x0000000085d00000, 0x0000000085c00000| Complete 
|  93|0x0000000085d00000, 0x0000000085e00000, 0x0000000085e00000|100%| O|  |TAMS 0x0000000085e00000, 0x0000000085d00000| Complete 
|  94|0x0000000085e00000, 0x0000000085f00000, 0x0000000085f00000|100%| O|  |TAMS 0x0000000085f00000, 0x0000000085e00000| Untracked 
|  95|0x0000000085f00000, 0x0000000086000000, 0x0000000086000000|100%| O|  |TAMS 0x0000000086000000, 0x0000000085f00000| Untracked 
|  96|0x0000000086000000, 0x0000000086100000, 0x0000000086100000|100%| O|  |TAMS 0x0000000086100000, 0x0000000086000000| Complete 
|  97|0x0000000086100000, 0x0000000086200000, 0x0000000086200000|100%| O|  |TAMS 0x0000000086200000, 0x0000000086100000| Complete 
|  98|0x0000000086200000, 0x0000000086300000, 0x0000000086300000|100%| O|  |TAMS 0x0000000086300000, 0x0000000086200000| Complete 
|  99|0x0000000086300000, 0x0000000086400000, 0x0000000086400000|100%| O|  |TAMS 0x0000000086400000, 0x0000000086300000| Untracked 
| 100|0x0000000086400000, 0x0000000086500000, 0x0000000086500000|100%| O|  |TAMS 0x0000000086500000, 0x0000000086400000| Untracked 
| 101|0x0000000086500000, 0x0000000086600000, 0x0000000086600000|100%| O|  |TAMS 0x0000000086600000, 0x0000000086500000| Untracked 
| 102|0x0000000086600000, 0x0000000086700000, 0x0000000086700000|100%| O|  |TAMS 0x0000000086700000, 0x0000000086600000| Complete 
| 103|0x0000000086700000, 0x0000000086800000, 0x0000000086800000|100%| O|  |TAMS 0x0000000086800000, 0x0000000086700000| Complete 
| 104|0x0000000086800000, 0x0000000086900000, 0x0000000086900000|100%| O|  |TAMS 0x0000000086900000, 0x0000000086800000| Complete 
| 105|0x0000000086900000, 0x0000000086a00000, 0x0000000086a00000|100%| O|  |TAMS 0x0000000086a00000, 0x0000000086900000| Complete 
| 106|0x0000000086a00000, 0x0000000086b00000, 0x0000000086b00000|100%| O|  |TAMS 0x0000000086b00000, 0x0000000086a00000| Complete 
| 107|0x0000000086b00000, 0x0000000086c00000, 0x0000000086c00000|100%| O|  |TAMS 0x0000000086c00000, 0x0000000086b00000| Untracked 
| 108|0x0000000086c00000, 0x0000000086d00000, 0x0000000086d00000|100%| O|  |TAMS 0x0000000086d00000, 0x0000000086c00000| Untracked 
| 109|0x0000000086d00000, 0x0000000086e00000, 0x0000000086e00000|100%| O|  |TAMS 0x0000000086e00000, 0x0000000086d00000| Untracked 
| 110|0x0000000086e00000, 0x0000000086f00000, 0x0000000086f00000|100%| O|  |TAMS 0x0000000086f00000, 0x0000000086e00000| Complete 
| 111|0x0000000086f00000, 0x0000000087000000, 0x0000000087000000|100%| O|  |TAMS 0x0000000087000000, 0x0000000086f00000| Complete 
| 112|0x0000000087000000, 0x0000000087100000, 0x0000000087100000|100%| O|  |TAMS 0x0000000087100000, 0x0000000087000000| Complete 
| 113|0x0000000087100000, 0x0000000087200000, 0x0000000087200000|100%| O|  |TAMS 0x0000000087200000, 0x0000000087100000| Complete 
| 114|0x0000000087200000, 0x0000000087300000, 0x0000000087300000|100%| O|  |TAMS 0x0000000087300000, 0x0000000087200000| Untracked 
| 115|0x0000000087300000, 0x0000000087400000, 0x0000000087400000|100%| O|  |TAMS 0x0000000087400000, 0x0000000087300000| Untracked 
| 116|0x0000000087400000, 0x0000000087500000, 0x0000000087500000|100%| O|  |TAMS 0x0000000087500000, 0x0000000087400000| Complete 
| 117|0x0000000087500000, 0x0000000087600000, 0x0000000087600000|100%| O|  |TAMS 0x0000000087600000, 0x0000000087500000| Complete 
| 118|0x0000000087600000, 0x0000000087700000, 0x0000000087700000|100%| O|  |TAMS 0x0000000087700000, 0x0000000087600000| Complete 
| 119|0x0000000087700000, 0x0000000087800000, 0x0000000087800000|100%| O|  |TAMS 0x0000000087800000, 0x0000000087700000| Complete 
| 120|0x0000000087800000, 0x0000000087900000, 0x0000000087900000|100%| O|  |TAMS 0x0000000087900000, 0x0000000087800000| Complete 
| 121|0x0000000087900000, 0x0000000087a00000, 0x0000000087a00000|100%| O|  |TAMS 0x0000000087a00000, 0x0000000087900000| Untracked 
| 122|0x0000000087a00000, 0x0000000087b00000, 0x0000000087b00000|100%| O|  |TAMS 0x0000000087b00000, 0x0000000087a00000| Complete 
| 123|0x0000000087b00000, 0x0000000087c00000, 0x0000000087c00000|100%| O|  |TAMS 0x0000000087c00000, 0x0000000087b00000| Complete 
| 124|0x0000000087c00000, 0x0000000087d00000, 0x0000000087d00000|100%| O|  |TAMS 0x0000000087d00000, 0x0000000087c00000| Complete 
| 125|0x0000000087d00000, 0x0000000087e00000, 0x0000000087e00000|100%| O|  |TAMS 0x0000000087e00000, 0x0000000087d00000| Complete 
| 126|0x0000000087e00000, 0x0000000087f00000, 0x0000000087f00000|100%| O|  |TAMS 0x0000000087f00000, 0x0000000087e00000| Complete 
| 127|0x0000000087f00000, 0x0000000088000000, 0x0000000088000000|100%| O|  |TAMS 0x0000000088000000, 0x0000000087f00000| Untracked 
| 128|0x0000000088000000, 0x0000000088100000, 0x0000000088100000|100%| O|  |TAMS 0x0000000088100000, 0x0000000088000000| Untracked 
| 129|0x0000000088100000, 0x0000000088200000, 0x0000000088200000|100%| O|  |TAMS 0x0000000088200000, 0x0000000088100000| Untracked 
| 130|0x0000000088200000, 0x0000000088300000, 0x0000000088300000|100%| O|  |TAMS 0x0000000088300000, 0x0000000088200000| Complete 
| 131|0x0000000088300000, 0x0000000088400000, 0x0000000088400000|100%| O|  |TAMS 0x0000000088400000, 0x0000000088300000| Complete 
| 132|0x0000000088400000, 0x0000000088500000, 0x0000000088500000|100%| O|  |TAMS 0x0000000088500000, 0x0000000088400000| Complete 
| 133|0x0000000088500000, 0x0000000088600000, 0x0000000088600000|100%| O|  |TAMS 0x0000000088600000, 0x0000000088500000| Untracked 
| 134|0x0000000088600000, 0x0000000088700000, 0x0000000088700000|100%| O|  |TAMS 0x0000000088700000, 0x0000000088600000| Untracked 
| 135|0x0000000088700000, 0x0000000088800000, 0x0000000088800000|100%| O|  |TAMS 0x0000000088800000, 0x0000000088700000| Untracked 
| 136|0x0000000088800000, 0x0000000088900000, 0x0000000088900000|100%| O|  |TAMS 0x0000000088900000, 0x0000000088800000| Untracked 
| 137|0x0000000088900000, 0x0000000088a00000, 0x0000000088a00000|100%| O|  |TAMS 0x0000000088a00000, 0x0000000088900000| Untracked 
| 138|0x0000000088a00000, 0x0000000088b00000, 0x0000000088b00000|100%| O|  |TAMS 0x0000000088b00000, 0x0000000088a00000| Complete 
| 139|0x0000000088b00000, 0x0000000088c00000, 0x0000000088c00000|100%| O|  |TAMS 0x0000000088c00000, 0x0000000088b00000| Complete 
| 140|0x0000000088c00000, 0x0000000088d00000, 0x0000000088d00000|100%| O|  |TAMS 0x0000000088d00000, 0x0000000088c00000| Complete 
| 141|0x0000000088d00000, 0x0000000088e00000, 0x0000000088e00000|100%| O|  |TAMS 0x0000000088e00000, 0x0000000088d00000| Untracked 
| 142|0x0000000088e00000, 0x0000000088f00000, 0x0000000088f00000|100%| O|  |TAMS 0x0000000088f00000, 0x0000000088e00000| Untracked 
| 143|0x0000000088f00000, 0x0000000089000000, 0x0000000089000000|100%| O|  |TAMS 0x0000000089000000, 0x0000000088f00000| Untracked 
| 144|0x0000000089000000, 0x0000000089100000, 0x0000000089100000|100%| O|  |TAMS 0x0000000089100000, 0x0000000089000000| Untracked 
| 145|0x0000000089100000, 0x0000000089200000, 0x0000000089200000|100%| O|  |TAMS 0x0000000089200000, 0x0000000089100000| Untracked 
| 146|0x0000000089200000, 0x0000000089300000, 0x0000000089300000|100%| O|  |TAMS 0x0000000089300000, 0x0000000089200000| Untracked 
| 147|0x0000000089300000, 0x0000000089400000, 0x0000000089400000|100%| O|  |TAMS 0x0000000089400000, 0x0000000089300000| Complete 
| 148|0x0000000089400000, 0x0000000089500000, 0x0000000089500000|100%| O|  |TAMS 0x0000000089500000, 0x0000000089400000| Complete 
| 149|0x0000000089500000, 0x0000000089600000, 0x0000000089600000|100%| O|  |TAMS 0x0000000089600000, 0x0000000089500000| Untracked 
| 150|0x0000000089600000, 0x0000000089700000, 0x0000000089700000|100%| O|  |TAMS 0x0000000089700000, 0x0000000089600000| Untracked 
| 151|0x0000000089700000, 0x0000000089800000, 0x0000000089800000|100%| O|  |TAMS 0x0000000089800000, 0x0000000089700000| Untracked 
| 152|0x0000000089800000, 0x0000000089900000, 0x0000000089900000|100%| O|  |TAMS 0x0000000089900000, 0x0000000089800000| Untracked 
| 153|0x0000000089900000, 0x0000000089a00000, 0x0000000089a00000|100%| O|  |TAMS 0x0000000089a00000, 0x0000000089900000| Complete 
| 154|0x0000000089a00000, 0x0000000089b00000, 0x0000000089b00000|100%| O|  |TAMS 0x0000000089b00000, 0x0000000089a00000| Complete 
| 155|0x0000000089b00000, 0x0000000089c00000, 0x0000000089c00000|100%| O|  |TAMS 0x0000000089c00000, 0x0000000089b00000| Untracked 
| 156|0x0000000089c00000, 0x0000000089d00000, 0x0000000089d00000|100%| O|  |TAMS 0x0000000089d00000, 0x0000000089c00000| Untracked 
| 157|0x0000000089d00000, 0x0000000089e00000, 0x0000000089e00000|100%| O|  |TAMS 0x0000000089e00000, 0x0000000089d00000| Untracked 
| 158|0x0000000089e00000, 0x0000000089f00000, 0x0000000089f00000|100%| O|  |TAMS 0x0000000089f00000, 0x0000000089e00000| Untracked 
| 159|0x0000000089f00000, 0x000000008a000000, 0x000000008a000000|100%| O|  |TAMS 0x000000008a000000, 0x0000000089f00000| Untracked 
| 160|0x000000008a000000, 0x000000008a100000, 0x000000008a100000|100%| O|  |TAMS 0x000000008a100000, 0x000000008a000000| Untracked 
| 161|0x000000008a100000, 0x000000008a200000, 0x000000008a200000|100%| O|  |TAMS 0x000000008a200000, 0x000000008a100000| Untracked 
| 162|0x000000008a200000, 0x000000008a300000, 0x000000008a300000|100%| O|  |TAMS 0x000000008a300000, 0x000000008a200000| Untracked 
| 163|0x000000008a300000, 0x000000008a400000, 0x000000008a400000|100%| O|  |TAMS 0x000000008a400000, 0x000000008a300000| Untracked 
| 164|0x000000008a400000, 0x000000008a4ec000, 0x000000008a500000| 92%| O|  |TAMS 0x000000008a4ec000, 0x000000008a400000| Untracked 
| 165|0x000000008a500000, 0x000000008a500000, 0x000000008a600000|  0%| F|  |TAMS 0x000000008a500000, 0x000000008a500000| Untracked 
| 166|0x000000008a600000, 0x000000008a600000, 0x000000008a700000|  0%| F|  |TAMS 0x000000008a600000, 0x000000008a600000| Untracked 
| 167|0x000000008a700000, 0x000000008a700000, 0x000000008a800000|  0%| F|  |TAMS 0x000000008a700000, 0x000000008a700000| Untracked 
| 168|0x000000008a800000, 0x000000008a800000, 0x000000008a900000|  0%| F|  |TAMS 0x000000008a800000, 0x000000008a800000| Untracked 
| 169|0x000000008a900000, 0x000000008a900000, 0x000000008aa00000|  0%| F|  |TAMS 0x000000008a900000, 0x000000008a900000| Untracked 
| 170|0x000000008aa00000, 0x000000008aa00000, 0x000000008ab00000|  0%| F|  |TAMS 0x000000008aa00000, 0x000000008aa00000| Untracked 
| 171|0x000000008ab00000, 0x000000008ab00000, 0x000000008ac00000|  0%| F|  |TAMS 0x000000008ab00000, 0x000000008ab00000| Untracked 
| 172|0x000000008ac00000, 0x000000008ac00000, 0x000000008ad00000|  0%| F|  |TAMS 0x000000008ac00000, 0x000000008ac00000| Untracked 
| 173|0x000000008ad00000, 0x000000008ad00000, 0x000000008ae00000|  0%| F|  |TAMS 0x000000008ad00000, 0x000000008ad00000| Untracked 
| 174|0x000000008ae00000, 0x000000008ae00000, 0x000000008af00000|  0%| F|  |TAMS 0x000000008ae00000, 0x000000008ae00000| Untracked 
| 175|0x000000008af00000, 0x000000008af00000, 0x000000008b000000|  0%| F|  |TAMS 0x000000008af00000, 0x000000008af00000| Untracked 
| 176|0x000000008b000000, 0x000000008b000000, 0x000000008b100000|  0%| F|  |TAMS 0x000000008b000000, 0x000000008b000000| Untracked 
| 177|0x000000008b100000, 0x000000008b100000, 0x000000008b200000|  0%| F|  |TAMS 0x000000008b100000, 0x000000008b100000| Untracked 
| 178|0x000000008b200000, 0x000000008b200000, 0x000000008b300000|  0%| F|  |TAMS 0x000000008b200000, 0x000000008b200000| Untracked 
| 179|0x000000008b300000, 0x000000008b300000, 0x000000008b400000|  0%| F|  |TAMS 0x000000008b300000, 0x000000008b300000| Untracked 
| 180|0x000000008b400000, 0x000000008b400000, 0x000000008b500000|  0%| F|  |TAMS 0x000000008b400000, 0x000000008b400000| Untracked 
| 181|0x000000008b500000, 0x000000008b500000, 0x000000008b600000|  0%| F|  |TAMS 0x000000008b500000, 0x000000008b500000| Untracked 
| 182|0x000000008b600000, 0x000000008b600000, 0x000000008b700000|  0%| F|  |TAMS 0x000000008b600000, 0x000000008b600000| Untracked 
| 183|0x000000008b700000, 0x000000008b700000, 0x000000008b800000|  0%| F|  |TAMS 0x000000008b700000, 0x000000008b700000| Untracked 
| 184|0x000000008b800000, 0x000000008b800000, 0x000000008b900000|  0%| F|  |TAMS 0x000000008b800000, 0x000000008b800000| Untracked 
| 185|0x000000008b900000, 0x000000008b900000, 0x000000008ba00000|  0%| F|  |TAMS 0x000000008b900000, 0x000000008b900000| Untracked 
| 186|0x000000008ba00000, 0x000000008ba00000, 0x000000008bb00000|  0%| F|  |TAMS 0x000000008ba00000, 0x000000008ba00000| Untracked 
| 187|0x000000008bb00000, 0x000000008bb00000, 0x000000008bc00000|  0%| F|  |TAMS 0x000000008bb00000, 0x000000008bb00000| Untracked 
| 188|0x000000008bc00000, 0x000000008bc00000, 0x000000008bd00000|  0%| F|  |TAMS 0x000000008bc00000, 0x000000008bc00000| Untracked 
| 189|0x000000008bd00000, 0x000000008bd00000, 0x000000008be00000|  0%| F|  |TAMS 0x000000008bd00000, 0x000000008bd00000| Untracked 
| 190|0x000000008be00000, 0x000000008be00000, 0x000000008bf00000|  0%| F|  |TAMS 0x000000008be00000, 0x000000008be00000| Untracked 
| 191|0x000000008bf00000, 0x000000008bf00000, 0x000000008c000000|  0%| F|  |TAMS 0x000000008bf00000, 0x000000008bf00000| Untracked 
| 192|0x000000008c000000, 0x000000008c000000, 0x000000008c100000|  0%| F|  |TAMS 0x000000008c000000, 0x000000008c000000| Untracked 
| 193|0x000000008c100000, 0x000000008c100000, 0x000000008c200000|  0%| F|  |TAMS 0x000000008c100000, 0x000000008c100000| Untracked 
| 194|0x000000008c200000, 0x000000008c200000, 0x000000008c300000|  0%| F|  |TAMS 0x000000008c200000, 0x000000008c200000| Untracked 
| 195|0x000000008c300000, 0x000000008c300000, 0x000000008c400000|  0%| F|  |TAMS 0x000000008c300000, 0x000000008c300000| Untracked 
| 196|0x000000008c400000, 0x000000008c400000, 0x000000008c500000|  0%| F|  |TAMS 0x000000008c400000, 0x000000008c400000| Untracked 
| 197|0x000000008c500000, 0x000000008c500000, 0x000000008c600000|  0%| F|  |TAMS 0x000000008c500000, 0x000000008c500000| Untracked 
| 198|0x000000008c600000, 0x000000008c600000, 0x000000008c700000|  0%| F|  |TAMS 0x000000008c600000, 0x000000008c600000| Untracked 
| 199|0x000000008c700000, 0x000000008c700000, 0x000000008c800000|  0%| F|  |TAMS 0x000000008c700000, 0x000000008c700000| Untracked 
| 200|0x000000008c800000, 0x000000008c800000, 0x000000008c900000|  0%| F|  |TAMS 0x000000008c800000, 0x000000008c800000| Untracked 
| 201|0x000000008c900000, 0x000000008c900000, 0x000000008ca00000|  0%| F|  |TAMS 0x000000008c900000, 0x000000008c900000| Untracked 
| 202|0x000000008ca00000, 0x000000008ca00000, 0x000000008cb00000|  0%| F|  |TAMS 0x000000008ca00000, 0x000000008ca00000| Untracked 
| 203|0x000000008cb00000, 0x000000008cb00000, 0x000000008cc00000|  0%| F|  |TAMS 0x000000008cb00000, 0x000000008cb00000| Untracked 
| 204|0x000000008cc00000, 0x000000008cc1c838, 0x000000008cd00000| 11%| S|CS|TAMS 0x000000008cc00000, 0x000000008cc00000| Complete 
| 205|0x000000008cd00000, 0x000000008ce00000, 0x000000008ce00000|100%| S|CS|TAMS 0x000000008cd00000, 0x000000008cd00000| Complete 
| 206|0x000000008ce00000, 0x000000008ce00000, 0x000000008cf00000|  0%| F|  |TAMS 0x000000008ce00000, 0x000000008ce00000| Untracked 
| 207|0x000000008cf00000, 0x000000008d000000, 0x000000008d000000|100%| S|CS|TAMS 0x000000008cf00000, 0x000000008cf00000| Complete 
| 208|0x000000008d000000, 0x000000008d100000, 0x000000008d100000|100%| S|CS|TAMS 0x000000008d000000, 0x000000008d000000| Complete 
| 209|0x000000008d100000, 0x000000008d100000, 0x000000008d200000|  0%| F|  |TAMS 0x000000008d100000, 0x000000008d100000| Untracked 
| 210|0x000000008d200000, 0x000000008d200000, 0x000000008d300000|  0%| F|  |TAMS 0x000000008d200000, 0x000000008d200000| Untracked 
| 211|0x000000008d300000, 0x000000008d300000, 0x000000008d400000|  0%| F|  |TAMS 0x000000008d300000, 0x000000008d300000| Untracked 
| 212|0x000000008d400000, 0x000000008d500000, 0x000000008d500000|100%| S|CS|TAMS 0x000000008d400000, 0x000000008d400000| Complete 
| 213|0x000000008d500000, 0x000000008d500000, 0x000000008d600000|  0%| F|  |TAMS 0x000000008d500000, 0x000000008d500000| Untracked 
| 214|0x000000008d600000, 0x000000008d600000, 0x000000008d700000|  0%| F|  |TAMS 0x000000008d600000, 0x000000008d600000| Untracked 
| 215|0x000000008d700000, 0x000000008d700000, 0x000000008d800000|  0%| F|  |TAMS 0x000000008d700000, 0x000000008d700000| Untracked 
| 216|0x000000008d800000, 0x000000008d800000, 0x000000008d900000|  0%| F|  |TAMS 0x000000008d800000, 0x000000008d800000| Untracked 
| 217|0x000000008d900000, 0x000000008d900000, 0x000000008da00000|  0%| F|  |TAMS 0x000000008d900000, 0x000000008d900000| Untracked 
| 218|0x000000008da00000, 0x000000008da00000, 0x000000008db00000|  0%| F|  |TAMS 0x000000008da00000, 0x000000008da00000| Untracked 
| 219|0x000000008db00000, 0x000000008db00000, 0x000000008dc00000|  0%| F|  |TAMS 0x000000008db00000, 0x000000008db00000| Untracked 
| 220|0x000000008dc00000, 0x000000008dc00000, 0x000000008dd00000|  0%| F|  |TAMS 0x000000008dc00000, 0x000000008dc00000| Untracked 
| 221|0x000000008dd00000, 0x000000008dd00000, 0x000000008de00000|  0%| F|  |TAMS 0x000000008dd00000, 0x000000008dd00000| Untracked 
| 222|0x000000008de00000, 0x000000008de00000, 0x000000008df00000|  0%| F|  |TAMS 0x000000008de00000, 0x000000008de00000| Untracked 
| 223|0x000000008df00000, 0x000000008df00000, 0x000000008e000000|  0%| F|  |TAMS 0x000000008df00000, 0x000000008df00000| Untracked 
| 224|0x000000008e000000, 0x000000008e000000, 0x000000008e100000|  0%| F|  |TAMS 0x000000008e000000, 0x000000008e000000| Untracked 
| 225|0x000000008e100000, 0x000000008e100000, 0x000000008e200000|  0%| F|  |TAMS 0x000000008e100000, 0x000000008e100000| Untracked 
| 226|0x000000008e200000, 0x000000008e200000, 0x000000008e300000|  0%| F|  |TAMS 0x000000008e200000, 0x000000008e200000| Untracked 
| 227|0x000000008e300000, 0x000000008e300000, 0x000000008e400000|  0%| F|  |TAMS 0x000000008e300000, 0x000000008e300000| Untracked 
| 228|0x000000008e400000, 0x000000008e400000, 0x000000008e500000|  0%| F|  |TAMS 0x000000008e400000, 0x000000008e400000| Untracked 
| 229|0x000000008e500000, 0x000000008e500000, 0x000000008e600000|  0%| F|  |TAMS 0x000000008e500000, 0x000000008e500000| Untracked 
| 230|0x000000008e600000, 0x000000008e600000, 0x000000008e700000|  0%| F|  |TAMS 0x000000008e600000, 0x000000008e600000| Untracked 
| 231|0x000000008e700000, 0x000000008e700000, 0x000000008e800000|  0%| F|  |TAMS 0x000000008e700000, 0x000000008e700000| Untracked 
| 232|0x000000008e800000, 0x000000008e800000, 0x000000008e900000|  0%| F|  |TAMS 0x000000008e800000, 0x000000008e800000| Untracked 
| 233|0x000000008e900000, 0x000000008e900000, 0x000000008ea00000|  0%| F|  |TAMS 0x000000008e900000, 0x000000008e900000| Untracked 
| 234|0x000000008ea00000, 0x000000008ea00000, 0x000000008eb00000|  0%| F|  |TAMS 0x000000008ea00000, 0x000000008ea00000| Untracked 
| 235|0x000000008eb00000, 0x000000008eb00000, 0x000000008ec00000|  0%| F|  |TAMS 0x000000008eb00000, 0x000000008eb00000| Untracked 
| 236|0x000000008ec00000, 0x000000008ec00000, 0x000000008ed00000|  0%| F|  |TAMS 0x000000008ec00000, 0x000000008ec00000| Untracked 
| 237|0x000000008ed00000, 0x000000008ed00000, 0x000000008ee00000|  0%| F|  |TAMS 0x000000008ed00000, 0x000000008ed00000| Untracked 
| 238|0x000000008ee00000, 0x000000008ee00000, 0x000000008ef00000|  0%| F|  |TAMS 0x000000008ee00000, 0x000000008ee00000| Untracked 
| 239|0x000000008ef00000, 0x000000008ef00000, 0x000000008f000000|  0%| F|  |TAMS 0x000000008ef00000, 0x000000008ef00000| Untracked 
| 240|0x000000008f000000, 0x000000008f000000, 0x000000008f100000|  0%| F|  |TAMS 0x000000008f000000, 0x000000008f000000| Untracked 
| 241|0x000000008f100000, 0x000000008f100000, 0x000000008f200000|  0%| F|  |TAMS 0x000000008f100000, 0x000000008f100000| Untracked 
| 242|0x000000008f200000, 0x000000008f200000, 0x000000008f300000|  0%| F|  |TAMS 0x000000008f200000, 0x000000008f200000| Untracked 
| 243|0x000000008f300000, 0x000000008f300000, 0x000000008f400000|  0%| F|  |TAMS 0x000000008f300000, 0x000000008f300000| Untracked 
| 244|0x000000008f400000, 0x000000008f400000, 0x000000008f500000|  0%| F|  |TAMS 0x000000008f400000, 0x000000008f400000| Untracked 
| 245|0x000000008f500000, 0x000000008f500000, 0x000000008f600000|  0%| F|  |TAMS 0x000000008f500000, 0x000000008f500000| Untracked 
| 246|0x000000008f600000, 0x000000008f600000, 0x000000008f700000|  0%| F|  |TAMS 0x000000008f600000, 0x000000008f600000| Untracked 
| 247|0x000000008f700000, 0x000000008f700000, 0x000000008f800000|  0%| F|  |TAMS 0x000000008f700000, 0x000000008f700000| Untracked 
| 248|0x000000008f800000, 0x000000008f800000, 0x000000008f900000|  0%| F|  |TAMS 0x000000008f800000, 0x000000008f800000| Untracked 
| 249|0x000000008f900000, 0x000000008f900000, 0x000000008fa00000|  0%| F|  |TAMS 0x000000008f900000, 0x000000008f900000| Untracked 
| 250|0x000000008fa00000, 0x000000008fa00000, 0x000000008fb00000|  0%| F|  |TAMS 0x000000008fa00000, 0x000000008fa00000| Untracked 
| 251|0x000000008fb00000, 0x000000008fb00000, 0x000000008fc00000|  0%| F|  |TAMS 0x000000008fb00000, 0x000000008fb00000| Untracked 
| 252|0x000000008fc00000, 0x000000008fc00000, 0x000000008fd00000|  0%| F|  |TAMS 0x000000008fc00000, 0x000000008fc00000| Untracked 
| 253|0x000000008fd00000, 0x000000008fd00000, 0x000000008fe00000|  0%| F|  |TAMS 0x000000008fd00000, 0x000000008fd00000| Untracked 
| 254|0x000000008fe00000, 0x000000008fe00000, 0x000000008ff00000|  0%| F|  |TAMS 0x000000008fe00000, 0x000000008fe00000| Untracked 
| 255|0x000000008ff00000, 0x000000008ff00000, 0x0000000090000000|  0%| F|  |TAMS 0x000000008ff00000, 0x000000008ff00000| Untracked 
| 256|0x0000000090000000, 0x0000000090000000, 0x0000000090100000|  0%| F|  |TAMS 0x0000000090000000, 0x0000000090000000| Untracked 
| 257|0x0000000090100000, 0x0000000090100000, 0x0000000090200000|  0%| F|  |TAMS 0x0000000090100000, 0x0000000090100000| Untracked 
| 258|0x0000000090200000, 0x0000000090200000, 0x0000000090300000|  0%| F|  |TAMS 0x0000000090200000, 0x0000000090200000| Untracked 
| 259|0x0000000090300000, 0x0000000090300000, 0x0000000090400000|  0%| F|  |TAMS 0x0000000090300000, 0x0000000090300000| Untracked 
| 260|0x0000000090400000, 0x0000000090400000, 0x0000000090500000|  0%| F|  |TAMS 0x0000000090400000, 0x0000000090400000| Untracked 
| 261|0x0000000090500000, 0x0000000090500000, 0x0000000090600000|  0%| F|  |TAMS 0x0000000090500000, 0x0000000090500000| Untracked 
| 262|0x0000000090600000, 0x0000000090600000, 0x0000000090700000|  0%| F|  |TAMS 0x0000000090600000, 0x0000000090600000| Untracked 
| 263|0x0000000090700000, 0x0000000090700000, 0x0000000090800000|  0%| F|  |TAMS 0x0000000090700000, 0x0000000090700000| Untracked 
| 264|0x0000000090800000, 0x0000000090800000, 0x0000000090900000|  0%| F|  |TAMS 0x0000000090800000, 0x0000000090800000| Untracked 
| 265|0x0000000090900000, 0x0000000090900000, 0x0000000090a00000|  0%| F|  |TAMS 0x0000000090900000, 0x0000000090900000| Untracked 
| 266|0x0000000090a00000, 0x0000000090a00000, 0x0000000090b00000|  0%| F|  |TAMS 0x0000000090a00000, 0x0000000090a00000| Untracked 
| 267|0x0000000090b00000, 0x0000000090b00000, 0x0000000090c00000|  0%| F|  |TAMS 0x0000000090b00000, 0x0000000090b00000| Untracked 
| 268|0x0000000090c00000, 0x0000000090c00000, 0x0000000090d00000|  0%| F|  |TAMS 0x0000000090c00000, 0x0000000090c00000| Untracked 
| 269|0x0000000090d00000, 0x0000000090d00000, 0x0000000090e00000|  0%| F|  |TAMS 0x0000000090d00000, 0x0000000090d00000| Untracked 
| 270|0x0000000090e00000, 0x0000000090e00000, 0x0000000090f00000|  0%| F|  |TAMS 0x0000000090e00000, 0x0000000090e00000| Untracked 
| 271|0x0000000090f00000, 0x0000000090f00000, 0x0000000091000000|  0%| F|  |TAMS 0x0000000090f00000, 0x0000000090f00000| Untracked 
| 272|0x0000000091000000, 0x0000000091000000, 0x0000000091100000|  0%| F|  |TAMS 0x0000000091000000, 0x0000000091000000| Untracked 
| 273|0x0000000091100000, 0x0000000091100000, 0x0000000091200000|  0%| F|  |TAMS 0x0000000091100000, 0x0000000091100000| Untracked 
| 274|0x0000000091200000, 0x0000000091200000, 0x0000000091300000|  0%| F|  |TAMS 0x0000000091200000, 0x0000000091200000| Untracked 
| 275|0x0000000091300000, 0x0000000091300000, 0x0000000091400000|  0%| F|  |TAMS 0x0000000091300000, 0x0000000091300000| Untracked 
| 276|0x0000000091400000, 0x0000000091400000, 0x0000000091500000|  0%| F|  |TAMS 0x0000000091400000, 0x0000000091400000| Untracked 
| 277|0x0000000091500000, 0x0000000091500000, 0x0000000091600000|  0%| F|  |TAMS 0x0000000091500000, 0x0000000091500000| Untracked 
| 278|0x0000000091600000, 0x0000000091600000, 0x0000000091700000|  0%| F|  |TAMS 0x0000000091600000, 0x0000000091600000| Untracked 
| 279|0x0000000091700000, 0x0000000091700000, 0x0000000091800000|  0%| F|  |TAMS 0x0000000091700000, 0x0000000091700000| Untracked 
| 280|0x0000000091800000, 0x0000000091800000, 0x0000000091900000|  0%| F|  |TAMS 0x0000000091800000, 0x0000000091800000| Untracked 
| 281|0x0000000091900000, 0x0000000091900000, 0x0000000091a00000|  0%| F|  |TAMS 0x0000000091900000, 0x0000000091900000| Untracked 
| 282|0x0000000091a00000, 0x0000000091a00000, 0x0000000091b00000|  0%| F|  |TAMS 0x0000000091a00000, 0x0000000091a00000| Untracked 
| 283|0x0000000091b00000, 0x0000000091b00000, 0x0000000091c00000|  0%| F|  |TAMS 0x0000000091b00000, 0x0000000091b00000| Untracked 
| 284|0x0000000091c00000, 0x0000000091c00000, 0x0000000091d00000|  0%| F|  |TAMS 0x0000000091c00000, 0x0000000091c00000| Untracked 
| 285|0x0000000091d00000, 0x0000000091d00000, 0x0000000091e00000|  0%| F|  |TAMS 0x0000000091d00000, 0x0000000091d00000| Untracked 
| 286|0x0000000091e00000, 0x0000000091e00000, 0x0000000091f00000|  0%| F|  |TAMS 0x0000000091e00000, 0x0000000091e00000| Untracked 
| 287|0x0000000091f00000, 0x0000000091f00000, 0x0000000092000000|  0%| F|  |TAMS 0x0000000091f00000, 0x0000000091f00000| Untracked 
| 288|0x0000000092000000, 0x0000000092000000, 0x0000000092100000|  0%| F|  |TAMS 0x0000000092000000, 0x0000000092000000| Untracked 
| 289|0x0000000092100000, 0x0000000092100000, 0x0000000092200000|  0%| F|  |TAMS 0x0000000092100000, 0x0000000092100000| Untracked 
| 290|0x0000000092200000, 0x0000000092200000, 0x0000000092300000|  0%| F|  |TAMS 0x0000000092200000, 0x0000000092200000| Untracked 
| 291|0x0000000092300000, 0x0000000092300000, 0x0000000092400000|  0%| F|  |TAMS 0x0000000092300000, 0x0000000092300000| Untracked 
| 292|0x0000000092400000, 0x0000000092400000, 0x0000000092500000|  0%| F|  |TAMS 0x0000000092400000, 0x0000000092400000| Untracked 
| 293|0x0000000092500000, 0x0000000092500000, 0x0000000092600000|  0%| F|  |TAMS 0x0000000092500000, 0x0000000092500000| Untracked 
| 294|0x0000000092600000, 0x0000000092600000, 0x0000000092700000|  0%| F|  |TAMS 0x0000000092600000, 0x0000000092600000| Untracked 
| 295|0x0000000092700000, 0x0000000092700000, 0x0000000092800000|  0%| F|  |TAMS 0x0000000092700000, 0x0000000092700000| Untracked 
| 296|0x0000000092800000, 0x0000000092800000, 0x0000000092900000|  0%| F|  |TAMS 0x0000000092800000, 0x0000000092800000| Untracked 
| 297|0x0000000092900000, 0x0000000092900000, 0x0000000092a00000|  0%| F|  |TAMS 0x0000000092900000, 0x0000000092900000| Untracked 
| 298|0x0000000092a00000, 0x0000000092a00000, 0x0000000092b00000|  0%| F|  |TAMS 0x0000000092a00000, 0x0000000092a00000| Untracked 
| 299|0x0000000092b00000, 0x0000000092b00000, 0x0000000092c00000|  0%| F|  |TAMS 0x0000000092b00000, 0x0000000092b00000| Untracked 
| 300|0x0000000092c00000, 0x0000000092c00000, 0x0000000092d00000|  0%| F|  |TAMS 0x0000000092c00000, 0x0000000092c00000| Untracked 
| 301|0x0000000092d00000, 0x0000000092d00000, 0x0000000092e00000|  0%| F|  |TAMS 0x0000000092d00000, 0x0000000092d00000| Untracked 
| 302|0x0000000092e00000, 0x0000000092e00000, 0x0000000092f00000|  0%| F|  |TAMS 0x0000000092e00000, 0x0000000092e00000| Untracked 
| 303|0x0000000092f00000, 0x0000000092f00000, 0x0000000093000000|  0%| F|  |TAMS 0x0000000092f00000, 0x0000000092f00000| Untracked 
| 304|0x0000000093000000, 0x0000000093000000, 0x0000000093100000|  0%| F|  |TAMS 0x0000000093000000, 0x0000000093000000| Untracked 
| 305|0x0000000093100000, 0x0000000093100000, 0x0000000093200000|  0%| F|  |TAMS 0x0000000093100000, 0x0000000093100000| Untracked 
| 306|0x0000000093200000, 0x0000000093200000, 0x0000000093300000|  0%| F|  |TAMS 0x0000000093200000, 0x0000000093200000| Untracked 
| 307|0x0000000093300000, 0x0000000093300000, 0x0000000093400000|  0%| F|  |TAMS 0x0000000093300000, 0x0000000093300000| Untracked 
| 308|0x0000000093400000, 0x0000000093400000, 0x0000000093500000|  0%| F|  |TAMS 0x0000000093400000, 0x0000000093400000| Untracked 
| 309|0x0000000093500000, 0x0000000093500000, 0x0000000093600000|  0%| F|  |TAMS 0x0000000093500000, 0x0000000093500000| Untracked 
| 310|0x0000000093600000, 0x0000000093600000, 0x0000000093700000|  0%| F|  |TAMS 0x0000000093600000, 0x0000000093600000| Untracked 
| 311|0x0000000093700000, 0x0000000093700000, 0x0000000093800000|  0%| F|  |TAMS 0x0000000093700000, 0x0000000093700000| Untracked 
| 312|0x0000000093800000, 0x0000000093800000, 0x0000000093900000|  0%| F|  |TAMS 0x0000000093800000, 0x0000000093800000| Untracked 
| 313|0x0000000093900000, 0x0000000093900000, 0x0000000093a00000|  0%| F|  |TAMS 0x0000000093900000, 0x0000000093900000| Untracked 
| 314|0x0000000093a00000, 0x0000000093a00000, 0x0000000093b00000|  0%| F|  |TAMS 0x0000000093a00000, 0x0000000093a00000| Untracked 
| 315|0x0000000093b00000, 0x0000000093b00000, 0x0000000093c00000|  0%| F|  |TAMS 0x0000000093b00000, 0x0000000093b00000| Untracked 
| 316|0x0000000093c00000, 0x0000000093c00000, 0x0000000093d00000|  0%| F|  |TAMS 0x0000000093c00000, 0x0000000093c00000| Untracked 
| 317|0x0000000093d00000, 0x0000000093d00000, 0x0000000093e00000|  0%| F|  |TAMS 0x0000000093d00000, 0x0000000093d00000| Untracked 
| 318|0x0000000093e00000, 0x0000000093e00000, 0x0000000093f00000|  0%| F|  |TAMS 0x0000000093e00000, 0x0000000093e00000| Untracked 
| 319|0x0000000093f00000, 0x0000000093f00000, 0x0000000094000000|  0%| F|  |TAMS 0x0000000093f00000, 0x0000000093f00000| Untracked 
| 320|0x0000000094000000, 0x0000000094000000, 0x0000000094100000|  0%| F|  |TAMS 0x0000000094000000, 0x0000000094000000| Untracked 

Card table byte_map: [0x000001e8fd9d0000,0x000001e8fddd0000] _byte_map_base: 0x000001e8fd5d0000

Marking Bits (Prev, Next): (CMBitMap*) 0x000001e8f7aa76a0, (CMBitMap*) 0x000001e8f7aa7668
 Prev Bits: [0x000001e891000000, 0x000001e893000000)
 Next Bits: [0x000001e88f000000, 0x000001e891000000)

Polling page: 0x000001e8f7b40000

Metaspace:

Usage:
  Non-class:     88.06 MB capacity,    86.56 MB ( 98%) used,     1.20 MB (  1%) free+waste,   315.44 KB ( <1%) overhead. 
      Class:     13.68 MB capacity,    12.76 MB ( 93%) used,   809.38 KB (  6%) free+waste,   139.69 KB ( <1%) overhead. 
       Both:    101.75 MB capacity,    99.31 MB ( 98%) used,     1.99 MB (  2%) free+waste,   455.13 KB ( <1%) overhead. 

Virtual space:
  Non-class space:       90.00 MB reserved,      88.20 MB ( 98%) committed 
      Class space:        1.00 GB reserved,      13.88 MB (  1%) committed 
             Both:        1.09 GB reserved,     102.08 MB (  9%) committed 

Chunk freelists:
   Non-Class:  78.00 KB
       Class:  133.00 KB
        Both:  211.00 KB

MaxMetaspaceSize: 17179869184.00 GB
CompressedClassSpaceSize: 1.00 GB
Initial GC threshold: 20.80 MB
Current GC threshold: 170.13 MB
CDS: off

CodeHeap 'non-profiled nmethods': size=120064Kb used=6939Kb max_used=6939Kb free=113124Kb
 bounds [0x000001e887ac0000, 0x000001e888190000, 0x000001e88f000000]
CodeHeap 'profiled nmethods': size=120000Kb used=34560Kb max_used=34560Kb free=85439Kb
 bounds [0x000001e880590000, 0x000001e882760000, 0x000001e887ac0000]
CodeHeap 'non-nmethods': size=5696Kb used=2397Kb max_used=2464Kb free=3298Kb
 bounds [0x000001e880000000, 0x000001e880270000, 0x000001e880590000]
 total_blobs=15072 nmethods=14149 adapters=833
 compilation: enabled
              stopped_count=0, restarted_count=0
 full_count=0

Compilation events (20 events):
Event: 14.008 Thread 0x000001e8feac2800 nmethod 14396% 0x000001e8826ad690 code [0x000001e8826addc0, 0x000001e8826b2ec8]
Event: 14.008 Thread 0x000001e8feac2800 14401 %     3       java.util.TreeMap::getLastEntry @ 9 (26 bytes)
Event: 14.009 Thread 0x000001e8feac2800 nmethod 14401% 0x000001e8826b4a90 code [0x000001e8826b4c40, 0x000001e8826b4e58]
Event: 14.009 Thread 0x000001e8feac2800 14400       2       java.util.AbstractSet::removeAll (101 bytes)
Event: 14.009 Thread 0x000001e8feac2800 nmethod 14400 0x000001e8826b4f10 code [0x000001e8826b5180, 0x000001e8826b5678]
Event: 14.009 Thread 0x000001e8feac2800 14398       2       com.android.tools.r8.internal.w0::hasNext (10 bytes)
Event: 14.009 Thread 0x000001e8feac2800 nmethod 14398 0x000001e8826b5990 code [0x000001e8826b5b40, 0x000001e8826b5c68]
Event: 14.009 Thread 0x000001e8feac2800 14402       2       com.android.tools.r8.internal.w0::next (28 bytes)
Event: 14.009 Thread 0x000001e8feac2800 nmethod 14402 0x000001e8826b5d10 code [0x000001e8826b5ee0, 0x000001e8826b61c8]
Event: 14.009 Thread 0x000001e8feac2800 14403       2       com.android.tools.r8.internal.v0::<init> (15 bytes)
Event: 14.009 Thread 0x000001e8feac2800 nmethod 14403 0x000001e8826b6290 code [0x000001e8826b6440, 0x000001e8826b65d8]
Event: 14.009 Thread 0x000001e8feac2800 14399       2       com.android.tools.r8.internal.qD::<init> (10 bytes)
Event: 14.009 Thread 0x000001e8feac2800 nmethod 14399 0x000001e8826b6690 code [0x000001e8826b6840, 0x000001e8826b6948]
Event: 14.009 Thread 0x000001e8feac2800 14404       3       com.android.tools.r8.internal.Pn::c (157 bytes)
Event: 14.010 Thread 0x000001e8feac2800 nmethod 14404 0x000001e8826b6a10 code [0x000001e8826b6c80, 0x000001e8826b7868]
Event: 14.010 Thread 0x000001e8feac2800 14405       2       com.android.tools.r8.ir.regalloc.i::d (36 bytes)
Event: 14.010 Thread 0x000001e8feac2800 nmethod 14405 0x000001e8826b7c10 code [0x000001e8826b7dc0, 0x000001e8826b7ec8]
Event: 14.010 Thread 0x000001e8feac2800 14406       2       com.android.tools.r8.code.L0::<init> (109 bytes)
Event: 14.010 Thread 0x000001e8feac2800 nmethod 14406 0x000001e8826b7f90 code [0x000001e8826b8140, 0x000001e8826b8258]
Event: 14.014 Thread 0x000001e8feac2800 14407 %     3       com.android.tools.r8.internal.Ng::a @ 37 (672 bytes)

GC Heap History (20 events):
Event: 11.594 GC heap before
{Heap before GC invocations=31 (full 0):
 garbage-first heap   total 273408K, used 220448K [0x0000000080000000, 0x0000000100000000)
  region size 1024K, 67 young (68608K), 5 survivors (5120K)
 Metaspace       used 99564K, capacity 101892K, committed 102608K, reserved 1138688K
  class space    used 12929K, capacity 13841K, committed 14080K, reserved 1048576K
}
Event: 11.599 GC heap after
{Heap after GC invocations=32 (full 0):
 garbage-first heap   total 273408K, used 157676K [0x0000000080000000, 0x0000000100000000)
  region size 1024K, 6 young (6144K), 6 survivors (6144K)
 Metaspace       used 99564K, capacity 101892K, committed 102608K, reserved 1138688K
  class space    used 12929K, capacity 13841K, committed 14080K, reserved 1048576K
}
Event: 11.695 GC heap before
{Heap before GC invocations=33 (full 0):
 garbage-first heap   total 273408K, used 222188K [0x0000000080000000, 0x0000000100000000)
  region size 1024K, 69 young (70656K), 6 survivors (6144K)
 Metaspace       used 99644K, capacity 101956K, committed 102608K, reserved 1138688K
  class space    used 12929K, capacity 13841K, committed 14080K, reserved 1048576K
}
Event: 11.704 GC heap after
{Heap after GC invocations=34 (full 0):
 garbage-first heap   total 328704K, used 162776K [0x0000000080000000, 0x0000000100000000)
  region size 1024K, 9 young (9216K), 9 survivors (9216K)
 Metaspace       used 99644K, capacity 101956K, committed 102608K, reserved 1138688K
  class space    used 12929K, capacity 13841K, committed 14080K, reserved 1048576K
}
Event: 11.894 GC heap before
{Heap before GC invocations=34 (full 0):
 garbage-first heap   total 328704K, used 249816K [0x0000000080000000, 0x0000000100000000)
  region size 1024K, 94 young (96256K), 9 survivors (9216K)
 Metaspace       used 99662K, capacity 102020K, committed 102608K, reserved 1138688K
  class space    used 12930K, capacity 13841K, committed 14080K, reserved 1048576K
}
Event: 11.915 GC heap after
{Heap after GC invocations=35 (full 0):
 garbage-first heap   total 328704K, used 169277K [0x0000000080000000, 0x0000000100000000)
  region size 1024K, 12 young (12288K), 12 survivors (12288K)
 Metaspace       used 99662K, capacity 102020K, committed 102608K, reserved 1138688K
  class space    used 12930K, capacity 13841K, committed 14080K, reserved 1048576K
}
Event: 12.378 GC heap before
{Heap before GC invocations=36 (full 0):
 garbage-first heap   total 328704K, used 255293K [0x0000000080000000, 0x0000000100000000)
  region size 1024K, 96 young (98304K), 12 survivors (12288K)
 Metaspace       used 100015K, capacity 102412K, committed 103120K, reserved 1138688K
  class space    used 12940K, capacity 13843K, committed 14080K, reserved 1048576K
}
Event: 12.388 GC heap after
{Heap after GC invocations=37 (full 0):
 garbage-first heap   total 328704K, used 170928K [0x0000000080000000, 0x0000000100000000)
  region size 1024K, 2 young (2048K), 2 survivors (2048K)
 Metaspace       used 100015K, capacity 102412K, committed 103120K, reserved 1138688K
  class space    used 12940K, capacity 13843K, committed 14080K, reserved 1048576K
}
Event: 12.679 GC heap before
{Heap before GC invocations=37 (full 0):
 garbage-first heap   total 328704K, used 258992K [0x0000000080000000, 0x0000000100000000)
  region size 1024K, 88 young (90112K), 2 survivors (2048K)
 Metaspace       used 100324K, capacity 102731K, committed 103376K, reserved 1138688K
  class space    used 12959K, capacity 13879K, committed 14080K, reserved 1048576K
}
Event: 12.682 GC heap after
{Heap after GC invocations=38 (full 0):
 garbage-first heap   total 328704K, used 169904K [0x0000000080000000, 0x0000000100000000)
  region size 1024K, 1 young (1024K), 1 survivors (1024K)
 Metaspace       used 100324K, capacity 102731K, committed 103376K, reserved 1138688K
  class space    used 12959K, capacity 13879K, committed 14080K, reserved 1048576K
}
Event: 12.877 GC heap before
{Heap before GC invocations=38 (full 0):
 garbage-first heap   total 328704K, used 262064K [0x0000000080000000, 0x0000000100000000)
  region size 1024K, 91 young (93184K), 1 survivors (1024K)
 Metaspace       used 100590K, capacity 102952K, committed 103376K, reserved 1138688K
  class space    used 12970K, capacity 13887K, committed 14080K, reserved 1048576K
}
Event: 12.880 GC heap after
{Heap after GC invocations=39 (full 0):
 garbage-first heap   total 328704K, used 170216K [0x0000000080000000, 0x0000000100000000)
  region size 1024K, 2 young (2048K), 2 survivors (2048K)
 Metaspace       used 100590K, capacity 102952K, committed 103376K, reserved 1138688K
  class space    used 12970K, capacity 13887K, committed 14080K, reserved 1048576K
}
Event: 13.198 GC heap before
{Heap before GC invocations=40 (full 0):
 garbage-first heap   total 328704K, used 264424K [0x0000000080000000, 0x0000000100000000)
  region size 1024K, 94 young (96256K), 2 survivors (2048K)
 Metaspace       used 100916K, capacity 103304K, committed 103888K, reserved 1138688K
  class space    used 12985K, capacity 13893K, committed 14080K, reserved 1048576K
}
Event: 13.200 GC heap after
{Heap after GC invocations=41 (full 0):
 garbage-first heap   total 328704K, used 170493K [0x0000000080000000, 0x0000000100000000)
  region size 1024K, 2 young (2048K), 2 survivors (2048K)
 Metaspace       used 100916K, capacity 103304K, committed 103888K, reserved 1138688K
  class space    used 12985K, capacity 13893K, committed 14080K, reserved 1048576K
}
Event: 13.462 GC heap before
{Heap before GC invocations=41 (full 0):
 garbage-first heap   total 328704K, used 269821K [0x0000000080000000, 0x0000000100000000)
  region size 1024K, 99 young (101376K), 2 survivors (2048K)
 Metaspace       used 101172K, capacity 103558K, committed 104016K, reserved 1138688K
  class space    used 13013K, capacity 13954K, committed 14208K, reserved 1048576K
}
Event: 13.466 GC heap after
{Heap after GC invocations=42 (full 0):
 garbage-first heap   total 328704K, used 171021K [0x0000000080000000, 0x0000000100000000)
  region size 1024K, 3 young (3072K), 3 survivors (3072K)
 Metaspace       used 101172K, capacity 103558K, committed 104016K, reserved 1138688K
  class space    used 13013K, capacity 13954K, committed 14208K, reserved 1048576K
}
Event: 13.624 GC heap before
{Heap before GC invocations=42 (full 0):
 garbage-first heap   total 328704K, used 272397K [0x0000000080000000, 0x0000000100000000)
  region size 1024K, 102 young (104448K), 3 survivors (3072K)
 Metaspace       used 101315K, capacity 103700K, committed 104272K, reserved 1138688K
  class space    used 13021K, capacity 13958K, committed 14208K, reserved 1048576K
}
Event: 13.629 GC heap after
{Heap after GC invocations=43 (full 0):
 garbage-first heap   total 328704K, used 171737K [0x0000000080000000, 0x0000000100000000)
  region size 1024K, 3 young (3072K), 3 survivors (3072K)
 Metaspace       used 101315K, capacity 103700K, committed 104272K, reserved 1138688K
  class space    used 13021K, capacity 13958K, committed 14208K, reserved 1048576K
}
Event: 13.897 GC heap before
{Heap before GC invocations=44 (full 0):
 garbage-first heap   total 328704K, used 280281K [0x0000000080000000, 0x0000000100000000)
  region size 1024K, 109 young (111616K), 3 survivors (3072K)
 Metaspace       used 101450K, capacity 103921K, committed 104272K, reserved 1138688K
  class space    used 13036K, capacity 13967K, committed 14208K, reserved 1048576K
}
Event: 13.902 GC heap after
{Heap after GC invocations=45 (full 0):
 garbage-first heap   total 328704K, used 171742K [0x0000000080000000, 0x0000000100000000)
  region size 1024K, 3 young (3072K), 3 survivors (3072K)
 Metaspace       used 101450K, capacity 103921K, committed 104272K, reserved 1138688K
  class space    used 13036K, capacity 13967K, committed 14208K, reserved 1048576K
}

Deoptimization events (20 events):
Event: 13.982 Thread 0x000001e896cac800 DEOPT PACKING pc=0x000001e88809df70 sp=0x00000012b23f8f50
Event: 13.982 Thread 0x000001e896cac800 DEOPT UNPACKING pc=0x000001e88004a1af sp=0x00000012b23f8ed8 mode 2
Event: 13.982 Thread 0x000001e896cac800 Uncommon trap: trap_request=0xffffffc6 fr.pc=0x000001e88809df70 relative=0x0000000000000130
Event: 13.982 Thread 0x000001e896cac800 Uncommon trap: reason=bimorphic_or_optimized_type_check action=maybe_recompile pc=0x000001e88809df70 method=java.util.Collections$UnmodifiableList.get(I)Ljava/lang/Object; @ 5 c2
Event: 13.982 Thread 0x000001e896cac800 DEOPT PACKING pc=0x000001e88809df70 sp=0x00000012b23f8f50
Event: 13.982 Thread 0x000001e896cac800 DEOPT UNPACKING pc=0x000001e88004a1af sp=0x00000012b23f8ed8 mode 2
Event: 13.982 Thread 0x000001e896cac800 Uncommon trap: trap_request=0xffffffc6 fr.pc=0x000001e88809df70 relative=0x0000000000000130
Event: 13.982 Thread 0x000001e896cac800 Uncommon trap: reason=bimorphic_or_optimized_type_check action=maybe_recompile pc=0x000001e88809df70 method=java.util.Collections$UnmodifiableList.get(I)Ljava/lang/Object; @ 5 c2
Event: 13.982 Thread 0x000001e896cac800 DEOPT PACKING pc=0x000001e88809df70 sp=0x00000012b23f8f50
Event: 13.982 Thread 0x000001e896cac800 DEOPT UNPACKING pc=0x000001e88004a1af sp=0x00000012b23f8ed8 mode 2
Event: 13.982 Thread 0x000001e896cac800 Uncommon trap: trap_request=0xffffffc6 fr.pc=0x000001e88809df70 relative=0x0000000000000130
Event: 13.982 Thread 0x000001e896cac800 Uncommon trap: reason=bimorphic_or_optimized_type_check action=maybe_recompile pc=0x000001e88809df70 method=java.util.Collections$UnmodifiableList.get(I)Ljava/lang/Object; @ 5 c2
Event: 13.982 Thread 0x000001e896cac800 DEOPT PACKING pc=0x000001e88809df70 sp=0x00000012b23f8f50
Event: 13.982 Thread 0x000001e896cac800 DEOPT UNPACKING pc=0x000001e88004a1af sp=0x00000012b23f8ed8 mode 2
Event: 13.982 Thread 0x000001e896cac800 Uncommon trap: trap_request=0xffffffc6 fr.pc=0x000001e88816e3c4 relative=0x0000000000003544
Event: 13.982 Thread 0x000001e896cac800 Uncommon trap: reason=bimorphic_or_optimized_type_check action=maybe_recompile pc=0x000001e88816e3c4 method=java.util.Collections$UnmodifiableList.get(I)Ljava/lang/Object; @ 5 c2
Event: 13.982 Thread 0x000001e896cac800 DEOPT PACKING pc=0x000001e88816e3c4 sp=0x00000012b23f87d0
Event: 13.982 Thread 0x000001e896cac800 DEOPT UNPACKING pc=0x000001e88004a1af sp=0x00000012b23f8780 mode 2
Event: 14.010 Thread 0x000001e899fdd800 DEOPT PACKING pc=0x000001e881e70cb3 sp=0x00000012b50f8a00
Event: 14.010 Thread 0x000001e899fdd800 DEOPT UNPACKING pc=0x000001e88004a95e sp=0x00000012b50f7fe0 mode 0

Classes redefined (0 events):
No events

Internal exceptions (20 events):
Event: 10.153 Thread 0x000001e899feb000 Exception <a 'java/lang/IncompatibleClassChangeError'{0x000000008a4d2468}: Found class java.lang.Object, but interface was expected> (0x000000008a4d2468) thrown at [./src/hotspot/share/interpreter/linkResolver.cpp, line 839]
Event: 10.153 Thread 0x000001e899fdd800 Exception <a 'java/lang/IncompatibleClassChangeError'{0x000000008a451980}: Found class java.lang.Object, but interface was expected> (0x000000008a451980) thrown at [./src/hotspot/share/interpreter/linkResolver.cpp, line 839]
Event: 10.312 Thread 0x000001e899fdd800 Exception <a 'java/lang/NoSuchMethodError'{0x000000008b0a5570}: 'java.lang.Object java.lang.invoke.DirectMethodHandle$Holder.invokeStatic(java.lang.Object, int, java.lang.Object, java.lang.Object)'> (0x000000008b0a5570) thrown at [./src/hotspot/share/interpreter/linkResolver.cpp, line 773]
Event: 10.323 Thread 0x000001e896cac800 Exception <a 'sun/nio/fs/WindowsException'{0x000000008a934b88}> (0x000000008a934b88) thrown at [./src/hotspot/share/prims/jni.cpp, line 616]
Event: 10.360 Thread 0x000001e899fdd800 Implicit null exception at 0x000001e887d35762 to 0x000001e887d3af04
Event: 10.360 Thread 0x000001e899feb000 Implicit null exception at 0x000001e887d35762 to 0x000001e887d3af04
Event: 10.475 Thread 0x000001e899feb000 Exception <a 'java/lang/IncompatibleClassChangeError'{0x000000008bc2c9e0}: Found class java.lang.Object, but interface was expected> (0x000000008bc2c9e0) thrown at [./src/hotspot/share/interpreter/linkResolver.cpp, line 839]
Event: 10.475 Thread 0x000001e899feb000 Exception <a 'java/lang/IncompatibleClassChangeError'{0x000000008bc37ac0}: Found class java.lang.Object, but interface was expected> (0x000000008bc37ac0) thrown at [./src/hotspot/share/interpreter/linkResolver.cpp, line 839]
Event: 10.576 Thread 0x000001e899feb000 Exception <a 'java/lang/NoSuchMethodError'{0x000000008be9cc50}: 'void java.lang.invoke.DirectMethodHandle$Holder.invokeSpecial(java.lang.Object, java.lang.Object, int, java.lang.Object)'> (0x000000008be9cc50) thrown at [./src/hotspot/share/interpreter/linkResolver.cpp, line 773]
Event: 10.806 Thread 0x000001e896cb5800 Exception <a 'java/lang/NoSuchMethodError'{0x000000008ef58af8}: 'java.lang.Object java.lang.invoke.DirectMethodHandle$Holder.invokeInterface(java.lang.Object, java.lang.Object, int)'> (0x000000008ef58af8) thrown at [./src/hotspot/share/interpreter/linkResolver.cpp, line 773]
Event: 11.292 Thread 0x000001e896cb5800 Exception <a 'java/lang/NoSuchMethodError'{0x000000008f18ea08}: 'int java.lang.invoke.DirectMethodHandle$Holder.invokeInterface(java.lang.Object, java.lang.Object, int)'> (0x000000008f18ea08) thrown at [./src/hotspot/share/interpreter/linkResolver.cpp, line 773]
Event: 11.301 Thread 0x000001e899fdf000 Exception <a 'sun/nio/fs/WindowsException'{0x000000008eca9110}> (0x000000008eca9110) thrown at [./src/hotspot/share/prims/jni.cpp, line 616]
Event: 11.354 Thread 0x000001e896cac800 Exception <a 'java/lang/NoSuchMethodError'{0x000000008d5188e0}: 'java.lang.Object java.lang.invoke.DirectMethodHandle$Holder.invokeSpecial(java.lang.Object, java.lang.Object, java.lang.Object, java.lang.Object, java.lang.Object, java.lang.Object, java.lang.Object, java.lang.Object, java.lang.Object, java.lang.Object, java.lang.Object)'> (0x000000008d5188e0) thrown at [./src/hotspot/share/interpreter/linkResolver.cpp, line 773]
Event: 11.358 Thread 0x000001e896cac800 Exception <a 'java/lang/NoSuchMethodError'{0x000000008d524280}: 'java.lang.Object java.lang.invoke.Invokers$Holder.linkToTargetMethod(java.lang.Object, java.lang.Object, java.lang.Object, java.lang.Object, java.lang.Object, java.lang.Object, java.lang.Object, java.lang.Object, java.lang.Object, java.lang.Object)'> (0x000000008d524280) thrown at [./src/hotspot/share/interpreter/linkResolver.cpp, line 773]
Event: 13.296 Thread 0x000001e899feb000 Exception <a 'java/lang/NoSuchMethodError'{0x0000000092810468}: 'java.lang.Object java.lang.invoke.Invokers$Holder.linkToTargetMethod(java.lang.Object, int, java.lang.Object, java.lang.Object, java.lang.Object, java.lang.Object)'> (0x0000000092810468) thrown at [./src/hotspot/share/interpreter/linkResolver.cpp, line 773]
Event: 13.323 Thread 0x000001e899feb000 Exception <a 'java/lang/NoSuchMethodError'{0x0000000092308a38}: 'void java.lang.invoke.DirectMethodHandle$Holder.invokeStatic(java.lang.Object, java.lang.Object, java.lang.Object, java.lang.Object, java.lang.Object, java.lang.Object, java.lang.Object, java.lang.Object)'> (0x0000000092308a38) thrown at [./src/hotspot/share/interpreter/linkResolver.cpp, line 773]
Event: 13.333 Thread 0x000001e899f0b000 Exception <a 'java/lang/IncompatibleClassChangeError'{0x0000000092483aa0}: Found class java.lang.Object, but interface was expected> (0x0000000092483aa0) thrown at [./src/hotspot/share/interpreter/linkResolver.cpp, line 839]
Event: 13.333 Thread 0x000001e896cac800 Exception <a 'java/lang/IncompatibleClassChangeError'{0x0000000093f82a10}: Found class java.lang.Object, but interface was expected> (0x0000000093f82a10) thrown at [./src/hotspot/share/interpreter/linkResolver.cpp, line 839]
Event: 13.686 Thread 0x000001e899fdd800 Implicit null exception at 0x000001e888178d9f to 0x000001e88817e328
Event: 13.807 Thread 0x000001e896cac800 Exception <a 'java/lang/NoSuchMethodError'{0x000000008ef938f0}: 'void java.lang.invoke.DirectMethodHandle$Holder.invokeSpecialIFC(java.lang.Object, java.lang.Object, java.lang.Object, java.lang.Object)'> (0x000000008ef938f0) thrown at [./src/hotspot/share/interpreter/linkResolver.cpp, line 773]

Events (20 events):
Event: 13.982 loading class com/android/tools/r8/internal/x00
Event: 13.982 loading class com/android/tools/r8/internal/x00 done
Event: 13.982 loading class com/android/tools/r8/internal/A00
Event: 13.982 loading class com/android/tools/r8/internal/A00 done
Event: 13.983 loading class com/android/tools/r8/internal/El
Event: 13.983 loading class com/android/tools/r8/internal/El done
Event: 13.983 loading class com/android/tools/r8/graph/b1
Event: 13.983 loading class com/android/tools/r8/graph/b1 done
Event: 13.983 loading class com/android/tools/r8/internal/El
Event: 13.983 loading class com/android/tools/r8/internal/El done
Event: 13.983 loading class com/android/tools/r8/internal/El
Event: 13.983 loading class com/android/tools/r8/internal/El done
Event: 13.983 loading class com/android/tools/r8/internal/El
Event: 13.983 loading class com/android/tools/r8/internal/El done
Event: 14.005 loading class com/android/tools/r8/internal/B00
Event: 14.005 loading class com/android/tools/r8/internal/B00 done
Event: 14.006 loading class com/android/tools/r8/internal/D00
Event: 14.006 loading class com/android/tools/r8/internal/D00 done
Event: 14.012 loading class com/android/tools/r8/internal/y8
Event: 14.012 loading class com/android/tools/r8/internal/y8 done


Dynamic libraries:
0x00007ff648840000 - 0x00007ff64884a000 	C:\Program Files\Android\Android Studio\jre\bin\java.exe
0x00007ffaac990000 - 0x00007ffaacb88000 	C:\WINDOWS\SYSTEM32\ntdll.dll
0x00007ffa89e20000 - 0x00007ffa89e36000 	C:\Program Files\Avast Software\Avast\aswhook.dll
0x00007ffaabc00000 - 0x00007ffaabcbf000 	C:\WINDOWS\System32\KERNEL32.DLL
0x00007ffaaa4e0000 - 0x00007ffaaa7b2000 	C:\WINDOWS\System32\KERNELBASE.dll
0x00007ffaaa230000 - 0x00007ffaaa330000 	C:\WINDOWS\System32\ucrtbase.dll
0x00007ffa84740000 - 0x00007ffa84759000 	C:\Program Files\Android\Android Studio\jre\bin\jli.dll
0x00007ffa830c0000 - 0x00007ffa830d7000 	C:\Program Files\Android\Android Studio\jre\bin\VCRUNTIME140.dll
0x00007ffaaad80000 - 0x00007ffaaaf1d000 	C:\WINDOWS\System32\USER32.dll
0x00007ffaaa870000 - 0x00007ffaaa892000 	C:\WINDOWS\System32\win32u.dll
0x00007ffa90d00000 - 0x00007ffa90f9a000 	C:\WINDOWS\WinSxS\amd64_microsoft.windows.common-controls_6595b64144ccf1df_6.0.19041.1110_none_60b5254171f9507e\COMCTL32.dll
0x00007ffaaaac0000 - 0x00007ffaaaaeb000 	C:\WINDOWS\System32\GDI32.dll
0x00007ffaaa8a0000 - 0x00007ffaaa9af000 	C:\WINDOWS\System32\gdi32full.dll
0x00007ffaac8b0000 - 0x00007ffaac94e000 	C:\WINDOWS\System32\msvcrt.dll
0x00007ffaaa100000 - 0x00007ffaaa19d000 	C:\WINDOWS\System32\msvcp_win.dll
0x00007ffaac0d0000 - 0x00007ffaac102000 	C:\WINDOWS\System32\IMM32.DLL
0x00007ffa763c0000 - 0x00007ffa7645d000 	C:\Program Files\Android\Android Studio\jre\bin\msvcp140.dll
0x00007ffa04650000 - 0x00007ffa05152000 	C:\Program Files\Android\Android Studio\jre\bin\server\jvm.dll
0x00007ffaab0e0000 - 0x00007ffaab18e000 	C:\WINDOWS\System32\ADVAPI32.dll
0x00007ffaac720000 - 0x00007ffaac7bc000 	C:\WINDOWS\System32\sechost.dll
0x00007ffaab190000 - 0x00007ffaab2b5000 	C:\WINDOWS\System32\RPCRT4.dll
0x00007ffaac5e0000 - 0x00007ffaac5e8000 	C:\WINDOWS\System32\PSAPI.DLL
0x00007ffa9d3e0000 - 0x00007ffa9d3e9000 	C:\WINDOWS\SYSTEM32\WSOCK32.dll
0x00007ffaa0500000 - 0x00007ffaa0527000 	C:\WINDOWS\SYSTEM32\WINMM.dll
0x00007ffaa49d0000 - 0x00007ffaa49da000 	C:\WINDOWS\SYSTEM32\VERSION.dll
0x00007ffaab370000 - 0x00007ffaab3db000 	C:\WINDOWS\System32\WS2_32.dll
0x00007ffaa7e90000 - 0x00007ffaa7ea2000 	C:\WINDOWS\SYSTEM32\kernel.appcore.dll
0x00007ffaa13a0000 - 0x00007ffaa13b1000 	C:\Program Files\Android\Android Studio\jre\bin\verify.dll
0x00007ffaa41b0000 - 0x00007ffaa4394000 	C:\WINDOWS\SYSTEM32\DBGHELP.DLL
0x00007ffaa40f0000 - 0x00007ffaa411c000 	C:\WINDOWS\SYSTEM32\dbgcore.DLL
0x00007ffaaa1a0000 - 0x00007ffaaa222000 	C:\WINDOWS\System32\bcryptPrimitives.dll
0x00007ffaa1150000 - 0x00007ffaa1179000 	C:\Program Files\Android\Android Studio\jre\bin\java.dll
0x00007ffaa5d40000 - 0x00007ffaa5d4b000 	C:\Program Files\Android\Android Studio\jre\bin\jimage.dll
0x00007ffaa1130000 - 0x00007ffaa1148000 	C:\Program Files\Android\Android Studio\jre\bin\zip.dll
0x00007ffaab4b0000 - 0x00007ffaabbf3000 	C:\WINDOWS\System32\SHELL32.dll
0x00007ffaa8170000 - 0x00007ffaa8902000 	C:\WINDOWS\SYSTEM32\windows.storage.dll
0x00007ffaabd70000 - 0x00007ffaac0c4000 	C:\WINDOWS\System32\combase.dll
0x00007ffaa9a10000 - 0x00007ffaa9a40000 	C:\WINDOWS\SYSTEM32\Wldp.dll
0x00007ffaab2c0000 - 0x00007ffaab36d000 	C:\WINDOWS\System32\SHCORE.dll
0x00007ffaaa9e0000 - 0x00007ffaaaa35000 	C:\WINDOWS\System32\shlwapi.dll
0x00007ffaa9fd0000 - 0x00007ffaa9fef000 	C:\WINDOWS\SYSTEM32\profapi.dll
0x00007ffa9f320000 - 0x00007ffa9f33a000 	C:\Program Files\Android\Android Studio\jre\bin\net.dll
0x00007ffaa2140000 - 0x00007ffaa224c000 	C:\WINDOWS\SYSTEM32\WINHTTP.dll
0x0000000180000000 - 0x00000001800ce000 	C:\Program Files (x86)\Conceiva\DownloadStudio\plugins\dstudiolsp64.dll
0x000000006a3a0000 - 0x000000006a443000 	C:\WINDOWS\WinSxS\amd64_microsoft.vc90.crt_1fc8b3b9a1e18e3b_9.0.30729.9625_none_08e1c10da83fbc83\MSVCR90.dll
0x00007ffa81180000 - 0x00007ffa818e8000 	C:\WINDOWS\SYSTEM32\ieframe.dll
0x00007ffaac5f0000 - 0x00007ffaac71a000 	C:\WINDOWS\System32\ole32.dll
0x00007ffaac7c0000 - 0x00007ffaac88d000 	C:\WINDOWS\System32\OLEAUT32.dll
0x00007ffa986d0000 - 0x00007ffa98981000 	C:\WINDOWS\SYSTEM32\iertutil.dll
0x00007ffa98ea0000 - 0x00007ffa98eb9000 	C:\WINDOWS\SYSTEM32\NETAPI32.dll
0x00007ffaa9f50000 - 0x00007ffaa9f7e000 	C:\WINDOWS\SYSTEM32\USERENV.dll
0x00007ffaa91f0000 - 0x00007ffaa9209000 	C:\WINDOWS\SYSTEM32\WKSCLI.DLL
0x00007ffaa9570000 - 0x00007ffaa957c000 	C:\WINDOWS\SYSTEM32\NETUTILS.DLL
0x00007ffa98990000 - 0x00007ffa98e69000 	C:\WINDOWS\SYSTEM32\Wininet.dll
0x00007ffaa9770000 - 0x00007ffaa97da000 	C:\WINDOWS\system32\mswsock.dll
0x00007ffa9f300000 - 0x00007ffa9f314000 	C:\Program Files\Android\Android Studio\jre\bin\nio.dll
0x00007ffa818f0000 - 0x00007ffa81917000 	C:\Users\beta2\.gradle\native\e1d6ef7f7dcc3fd88c89a11ec53ec762bb8ba0a96d01ffa2cd45eb1d1d8dd5c5\windows-amd64\native-platform.dll
0x00007ffa662f0000 - 0x00007ffa66434000 	C:\Users\beta2\.gradle\native\0d407fdbe67a94daf76414ababcb853783967236a71b16ec16e742cd7a986fd3\windows-amd64\native-platform-file-events.dll
0x00007ffaa2870000 - 0x00007ffaa287a000 	C:\Program Files\Android\Android Studio\jre\bin\management.dll
0x00007ffaa1390000 - 0x00007ffaa139d000 	C:\Program Files\Android\Android Studio\jre\bin\management_ext.dll
0x00007ffaa9960000 - 0x00007ffaa9978000 	C:\WINDOWS\SYSTEM32\CRYPTSP.dll
0x00007ffaa9090000 - 0x00007ffaa90c4000 	C:\WINDOWS\system32\rsaenh.dll
0x00007ffaaa9b0000 - 0x00007ffaaa9d7000 	C:\WINDOWS\System32\bcrypt.dll
0x00007ffaa9980000 - 0x00007ffaa998c000 	C:\WINDOWS\SYSTEM32\CRYPTBASE.dll
0x00007ffaa9460000 - 0x00007ffaa949b000 	C:\WINDOWS\SYSTEM32\IPHLPAPI.DLL
0x00007ffaab4a0000 - 0x00007ffaab4a8000 	C:\WINDOWS\System32\NSI.dll
0x00007ffaa4500000 - 0x00007ffaa4517000 	C:\WINDOWS\SYSTEM32\dhcpcsvc6.DLL
0x00007ffaa4440000 - 0x00007ffaa445d000 	C:\WINDOWS\SYSTEM32\dhcpcsvc.DLL
0x00007ffaa94a0000 - 0x00007ffaa956a000 	C:\WINDOWS\SYSTEM32\DNSAPI.dll

dbghelp: loaded successfully - version: 4.0.5 - missing functions: none
symbol engine: initialized successfully - sym options: 0x614 - pdb path: .;C:\Program Files\Android\Android Studio\jre\bin;C:\WINDOWS\SYSTEM32;C:\Program Files\Avast Software\Avast;C:\WINDOWS\WinSxS\amd64_microsoft.windows.common-controls_6595b64144ccf1df_6.0.19041.1110_none_60b5254171f9507e;C:\Program Files\Android\Android Studio\jre\bin\server;C:\Program Files (x86)\Conceiva\DownloadStudio\plugins;C:\WINDOWS\WinSxS\amd64_microsoft.vc90.crt_1fc8b3b9a1e18e3b_9.0.30729.9625_none_08e1c10da83fbc83;C:\Users\beta2\.gradle\native\e1d6ef7f7dcc3fd88c89a11ec53ec762bb8ba0a96d01ffa2cd45eb1d1d8dd5c5\windows-amd64;C:\Users\beta2\.gradle\native\0d407fdbe67a94daf76414ababcb853783967236a71b16ec16e742cd7a986fd3\windows-amd64

VM Arguments:
jvm_args: --add-opens=java.base/java.util=ALL-UNNAMED --add-opens=java.base/java.lang=ALL-UNNAMED --add-opens=java.base/java.lang.invoke=ALL-UNNAMED --add-opens=java.base/java.util=ALL-UNNAMED --add-opens=java.prefs/java.util.prefs=ALL-UNNAMED --add-opens=java.prefs/java.util.prefs=ALL-UNNAMED --add-opens=java.base/java.nio.charset=ALL-UNNAMED --add-opens=java.base/java.net=ALL-UNNAMED --add-opens=java.base/java.util.concurrent.atomic=ALL-UNNAMED -Xmx2048m -Dfile.encoding=UTF-8 -Duser.country=RU -Duser.language=ru -Duser.variant 
java_command: org.gradle.launcher.daemon.bootstrap.GradleDaemon 7.4
java_class_path (initial): C:\Users\beta2\.gradle\wrapper\dists\gradle-7.4-bin\c0gwcg53nkjbqw7r0h0umtfvt\gradle-7.4\lib\gradle-launcher-7.4.jar
Launcher Type: SUN_STANDARD

[Global flags]
     intx CICompilerCount                          = 3                                         {product} {ergonomic}
     uint ConcGCThreads                            = 2                                         {product} {ergonomic}
     uint G1ConcRefinementThreads                  = 6                                         {product} {ergonomic}
   size_t G1HeapRegionSize                         = 1048576                                   {product} {ergonomic}
    uintx GCDrainStackTargetSize                   = 64                                        {product} {ergonomic}
   size_t InitialHeapSize                          = 134217728                                 {product} {ergonomic}
   size_t MarkStackSize                            = 4194304                                   {product} {ergonomic}
   size_t MaxHeapSize                              = 2147483648                                {product} {command line}
   size_t MaxNewSize                               = 1287651328                                {product} {ergonomic}
   size_t MinHeapDeltaBytes                        = 1048576                                   {product} {ergonomic}
    uintx NonNMethodCodeHeapSize                   = 5830732                                {pd product} {ergonomic}
    uintx NonProfiledCodeHeapSize                  = 122913754                              {pd product} {ergonomic}
    uintx ProfiledCodeHeapSize                     = 122913754                              {pd product} {ergonomic}
    uintx ReservedCodeCacheSize                    = 251658240                              {pd product} {ergonomic}
     bool SegmentedCodeCache                       = true                                      {product} {ergonomic}
     bool UseCompressedClassPointers               = true                                 {lp64_product} {ergonomic}
     bool UseCompressedOops                        = true                                 {lp64_product} {ergonomic}
     bool UseG1GC                                  = true                                      {product} {ergonomic}
     bool UseLargePagesIndividualAllocation        = false                                  {pd product} {ergonomic}

Logging:
Log output configuration:
 #0: stdout all=warning uptime,level,tags
 #1: stderr all=off uptime,level,tags

Environment Variables:
PATH=C:\WINDOWS\system32;C:\WINDOWS;C:\WINDOWS\System32\Wbem;C:\WINDOWS\System32\WindowsPowerShell\v1.0\;C:\WINDOWS\System32\OpenSSH\;C:\Program Files (x86)\NVIDIA Corporation\PhysX\Common;C:\Program Files\NVIDIA Corporation\NVIDIA NvDLISR;C:\Program Files\Git\cmd;C:\Users\beta2\AppData\Local\Microsoft\WindowsApps;C:\Users\beta2\AppData\Local\Programs\Microsoft VS Code\bin;C:\Users\beta2\AppData\Local\GitHubDesktop\bin
USERNAME=beta2
OS=Windows_NT
PROCESSOR_IDENTIFIER=Intel64 Family 6 Model 158 Stepping 10, GenuineIntel



---------------  S Y S T E M  ---------------

OS: Windows 10 , 64 bit Build 19041 (10.0.19041.2251)
OS uptime: 1 days 9:49 hours

CPU:total 6 (initial active 6) (6 cores per cpu, 1 threads per core) family 6 model 158 stepping 10 microcode 0xb4, cmov, cx8, fxsr, mmx, sse, sse2, sse3, ssse3, sse4.1, sse4.2, popcnt, avx, avx2, aes, clmul, erms, 3dnowpref, lzcnt, tsc, tscinvbit, bmi1, bmi2, adx, fma

Memory: 4k page, system-wide physical 8134M (500M free)
TotalPageFile size 11958M (AvailPageFile size 14M)
current process WorkingSet (physical memory assigned to process): 686M, peak: 688M
current process commit charge ("private bytes"): 736M, peak: 801M

vm_info: OpenJDK 64-Bit Server VM (11.0.13+0-b1751.21-8125866) for windows-amd64 JRE (11.0.13+0-b1751.21-8125866), built on Feb  2 2022 03:00:22 by "builder" with MS VC++ 14.0 (VS2015)

END.
