#
# There is insufficient memory for the Java Runtime Environment to continue.
# Native memory allocation (mmap) failed to map 300941312 bytes for Failed to commit area from 0x0000000090b00000 to 0x00000000a2a00000 of length 300941312.
# Possible reasons:
#   The system is out of physical RAM or swap space
#   The process is running with CompressedOops enabled, and the Java Heap may be blocking the growth of the native heap
# Possible solutions:
#   Reduce memory load on the system
#   Increase physical memory or swap space
#   Check if swap backing store is full
#   Decrease Java heap size (-Xmx/-Xms)
#   Decrease number of Java threads
#   Decrease Java thread stack sizes (-Xss)
#   Set larger code cache with -XX:ReservedCodeCacheSize=
#   JVM is running with Unscaled Compressed Oops mode in which the Java heap is
#     placed in the first 4GB address space. The Java Heap base address is the
#     maximum limit for the native heap growth. Please use -XX:HeapBaseMinAddress
#     to set the Java Heap base and to place the Java Heap above 4GB virtual address.
# This output file may be truncated or incomplete.
#
#  Out of Memory Error (./src/hotspot/os/windows/os_windows.cpp:3619), pid=18772, tid=7160
#
# JRE version: OpenJDK Runtime Environment (11.0.13) (build 11.0.13+0-b1751.21-8125866)
# Java VM: OpenJDK 64-Bit Server VM (11.0.13+0-b1751.21-8125866, mixed mode, tiered, compressed oops, g1 gc, windows-amd64)
# No core dump will be written. Minidumps are not enabled by default on client versions of Windows
#

---------------  S U M M A R Y ------------

Command Line: --add-opens=java.base/java.util=ALL-UNNAMED --add-opens=java.base/java.lang=ALL-UNNAMED --add-opens=java.base/java.lang.invoke=ALL-UNNAMED --add-opens=java.base/java.util=ALL-UNNAMED --add-opens=java.prefs/java.util.prefs=ALL-UNNAMED --add-opens=java.prefs/java.util.prefs=ALL-UNNAMED --add-opens=java.base/java.nio.charset=ALL-UNNAMED --add-opens=java.base/java.net=ALL-UNNAMED --add-opens=java.base/java.util.concurrent.atomic=ALL-UNNAMED -Xmx2048m -Dfile.encoding=UTF-8 -Duser.country=RU -Duser.language=ru -Duser.variant org.gradle.launcher.daemon.bootstrap.GradleDaemon 7.4

Host: Intel(R) Core(TM) i5-8400 CPU @ 2.80GHz, 6 cores, 7G,  Windows 10 , 64 bit Build 19041 (10.0.19041.2251)
Time: Sun Nov 27 18:51:50 2022 RTZ 2 (зима) elapsed time: 2625.307782 seconds (0d 0h 43m 45s)

---------------  T H R E A D  ---------------

Current thread (0x00000143ece62800):  VMThread "VM Thread" [stack: 0x0000002126800000,0x0000002126900000] [id=7160]

Stack: [0x0000002126800000,0x0000002126900000]
[error occurred during error reporting (printing stack bounds), id 0xc0000005, EXCEPTION_ACCESS_VIOLATION (0xc0000005) at pc=0x00000143d692112d]

Native frames: (J=compiled Java code, j=interpreted, Vv=VM code, C=native code)
V  [jvm.dll+0x6100fa]
V  [jvm.dll+0x747090]
V  [jvm.dll+0x7486ad]
V  [jvm.dll+0x748ce5]
V  [jvm.dll+0x748c9b]
V  [jvm.dll+0x60f224]
V  [jvm.dll+0x60f9b8]
C  [ntdll.dll+0xa241f]
C  [ntdll.dll+0x514a4]
C  [ntdll.dll+0xa0f4e]
C  0x00000143d692112d

VM_Operation (0x0000002129df83d0): G1CollectForAllocation, mode: safepoint, requested by thread 0x00000143f32bb800


---------------  P R O C E S S  ---------------

Threads class SMR info:
_java_thread_list=0x00000143f14f6610, length=115, elements={
0x00000143d2e08000, 0x00000143ece66000, 0x00000143ece6f800, 0x00000143ece82800,
0x00000143ece85000, 0x00000143ece88800, 0x00000143ece8b800, 0x00000143ece8f000,
0x00000143ece9b000, 0x00000143ed967800, 0x00000143ef334800, 0x00000143ef59c000,
0x00000143ef819800, 0x00000143f09c2800, 0x00000143f09c1000, 0x00000143f09c2000,
0x00000143f09c5000, 0x00000143f09c3800, 0x00000143f09c4800, 0x00000143f09c0000,
0x00000143f09bf800, 0x00000143f09c6000, 0x00000143f32b7800, 0x00000143f32b7000,
0x00000143f32b6000, 0x00000143f32bc800, 0x00000143f389b800, 0x00000143f3890800,
0x00000143f3896000, 0x00000143f3892800, 0x00000143f3893800, 0x00000143f3895000,
0x00000143f3894800, 0x00000143f3897000, 0x00000143f32b9800, 0x00000143f32bd800,
0x00000143f32b8800, 0x00000143f32bb000, 0x00000143f32bf000, 0x00000143f32c0000,
0x00000143f32ba000, 0x00000143f32c0800, 0x00000143f32c1800, 0x00000143f32bb800,
0x00000143f32c2000, 0x00000143f32c3000, 0x00000143f32c4000, 0x00000143f32c4800,
0x00000143f3891000, 0x00000143f3897800, 0x00000143f3892000, 0x00000143f389d800,
0x00000143f389a000, 0x00000143f3898800, 0x00000143f389b000, 0x00000143f389c800,
0x00000143f389f000, 0x00000143f3899000, 0x00000143f389e000, 0x00000143f17a7800,
0x00000143f17a9000, 0x00000143f17a3800, 0x00000143f17aa000, 0x00000143f17a4000,
0x00000143f17aa800, 0x00000143f17a5000, 0x00000143f17ab800, 0x00000143f17a5800,
0x00000143f17ac800, 0x00000143f17a6800, 0x00000143f17a8000, 0x00000143f17ae800,
0x00000143f17af800, 0x00000143f17b1000, 0x00000143f17ae000, 0x00000143f17b2000,
0x00000143f17ad000, 0x00000143f17b0800, 0x00000143f041c800, 0x00000143f0419000,
0x00000143f041b800, 0x00000143f041a000, 0x00000143f041b000, 0x00000143f041d800,
0x00000143f0417800, 0x00000143f041e000, 0x00000143f0418800, 0x00000143f0420000,
0x00000143f041f000, 0x00000143f0426800, 0x00000143f0424800, 0x00000143f0425800,
0x00000143f0423000, 0x00000143f0420800, 0x00000143f0421800, 0x00000143f0422000,
0x00000143f0424000, 0x00000143f7565800, 0x00000143f7566000, 0x00000143f7563000,
0x00000143f7561800, 0x00000143f7562000, 0x00000143f7567000, 0x00000143f7563800,
0x00000143f7568800, 0x00000143f756a800, 0x00000143f7568000, 0x00000143f7569800,
0x00000143f7564800, 0x00000143f756c000, 0x00000143f756c800, 0x00000143f756e800,
0x00000143f756b000, 0x00000143f756f000, 0x00000143f335d800
}

Java Threads: ( => current thread )
  0x00000143d2e08000 JavaThread "main" [_thread_blocked, id=15316, stack(0x0000002126200000,0x0000002126300000)]
  0x00000143ece66000 JavaThread "Reference Handler" daemon [_thread_blocked, id=11732, stack(0x0000002126900000,0x0000002126a00000)]
  0x00000143ece6f800 JavaThread "Finalizer" daemon [_thread_blocked, id=18948, stack(0x0000002126a00000,0x0000002126b00000)]
  0x00000143ece82800 JavaThread "Signal Dispatcher" daemon [_thread_blocked, id=18804, stack(0x0000002126b00000,0x0000002126c00000)]
  0x00000143ece85000 JavaThread "Attach Listener" daemon [_thread_blocked, id=14332, stack(0x0000002126c00000,0x0000002126d00000)]
  0x00000143ece88800 JavaThread "Service Thread" daemon [_thread_blocked, id=11048, stack(0x0000002126d00000,0x0000002126e00000)]
  0x00000143ece8b800 JavaThread "C2 CompilerThread0" daemon [_thread_blocked, id=4980, stack(0x0000002126e00000,0x0000002126f00000)]
  0x00000143ece8f000 JavaThread "C1 CompilerThread0" daemon [_thread_blocked, id=16808, stack(0x0000002126f00000,0x0000002127000000)]
  0x00000143ece9b000 JavaThread "Sweeper thread" daemon [_thread_blocked, id=10496, stack(0x0000002127000000,0x0000002127100000)]
  0x00000143ed967800 JavaThread "Common-Cleaner" daemon [_thread_blocked, id=1772, stack(0x0000002127100000,0x0000002127200000)]
  0x00000143ef334800 JavaThread "Daemon health stats" [_thread_blocked, id=6828, stack(0x0000002127c00000,0x0000002127d00000)]
  0x00000143ef59c000 JavaThread "Incoming local TCP Connector on port 59023" [_thread_in_native, id=17604, stack(0x0000002127d00000,0x0000002127e00000)]
  0x00000143ef819800 JavaThread "Daemon periodic checks" [_thread_blocked, id=19416, stack(0x0000002127e00000,0x0000002127f00000)]
  0x00000143f09c2800 JavaThread "Cache worker for journal cache (C:\Users\beta2\.gradle\caches\journal-1)" [_thread_blocked, id=17040, stack(0x0000002127900000,0x0000002127a00000)]
  0x00000143f09c1000 JavaThread "File lock request listener" [_thread_in_native, id=2768, stack(0x0000002128900000,0x0000002128a00000)]
  0x00000143f09c2000 JavaThread "Cache worker for file hash cache (C:\Users\beta2\.gradle\caches\7.4\fileHashes)" [_thread_blocked, id=11120, stack(0x0000002128b00000,0x0000002128c00000)]
  0x00000143f09c5000 JavaThread "File watcher server" daemon [_thread_blocked, id=6656, stack(0x0000002128d00000,0x0000002128e00000)]
  0x00000143f09c3800 JavaThread "File watcher consumer" daemon [_thread_blocked, id=18040, stack(0x0000002128e00000,0x0000002128f00000)]
  0x00000143f09c4800 JavaThread "jar transforms" [_thread_blocked, id=13448, stack(0x0000002128f00000,0x0000002129000000)]
  0x00000143f09c0000 JavaThread "jar transforms Thread 2" [_thread_blocked, id=6592, stack(0x0000002129000000,0x0000002129100000)]
  0x00000143f09bf800 JavaThread "jar transforms Thread 3" [_thread_blocked, id=6192, stack(0x0000002129100000,0x0000002129200000)]
  0x00000143f09c6000 JavaThread "jar transforms Thread 4" [_thread_blocked, id=1144, stack(0x0000002129200000,0x0000002129300000)]
  0x00000143f32b7800 JavaThread "jar transforms Thread 5" [_thread_blocked, id=18856, stack(0x0000002129300000,0x0000002129400000)]
  0x00000143f32b7000 JavaThread "jar transforms Thread 6" [_thread_blocked, id=8660, stack(0x0000002129400000,0x0000002129500000)]
  0x00000143f32b6000 JavaThread "Cache worker for execution history cache (C:\Users\beta2\.gradle\caches\7.4\executionHistory)" [_thread_blocked, id=7768, stack(0x0000002129800000,0x0000002129900000)]
  0x00000143f32bc800 JavaThread "Cache worker for file content cache (C:\Users\beta2\.gradle\caches\7.4\fileContent)" [_thread_blocked, id=12396, stack(0x0000002129a00000,0x0000002129b00000)]
  0x00000143f389b800 JavaThread "Memory manager" [_thread_blocked, id=11144, stack(0x000000212d900000,0x000000212da00000)]
  0x00000143f3890800 JavaThread "Daemon Thread 4" [_thread_blocked, id=18712, stack(0x0000002125f00000,0x0000002126000000)]
  0x00000143f3896000 JavaThread "Handler for socket connection from /127.0.0.1:59023 to /127.0.0.1:59617" [_thread_in_native, id=11404, stack(0x0000002126000000,0x0000002126100000)]
  0x00000143f3892800 JavaThread "Cancel handler" [_thread_blocked, id=6520, stack(0x0000002126100000,0x0000002126200000)]
  0x00000143f3893800 JavaThread "Daemon worker Thread 4" [_thread_blocked, id=17776, stack(0x0000002127f00000,0x0000002128000000)]
  0x00000143f3895000 JavaThread "Asynchronous log dispatcher for DefaultDaemonConnection: socket connection from /127.0.0.1:59023 to /127.0.0.1:59617" [_thread_blocked, id=16448, stack(0x0000002128000000,0x0000002128100000)]
  0x00000143f3894800 JavaThread "Stdin handler" [_thread_blocked, id=15896, stack(0x0000002128100000,0x0000002128200000)]
  0x00000143f3897000 JavaThread "Daemon client event forwarder" [_thread_blocked, id=17392, stack(0x0000002128200000,0x0000002128300000)]
  0x00000143f32b9800 JavaThread "Cache worker for checksums cache (C:\Users\beta2\AndroidStudioProjects\app2\.gradle\7.4\checksums)" [_thread_blocked, id=10368, stack(0x0000002128400000,0x0000002128500000)]
  0x00000143f32bd800 JavaThread "Cache worker for cache directory md-rule (C:\Users\beta2\.gradle\caches\7.4\md-rule)" [_thread_blocked, id=19196, stack(0x0000002128500000,0x0000002128600000)]
  0x00000143f32b8800 JavaThread "Cache worker for file hash cache (C:\Users\beta2\AndroidStudioProjects\app2\.gradle\7.4\fileHashes)" [_thread_blocked, id=9664, stack(0x0000002128c00000,0x0000002128d00000)]
  0x00000143f32bb000 JavaThread "Cache worker for cache directory md-supplier (C:\Users\beta2\.gradle\caches\7.4\md-supplier)" [_thread_blocked, id=10884, stack(0x0000002129500000,0x0000002129600000)]
  0x00000143f32bf000 JavaThread "Cache worker for dependencies-accessors (C:\Users\beta2\AndroidStudioProjects\app2\.gradle\7.4\dependencies-accessors)" [_thread_blocked, id=15308, stack(0x0000002129600000,0x0000002129700000)]
  0x00000143f32c0000 JavaThread "Cache worker for Build Output Cleanup Cache (C:\Users\beta2\AndroidStudioProjects\app2\.gradle\buildOutputCleanup)" [_thread_blocked, id=13220, stack(0x0000002129700000,0x0000002129800000)]
  0x00000143f32ba000 JavaThread "Unconstrained build operations" [_thread_blocked, id=15160, stack(0x0000002129900000,0x0000002129a00000)]
  0x00000143f32c0800 JavaThread "Unconstrained build operations Thread 2" [_thread_blocked, id=6128, stack(0x0000002129b00000,0x0000002129c00000)]
  0x00000143f32c1800 JavaThread "Unconstrained build operations Thread 3" [_thread_blocked, id=7204, stack(0x0000002129c00000,0x0000002129d00000)]
  0x00000143f32bb800 JavaThread "Unconstrained build operations Thread 4" [_thread_blocked, id=19240, stack(0x0000002129d00000,0x0000002129e00000)]
  0x00000143f32c2000 JavaThread "Unconstrained build operations Thread 5" [_thread_blocked, id=3612, stack(0x0000002129e00000,0x0000002129f00000)]
  0x00000143f32c3000 JavaThread "Unconstrained build operations Thread 6" [_thread_blocked, id=15676, stack(0x0000002129f00000,0x000000212a000000)]
  0x00000143f32c4000 JavaThread "Unconstrained build operations Thread 7" [_thread_blocked, id=13224, stack(0x000000212a000000,0x000000212a100000)]
  0x00000143f32c4800 JavaThread "Unconstrained build operations Thread 8" [_thread_blocked, id=12692, stack(0x000000212a100000,0x000000212a200000)]
  0x00000143f3891000 JavaThread "Unconstrained build operations Thread 9" [_thread_blocked, id=13044, stack(0x000000212a200000,0x000000212a300000)]
  0x00000143f3897800 JavaThread "Unconstrained build operations Thread 10" [_thread_blocked, id=14388, stack(0x000000212a300000,0x000000212a400000)]
  0x00000143f3892000 JavaThread "Unconstrained build operations Thread 11" [_thread_blocked, id=15784, stack(0x000000212a400000,0x000000212a500000)]
  0x00000143f389d800 JavaThread "Unconstrained build operations Thread 12" [_thread_blocked, id=17596, stack(0x000000212a500000,0x000000212a600000)]
  0x00000143f389a000 JavaThread "Unconstrained build operations Thread 13" [_thread_blocked, id=9884, stack(0x000000212a600000,0x000000212a700000)]
  0x00000143f3898800 JavaThread "Unconstrained build operations Thread 14" [_thread_blocked, id=13440, stack(0x000000212a700000,0x000000212a800000)]
  0x00000143f389b000 JavaThread "Unconstrained build operations Thread 15" [_thread_blocked, id=7356, stack(0x000000212a800000,0x000000212a900000)]
  0x00000143f389c800 JavaThread "Unconstrained build operations Thread 16" [_thread_blocked, id=18836, stack(0x000000212a900000,0x000000212aa00000)]
  0x00000143f389f000 JavaThread "Unconstrained build operations Thread 17" [_thread_blocked, id=9184, stack(0x000000212aa00000,0x000000212ab00000)]
  0x00000143f3899000 JavaThread "Unconstrained build operations Thread 18" [_thread_blocked, id=14532, stack(0x000000212ab00000,0x000000212ac00000)]
  0x00000143f389e000 JavaThread "Unconstrained build operations Thread 19" [_thread_blocked, id=18460, stack(0x000000212ac00000,0x000000212ad00000)]
  0x00000143f17a7800 JavaThread "Unconstrained build operations Thread 20" [_thread_blocked, id=10360, stack(0x000000212ad00000,0x000000212ae00000)]
  0x00000143f17a9000 JavaThread "Unconstrained build operations Thread 21" [_thread_blocked, id=3728, stack(0x000000212ae00000,0x000000212af00000)]
  0x00000143f17a3800 JavaThread "Unconstrained build operations Thread 22" [_thread_blocked, id=9496, stack(0x000000212af00000,0x000000212b000000)]
  0x00000143f17aa000 JavaThread "Unconstrained build operations Thread 23" [_thread_blocked, id=7312, stack(0x000000212b000000,0x000000212b100000)]
  0x00000143f17a4000 JavaThread "Unconstrained build operations Thread 24" [_thread_blocked, id=9968, stack(0x000000212b100000,0x000000212b200000)]
  0x00000143f17aa800 JavaThread "Unconstrained build operations Thread 25" [_thread_blocked, id=5716, stack(0x000000212b200000,0x000000212b300000)]
  0x00000143f17a5000 JavaThread "Unconstrained build operations Thread 26" [_thread_blocked, id=2108, stack(0x000000212b300000,0x000000212b400000)]
  0x00000143f17ab800 JavaThread "Unconstrained build operations Thread 27" [_thread_blocked, id=1324, stack(0x000000212b400000,0x000000212b500000)]
  0x00000143f17a5800 JavaThread "Unconstrained build operations Thread 28" [_thread_blocked, id=16940, stack(0x000000212b500000,0x000000212b600000)]
  0x00000143f17ac800 JavaThread "Unconstrained build operations Thread 29" [_thread_blocked, id=17812, stack(0x000000212b600000,0x000000212b700000)]
  0x00000143f17a6800 JavaThread "Unconstrained build operations Thread 30" [_thread_blocked, id=17696, stack(0x000000212b700000,0x000000212b800000)]
  0x00000143f17a8000 JavaThread "Unconstrained build operations Thread 31" [_thread_blocked, id=10944, stack(0x000000212b800000,0x000000212b900000)]
  0x00000143f17ae800 JavaThread "Unconstrained build operations Thread 32" [_thread_blocked, id=636, stack(0x000000212b900000,0x000000212ba00000)]
  0x00000143f17af800 JavaThread "Unconstrained build operations Thread 33" [_thread_blocked, id=14820, stack(0x000000212ba00000,0x000000212bb00000)]
  0x00000143f17b1000 JavaThread "Unconstrained build operations Thread 34" [_thread_blocked, id=1288, stack(0x000000212bb00000,0x000000212bc00000)]
  0x00000143f17ae000 JavaThread "Unconstrained build operations Thread 35" [_thread_blocked, id=13320, stack(0x000000212bc00000,0x000000212bd00000)]
  0x00000143f17b2000 JavaThread "Unconstrained build operations Thread 36" [_thread_blocked, id=7780, stack(0x000000212bd00000,0x000000212be00000)]
  0x00000143f17ad000 JavaThread "Unconstrained build operations Thread 37" [_thread_blocked, id=15268, stack(0x000000212be00000,0x000000212bf00000)]
  0x00000143f17b0800 JavaThread "Unconstrained build operations Thread 38" [_thread_blocked, id=16248, stack(0x000000212bf00000,0x000000212c000000)]
  0x00000143f041c800 JavaThread "Unconstrained build operations Thread 39" [_thread_blocked, id=6396, stack(0x000000212c000000,0x000000212c100000)]
  0x00000143f0419000 JavaThread "Unconstrained build operations Thread 40" [_thread_blocked, id=12940, stack(0x000000212c100000,0x000000212c200000)]
  0x00000143f041b800 JavaThread "Unconstrained build operations Thread 41" [_thread_blocked, id=3572, stack(0x000000212c200000,0x000000212c300000)]
  0x00000143f041a000 JavaThread "Unconstrained build operations Thread 42" [_thread_blocked, id=7716, stack(0x000000212c300000,0x000000212c400000)]
  0x00000143f041b000 JavaThread "Unconstrained build operations Thread 43" [_thread_blocked, id=15852, stack(0x000000212c400000,0x000000212c500000)]
  0x00000143f041d800 JavaThread "Unconstrained build operations Thread 44" [_thread_blocked, id=18728, stack(0x000000212c500000,0x000000212c600000)]
  0x00000143f0417800 JavaThread "Unconstrained build operations Thread 45" [_thread_blocked, id=7020, stack(0x000000212c600000,0x000000212c700000)]
  0x00000143f041e000 JavaThread "Unconstrained build operations Thread 46" [_thread_blocked, id=7940, stack(0x000000212c700000,0x000000212c800000)]
  0x00000143f0418800 JavaThread "Unconstrained build operations Thread 47" [_thread_blocked, id=18716, stack(0x000000212c800000,0x000000212c900000)]
  0x00000143f0420000 JavaThread "Unconstrained build operations Thread 48" [_thread_blocked, id=7324, stack(0x000000212c900000,0x000000212ca00000)]
  0x00000143f041f000 JavaThread "Unconstrained build operations Thread 49" [_thread_blocked, id=7436, stack(0x000000212ca00000,0x000000212cb00000)]
  0x00000143f0426800 JavaThread "Unconstrained build operations Thread 50" [_thread_blocked, id=15324, stack(0x000000212cb00000,0x000000212cc00000)]
  0x00000143f0424800 JavaThread "Unconstrained build operations Thread 51" [_thread_blocked, id=9448, stack(0x000000212cc00000,0x000000212cd00000)]
  0x00000143f0425800 JavaThread "Unconstrained build operations Thread 52" [_thread_blocked, id=4032, stack(0x000000212cd00000,0x000000212ce00000)]
  0x00000143f0423000 JavaThread "Unconstrained build operations Thread 53" [_thread_blocked, id=14368, stack(0x000000212ce00000,0x000000212cf00000)]
  0x00000143f0420800 JavaThread "Unconstrained build operations Thread 54" [_thread_blocked, id=1188, stack(0x000000212cf00000,0x000000212d000000)]
  0x00000143f0421800 JavaThread "Unconstrained build operations Thread 55" [_thread_blocked, id=10080, stack(0x000000212d000000,0x000000212d100000)]
  0x00000143f0422000 JavaThread "Unconstrained build operations Thread 56" [_thread_blocked, id=15132, stack(0x000000212d100000,0x000000212d200000)]
  0x00000143f0424000 JavaThread "Unconstrained build operations Thread 57" [_thread_blocked, id=18940, stack(0x000000212d200000,0x000000212d300000)]
  0x00000143f7565800 JavaThread "Unconstrained build operations Thread 58" [_thread_blocked, id=9040, stack(0x000000212d300000,0x000000212d400000)]
  0x00000143f7566000 JavaThread "Unconstrained build operations Thread 59" [_thread_blocked, id=7632, stack(0x000000212d400000,0x000000212d500000)]
  0x00000143f7563000 JavaThread "Unconstrained build operations Thread 60" [_thread_blocked, id=9320, stack(0x000000212d500000,0x000000212d600000)]
  0x00000143f7561800 JavaThread "build event listener" [_thread_blocked, id=8524, stack(0x000000212d600000,0x000000212d700000)]
  0x00000143f7562000 JavaThread "included builds" [_thread_blocked, id=11932, stack(0x000000212d700000,0x000000212d800000)]
  0x00000143f7567000 JavaThread "Execution worker for ':'" [_thread_blocked, id=13804, stack(0x000000212d800000,0x000000212d900000)]
  0x00000143f7563800 JavaThread "Execution worker for ':' Thread 2" [_thread_blocked, id=2608, stack(0x000000212da00000,0x000000212db00000)]
  0x00000143f7568800 JavaThread "Execution worker for ':' Thread 3" [_thread_blocked, id=15828, stack(0x000000212db00000,0x000000212dc00000)]
  0x00000143f756a800 JavaThread "Execution worker for ':' Thread 4" [_thread_blocked, id=15060, stack(0x000000212dc00000,0x000000212dd00000)]
  0x00000143f7568000 JavaThread "Execution worker for ':' Thread 5" [_thread_blocked, id=2548, stack(0x000000212dd00000,0x000000212de00000)]
  0x00000143f7569800 JavaThread "Cache worker for execution history cache (C:\Users\beta2\AndroidStudioProjects\app2\.gradle\7.4\executionHistory)" [_thread_blocked, id=6900, stack(0x000000212de00000,0x000000212df00000)]
  0x00000143f7564800 JavaThread "WorkerExecutor Queue" [_thread_blocked, id=16160, stack(0x000000212df00000,0x000000212e000000)]
  0x00000143f756c000 JavaThread "WorkerExecutor Queue Thread 2" [_thread_blocked, id=6856, stack(0x000000212e000000,0x000000212e100000)]
  0x00000143f756c800 JavaThread "WorkerExecutor Queue Thread 3" [_thread_blocked, id=3256, stack(0x000000212e100000,0x000000212e200000)]
  0x00000143f756e800 JavaThread "WorkerExecutor Queue Thread 4" [_thread_blocked, id=5180, stack(0x000000212e300000,0x000000212e400000)]
  0x00000143f756b000 JavaThread "WorkerExecutor Queue Thread 5" [_thread_blocked, id=9108, stack(0x0000002128300000,0x0000002128400000)]
  0x00000143f756f000 JavaThread "WorkerExecutor Queue Thread 6" [_thread_blocked, id=16272, stack(0x000000212e400000,0x000000212e500000)]
  0x00000143f335d800 JavaThread "C2 CompilerThread1" daemon [_thread_blocked, id=14932, stack(0x000000212e500000,0x000000212e600000)]

Other Threads:
=>0x00000143ece62800 VMThread "VM Thread" [stack: 0x0000002126800000,0x0000002126900000] [id=7160]
  0x00000143ed9bc000 WatcherThread [stack: 0x0000002127200000,0x0000002127300000] [id=19148]
  0x00000143d2e1f000 GCTaskThread "GC Thread#0" [stack: 0x0000002126300000,0x0000002126400000] [id=15532]
  0x00000143ef02d800 GCTaskThread "GC Thread#1" [stack: 0x0000002127a00000,0x0000002127b00000] [id=19376]
  0x00000143eeeac800 GCTaskThread "GC Thread#2" [stack: 0x0000002127b00000,0x0000002127c00000] [id=9080]
  0x00000143ef3d6800 GCTaskThread "GC Thread#3" [stack: 0x0000002128600000,0x0000002128700000] [id=7428]
  0x00000143eff79800 GCTaskThread "GC Thread#4" [stack: 0x0000002128700000,0x0000002128800000] [id=16972]
  0x00000143eff7a000 GCTaskThread "GC Thread#5" [stack: 0x0000002128800000,0x0000002128900000] [id=12440]
  0x00000143d2e50800 ConcurrentGCThread "G1 Main Marker" [stack: 0x0000002126400000,0x0000002126500000] [id=13768]
  0x00000143d2e53000 ConcurrentGCThread "G1 Conc#0" [stack: 0x0000002126500000,0x0000002126600000] [id=12268]
  0x00000143efebf800 ConcurrentGCThread "G1 Conc#1" [stack: 0x0000002128a00000,0x0000002128b00000] [id=16452]
  0x00000143eccb0800 ConcurrentGCThread "G1 Refine#0" [stack: 0x0000002126600000,0x0000002126700000] [id=16988]
  0x00000143eccb1800 ConcurrentGCThread "G1 Young RemSet Sampling" [stack: 0x0000002126700000,0x0000002126800000] [id=9992]

Threads with active compile tasks:
C2 CompilerThread02626706 19307 %     4       com.android.tools.r8.internal.Ra::a @ 2683 (6176 bytes)
C2 CompilerThread12626706 19524       4       jdk.internal.org.objectweb.asm.ClassWriter::toByteArray (1423 bytes)

VM state:at safepoint (normal execution)

VM Mutex/Monitor currently owned by a thread:  ([mutex/lock_event])
[0x00000143d2e050e0] Threads_lock - owner thread: 0x00000143ece62800
[0x00000143d2e04510] Heap_lock - owner thread: 0x00000143f32bb800

Heap address: 0x0000000080000000, size: 2048 MB, Compressed Oops mode: 32-bit
Narrow klass base: 0x0000000000000000, Narrow klass shift: 3
Compressed class space size: 1073741824 Address: 0x0000000100000000

Heap:
 garbage-first heap   total 567296K, used 209461K [0x0000000080000000, 0x0000000100000000)
  region size 1024K, 4 young (4096K), 4 survivors (4096K)
 Metaspace       used 124791K, capacity 127900K, committed 128080K, reserved 1161216K
  class space    used 15448K, capacity 16602K, committed 16720K, reserved 1048576K
Heap Regions: E=young(eden), S=young(survivor), O=old, HS=humongous(starts), HC=humongous(continues), CS=collection set, F=free, A=archive, TAMS=top-at-mark-start (previous, next)
|   0|0x0000000080000000, 0x0000000080100000, 0x0000000080100000|100%| O|  |TAMS 0x0000000080100000, 0x0000000080000000| Untracked 
|   1|0x0000000080100000, 0x0000000080200000, 0x0000000080200000|100%| O|  |TAMS 0x0000000080200000, 0x0000000080100000| Untracked 
|   2|0x0000000080200000, 0x0000000080300000, 0x0000000080300000|100%| O|  |TAMS 0x0000000080300000, 0x0000000080200000| Untracked 
|   3|0x0000000080300000, 0x0000000080400000, 0x0000000080400000|100%|HS|  |TAMS 0x0000000080400000, 0x0000000080300000| Complete 
|   4|0x0000000080400000, 0x0000000080500000, 0x0000000080500000|100%|HC|  |TAMS 0x0000000080500000, 0x0000000080400000| Complete 
|   5|0x0000000080500000, 0x0000000080600000, 0x0000000080600000|100%|HC|  |TAMS 0x0000000080600000, 0x0000000080500000| Complete 
|   6|0x0000000080600000, 0x0000000080700000, 0x0000000080700000|100%| O|  |TAMS 0x0000000080700000, 0x0000000080600000| Untracked 
|   7|0x0000000080700000, 0x0000000080800000, 0x0000000080800000|100%| O|  |TAMS 0x0000000080800000, 0x0000000080700000| Untracked 
|   8|0x0000000080800000, 0x0000000080900000, 0x0000000080900000|100%| O|  |TAMS 0x0000000080900000, 0x0000000080800000| Untracked 
|   9|0x0000000080900000, 0x0000000080a00000, 0x0000000080a00000|100%| O|  |TAMS 0x0000000080a00000, 0x0000000080900000| Untracked 
|  10|0x0000000080a00000, 0x0000000080b00000, 0x0000000080b00000|100%| O|  |TAMS 0x0000000080b00000, 0x0000000080a00000| Untracked 
|  11|0x0000000080b00000, 0x0000000080c00000, 0x0000000080c00000|100%| O|  |TAMS 0x0000000080c00000, 0x0000000080b00000| Untracked 
|  12|0x0000000080c00000, 0x0000000080d00000, 0x0000000080d00000|100%| O|  |TAMS 0x0000000080d00000, 0x0000000080c00000| Untracked 
|  13|0x0000000080d00000, 0x0000000080e00000, 0x0000000080e00000|100%| O|  |TAMS 0x0000000080e00000, 0x0000000080d00000| Untracked 
|  14|0x0000000080e00000, 0x0000000080f00000, 0x0000000080f00000|100%| O|  |TAMS 0x0000000080f00000, 0x0000000080e00000| Complete 
|  15|0x0000000080f00000, 0x0000000081000000, 0x0000000081000000|100%| O|  |TAMS 0x0000000081000000, 0x0000000080f00000| Complete 
|  16|0x0000000081000000, 0x0000000081100000, 0x0000000081100000|100%|HS|  |TAMS 0x0000000081100000, 0x0000000081000000| Complete 
|  17|0x0000000081100000, 0x0000000081200000, 0x0000000081200000|100%|HC|  |TAMS 0x0000000081200000, 0x0000000081100000| Complete 
|  18|0x0000000081200000, 0x0000000081300000, 0x0000000081300000|100%|HS|  |TAMS 0x0000000081300000, 0x0000000081200000| Complete 
|  19|0x0000000081300000, 0x0000000081400000, 0x0000000081400000|100%|HC|  |TAMS 0x0000000081400000, 0x0000000081300000| Complete 
|  20|0x0000000081400000, 0x0000000081500000, 0x0000000081500000|100%|HC|  |TAMS 0x0000000081500000, 0x0000000081400000| Complete 
|  21|0x0000000081500000, 0x0000000081600000, 0x0000000081600000|100%|HS|  |TAMS 0x0000000081600000, 0x0000000081500000| Complete 
|  22|0x0000000081600000, 0x0000000081700000, 0x0000000081700000|100%|HC|  |TAMS 0x0000000081700000, 0x0000000081600000| Complete 
|  23|0x0000000081700000, 0x0000000081800000, 0x0000000081800000|100%|HC|  |TAMS 0x0000000081800000, 0x0000000081700000| Complete 
|  24|0x0000000081800000, 0x0000000081900000, 0x0000000081900000|100%|HS|  |TAMS 0x0000000081900000, 0x0000000081800000| Complete 
|  25|0x0000000081900000, 0x0000000081a00000, 0x0000000081a00000|100%|HC|  |TAMS 0x0000000081a00000, 0x0000000081900000| Complete 
|  26|0x0000000081a00000, 0x0000000081b00000, 0x0000000081b00000|100%|HC|  |TAMS 0x0000000081b00000, 0x0000000081a00000| Complete 
|  27|0x0000000081b00000, 0x0000000081c00000, 0x0000000081c00000|100%|HC|  |TAMS 0x0000000081c00000, 0x0000000081b00000| Complete 
|  28|0x0000000081c00000, 0x0000000081d00000, 0x0000000081d00000|100%|HC|  |TAMS 0x0000000081d00000, 0x0000000081c00000| Complete 
|  29|0x0000000081d00000, 0x0000000081e00000, 0x0000000081e00000|100%|HS|  |TAMS 0x0000000081e00000, 0x0000000081d00000| Complete 
|  30|0x0000000081e00000, 0x0000000081f00000, 0x0000000081f00000|100%|HS|  |TAMS 0x0000000081f00000, 0x0000000081e00000| Complete 
|  31|0x0000000081f00000, 0x0000000082000000, 0x0000000082000000|100%|HC|  |TAMS 0x0000000082000000, 0x0000000081f00000| Complete 
|  32|0x0000000082000000, 0x0000000082100000, 0x0000000082100000|100%|HC|  |TAMS 0x0000000082100000, 0x0000000082000000| Complete 
|  33|0x0000000082100000, 0x0000000082200000, 0x0000000082200000|100%|HC|  |TAMS 0x0000000082200000, 0x0000000082100000| Complete 
|  34|0x0000000082200000, 0x0000000082300000, 0x0000000082300000|100%| O|  |TAMS 0x0000000082300000, 0x0000000082200000| Untracked 
|  35|0x0000000082300000, 0x0000000082400000, 0x0000000082400000|100%| O|  |TAMS 0x0000000082400000, 0x0000000082300000| Untracked 
|  36|0x0000000082400000, 0x0000000082500000, 0x0000000082500000|100%| O|  |TAMS 0x0000000082500000, 0x0000000082400000| Complete 
|  37|0x0000000082500000, 0x0000000082600000, 0x0000000082600000|100%| O|  |TAMS 0x0000000082600000, 0x0000000082500000| Untracked 
|  38|0x0000000082600000, 0x0000000082700000, 0x0000000082700000|100%| O|  |TAMS 0x0000000082700000, 0x0000000082600000| Complete 
|  39|0x0000000082700000, 0x0000000082800000, 0x0000000082800000|100%| O|  |TAMS 0x0000000082800000, 0x0000000082700000| Complete 
|  40|0x0000000082800000, 0x0000000082900000, 0x0000000082900000|100%| O|  |TAMS 0x0000000082900000, 0x0000000082800000| Untracked 
|  41|0x0000000082900000, 0x0000000082a00000, 0x0000000082a00000|100%| O|  |TAMS 0x0000000082a00000, 0x0000000082900000| Complete 
|  42|0x0000000082a00000, 0x0000000082b00000, 0x0000000082b00000|100%| O|  |TAMS 0x0000000082b00000, 0x0000000082a00000| Complete 
|  43|0x0000000082b00000, 0x0000000082c00000, 0x0000000082c00000|100%| O|  |TAMS 0x0000000082c00000, 0x0000000082b00000| Complete 
|  44|0x0000000082c00000, 0x0000000082d00000, 0x0000000082d00000|100%| O|  |TAMS 0x0000000082d00000, 0x0000000082c00000| Untracked 
|  45|0x0000000082d00000, 0x0000000082e00000, 0x0000000082e00000|100%| O|  |TAMS 0x0000000082e00000, 0x0000000082d00000| Untracked 
|  46|0x0000000082e00000, 0x0000000082f00000, 0x0000000082f00000|100%|HS|  |TAMS 0x0000000082f00000, 0x0000000082e00000| Complete 
|  47|0x0000000082f00000, 0x0000000083000000, 0x0000000083000000|100%|HC|  |TAMS 0x0000000083000000, 0x0000000082f00000| Complete 
|  48|0x0000000083000000, 0x0000000083100000, 0x0000000083100000|100%|HC|  |TAMS 0x0000000083100000, 0x0000000083000000| Complete 
|  49|0x0000000083100000, 0x0000000083200000, 0x0000000083200000|100%|HC|  |TAMS 0x0000000083200000, 0x0000000083100000| Complete 
|  50|0x0000000083200000, 0x0000000083300000, 0x0000000083300000|100%|HS|  |TAMS 0x0000000083300000, 0x0000000083200000| Complete 
|  51|0x0000000083300000, 0x0000000083400000, 0x0000000083400000|100%|HC|  |TAMS 0x0000000083400000, 0x0000000083300000| Complete 
|  52|0x0000000083400000, 0x0000000083500000, 0x0000000083500000|100%|HC|  |TAMS 0x0000000083500000, 0x0000000083400000| Complete 
|  53|0x0000000083500000, 0x0000000083600000, 0x0000000083600000|100%|HS|  |TAMS 0x0000000083600000, 0x0000000083500000| Complete 
|  54|0x0000000083600000, 0x0000000083700000, 0x0000000083700000|100%|HC|  |TAMS 0x0000000083700000, 0x0000000083600000| Complete 
|  55|0x0000000083700000, 0x0000000083800000, 0x0000000083800000|100%|HS|  |TAMS 0x0000000083800000, 0x0000000083700000| Complete 
|  56|0x0000000083800000, 0x0000000083900000, 0x0000000083900000|100%|HC|  |TAMS 0x0000000083900000, 0x0000000083800000| Complete 
|  57|0x0000000083900000, 0x0000000083a00000, 0x0000000083a00000|100%|HC|  |TAMS 0x0000000083a00000, 0x0000000083900000| Complete 
|  58|0x0000000083a00000, 0x0000000083b00000, 0x0000000083b00000|100%| O|  |TAMS 0x0000000083b00000, 0x0000000083a00000| Complete 
|  59|0x0000000083b00000, 0x0000000083c00000, 0x0000000083c00000|100%| O|  |TAMS 0x0000000083c00000, 0x0000000083b00000| Complete 
|  60|0x0000000083c00000, 0x0000000083d00000, 0x0000000083d00000|100%| O|  |TAMS 0x0000000083d00000, 0x0000000083c00000| Untracked 
|  61|0x0000000083d00000, 0x0000000083e00000, 0x0000000083e00000|100%| O|  |TAMS 0x0000000083e00000, 0x0000000083d00000| Untracked 
|  62|0x0000000083e00000, 0x0000000083f00000, 0x0000000083f00000|100%| O|  |TAMS 0x0000000083f00000, 0x0000000083e00000| Complete 
|  63|0x0000000083f00000, 0x0000000084000000, 0x0000000084000000|100%| O|  |TAMS 0x0000000084000000, 0x0000000083f00000| Untracked 
|  64|0x0000000084000000, 0x0000000084100000, 0x0000000084100000|100%| O|  |TAMS 0x0000000084100000, 0x0000000084000000| Untracked 
|  65|0x0000000084100000, 0x0000000084200000, 0x0000000084200000|100%|HS|  |TAMS 0x0000000084200000, 0x0000000084100000| Complete 
|  66|0x0000000084200000, 0x0000000084300000, 0x0000000084300000|100%|HC|  |TAMS 0x0000000084300000, 0x0000000084200000| Complete 
|  67|0x0000000084300000, 0x0000000084400000, 0x0000000084400000|100%|HC|  |TAMS 0x0000000084400000, 0x0000000084300000| Complete 
|  68|0x0000000084400000, 0x0000000084500000, 0x0000000084500000|100%|HC|  |TAMS 0x0000000084500000, 0x0000000084400000| Complete 
|  69|0x0000000084500000, 0x0000000084600000, 0x0000000084600000|100%|HC|  |TAMS 0x0000000084600000, 0x0000000084500000| Complete 
|  70|0x0000000084600000, 0x0000000084700000, 0x0000000084700000|100%| O|  |TAMS 0x0000000084700000, 0x0000000084600000| Untracked 
|  71|0x0000000084700000, 0x0000000084800000, 0x0000000084800000|100%| O|  |TAMS 0x0000000084800000, 0x0000000084700000| Untracked 
|  72|0x0000000084800000, 0x0000000084900000, 0x0000000084900000|100%|HS|  |TAMS 0x0000000084900000, 0x0000000084800000| Complete 
|  73|0x0000000084900000, 0x0000000084a00000, 0x0000000084a00000|100%| O|  |TAMS 0x0000000084a00000, 0x0000000084900000| Complete 
|  74|0x0000000084a00000, 0x0000000084b00000, 0x0000000084b00000|100%| O|  |TAMS 0x0000000084b00000, 0x0000000084a00000| Complete 
|  75|0x0000000084b00000, 0x0000000084c00000, 0x0000000084c00000|100%| O|  |TAMS 0x0000000084c00000, 0x0000000084b00000| Untracked 
|  76|0x0000000084c00000, 0x0000000084d00000, 0x0000000084d00000|100%|HS|  |TAMS 0x0000000084d00000, 0x0000000084c00000| Complete 
|  77|0x0000000084d00000, 0x0000000084e00000, 0x0000000084e00000|100%| O|  |TAMS 0x0000000084e00000, 0x0000000084d00000| Complete 
|  78|0x0000000084e00000, 0x0000000084f00000, 0x0000000084f00000|100%| O|  |TAMS 0x0000000084f00000, 0x0000000084e00000| Untracked 
|  79|0x0000000084f00000, 0x0000000085000000, 0x0000000085000000|100%| O|  |TAMS 0x0000000085000000, 0x0000000084f00000| Untracked 
|  80|0x0000000085000000, 0x0000000085100000, 0x0000000085100000|100%| O|  |TAMS 0x0000000085100000, 0x0000000085000000| Untracked 
|  81|0x0000000085100000, 0x0000000085200000, 0x0000000085200000|100%| O|  |TAMS 0x0000000085200000, 0x0000000085100000| Complete 
|  82|0x0000000085200000, 0x0000000085300000, 0x0000000085300000|100%| O|  |TAMS 0x0000000085300000, 0x0000000085200000| Complete 
|  83|0x0000000085300000, 0x0000000085400000, 0x0000000085400000|100%| O|  |TAMS 0x0000000085400000, 0x0000000085300000| Untracked 
|  84|0x0000000085400000, 0x0000000085500000, 0x0000000085500000|100%|HS|  |TAMS 0x0000000085500000, 0x0000000085400000| Complete 
|  85|0x0000000085500000, 0x0000000085600000, 0x0000000085600000|100%|HC|  |TAMS 0x0000000085600000, 0x0000000085500000| Complete 
|  86|0x0000000085600000, 0x0000000085700000, 0x0000000085700000|100%| O|  |TAMS 0x0000000085700000, 0x0000000085600000| Untracked 
|  87|0x0000000085700000, 0x0000000085800000, 0x0000000085800000|100%| O|  |TAMS 0x0000000085800000, 0x0000000085700000| Complete 
|  88|0x0000000085800000, 0x0000000085900000, 0x0000000085900000|100%| O|  |TAMS 0x0000000085900000, 0x0000000085800000| Complete 
|  89|0x0000000085900000, 0x0000000085a00000, 0x0000000085a00000|100%| O|  |TAMS 0x0000000085a00000, 0x0000000085900000| Untracked 
|  90|0x0000000085a00000, 0x0000000085b00000, 0x0000000085b00000|100%| O|  |TAMS 0x0000000085b00000, 0x0000000085a00000| Complete 
|  91|0x0000000085b00000, 0x0000000085c00000, 0x0000000085c00000|100%| O|  |TAMS 0x0000000085c00000, 0x0000000085b00000| Complete 
|  92|0x0000000085c00000, 0x0000000085d00000, 0x0000000085d00000|100%| O|  |TAMS 0x0000000085d00000, 0x0000000085c00000| Complete 
|  93|0x0000000085d00000, 0x0000000085e00000, 0x0000000085e00000|100%| O|  |TAMS 0x0000000085e00000, 0x0000000085d00000| Untracked 
|  94|0x0000000085e00000, 0x0000000085f00000, 0x0000000085f00000|100%| O|  |TAMS 0x0000000085f00000, 0x0000000085e00000| Untracked 
|  95|0x0000000085f00000, 0x0000000086000000, 0x0000000086000000|100%| O|  |TAMS 0x0000000086000000, 0x0000000085f00000| Untracked 
|  96|0x0000000086000000, 0x0000000086100000, 0x0000000086100000|100%| O|  |TAMS 0x0000000086100000, 0x0000000086000000| Complete 
|  97|0x0000000086100000, 0x0000000086200000, 0x0000000086200000|100%|HS|  |TAMS 0x0000000086200000, 0x0000000086100000| Complete 
|  98|0x0000000086200000, 0x0000000086300000, 0x0000000086300000|100%|HC|  |TAMS 0x0000000086300000, 0x0000000086200000| Complete 
|  99|0x0000000086300000, 0x0000000086400000, 0x0000000086400000|100%|HS|  |TAMS 0x0000000086400000, 0x0000000086300000| Complete 
| 100|0x0000000086400000, 0x0000000086500000, 0x0000000086500000|100%|HC|  |TAMS 0x0000000086500000, 0x0000000086400000| Complete 
| 101|0x0000000086500000, 0x0000000086600000, 0x0000000086600000|100%|HC|  |TAMS 0x0000000086600000, 0x0000000086500000| Complete 
| 102|0x0000000086600000, 0x0000000086700000, 0x0000000086700000|100%|HS|  |TAMS 0x0000000086700000, 0x0000000086600000| Complete 
| 103|0x0000000086700000, 0x0000000086800000, 0x0000000086800000|100%|HC|  |TAMS 0x0000000086800000, 0x0000000086700000| Complete 
| 104|0x0000000086800000, 0x0000000086900000, 0x0000000086900000|100%|HC|  |TAMS 0x0000000086900000, 0x0000000086800000| Complete 
| 105|0x0000000086900000, 0x0000000086a00000, 0x0000000086a00000|100%| O|  |TAMS 0x0000000086a00000, 0x0000000086900000| Untracked 
| 106|0x0000000086a00000, 0x0000000086b00000, 0x0000000086b00000|100%| O|  |TAMS 0x0000000086b00000, 0x0000000086a00000| Complete 
| 107|0x0000000086b00000, 0x0000000086c00000, 0x0000000086c00000|100%|HS|  |TAMS 0x0000000086c00000, 0x0000000086b00000| Complete 
| 108|0x0000000086c00000, 0x0000000086d00000, 0x0000000086d00000|100%|HC|  |TAMS 0x0000000086d00000, 0x0000000086c00000| Complete 
| 109|0x0000000086d00000, 0x0000000086e00000, 0x0000000086e00000|100%|HC|  |TAMS 0x0000000086e00000, 0x0000000086d00000| Complete 
| 110|0x0000000086e00000, 0x0000000086f00000, 0x0000000086f00000|100%|HC|  |TAMS 0x0000000086f00000, 0x0000000086e00000| Complete 
| 111|0x0000000086f00000, 0x0000000087000000, 0x0000000087000000|100%|HC|  |TAMS 0x0000000087000000, 0x0000000086f00000| Complete 
| 112|0x0000000087000000, 0x0000000087100000, 0x0000000087100000|100%|HS|  |TAMS 0x0000000087100000, 0x0000000087000000| Complete 
| 113|0x0000000087100000, 0x0000000087200000, 0x0000000087200000|100%|HS|  |TAMS 0x0000000087200000, 0x0000000087100000| Complete 
| 114|0x0000000087200000, 0x0000000087300000, 0x0000000087300000|100%|HC|  |TAMS 0x0000000087300000, 0x0000000087200000| Complete 
| 115|0x0000000087300000, 0x0000000087400000, 0x0000000087400000|100%|HC|  |TAMS 0x0000000087400000, 0x0000000087300000| Complete 
| 116|0x0000000087400000, 0x0000000087500000, 0x0000000087500000|100%|HC|  |TAMS 0x0000000087500000, 0x0000000087400000| Complete 
| 117|0x0000000087500000, 0x0000000087600000, 0x0000000087600000|100%| O|  |TAMS 0x0000000087600000, 0x0000000087500000| Complete 
| 118|0x0000000087600000, 0x0000000087700000, 0x0000000087700000|100%| O|  |TAMS 0x0000000087700000, 0x0000000087600000| Untracked 
| 119|0x0000000087700000, 0x0000000087800000, 0x0000000087800000|100%| O|  |TAMS 0x0000000087800000, 0x0000000087700000| Untracked 
| 120|0x0000000087800000, 0x0000000087900000, 0x0000000087900000|100%| O|  |TAMS 0x0000000087900000, 0x0000000087800000| Untracked 
| 121|0x0000000087900000, 0x0000000087a00000, 0x0000000087a00000|100%| O|  |TAMS 0x0000000087a00000, 0x0000000087900000| Untracked 
| 122|0x0000000087a00000, 0x0000000087b00000, 0x0000000087b00000|100%| O|  |TAMS 0x0000000087b00000, 0x0000000087a00000| Untracked 
| 123|0x0000000087b00000, 0x0000000087c00000, 0x0000000087c00000|100%| O|  |TAMS 0x0000000087c00000, 0x0000000087b00000| Untracked 
| 124|0x0000000087c00000, 0x0000000087d00000, 0x0000000087d00000|100%| O|  |TAMS 0x0000000087d00000, 0x0000000087c00000| Complete 
| 125|0x0000000087d00000, 0x0000000087e00000, 0x0000000087e00000|100%| O|  |TAMS 0x0000000087e00000, 0x0000000087d00000| Untracked 
| 126|0x0000000087e00000, 0x0000000087f00000, 0x0000000087f00000|100%| O|  |TAMS 0x0000000087f00000, 0x0000000087e00000| Complete 
| 127|0x0000000087f00000, 0x0000000088000000, 0x0000000088000000|100%| O|  |TAMS 0x0000000088000000, 0x0000000087f00000| Complete 
| 128|0x0000000088000000, 0x0000000088100000, 0x0000000088100000|100%| O|  |TAMS 0x0000000088100000, 0x0000000088000000| Complete 
| 129|0x0000000088100000, 0x0000000088200000, 0x0000000088200000|100%| O|  |TAMS 0x0000000088200000, 0x0000000088100000| Complete 
| 130|0x0000000088200000, 0x0000000088300000, 0x0000000088300000|100%| O|  |TAMS 0x0000000088300000, 0x0000000088200000| Complete 
| 131|0x0000000088300000, 0x0000000088400000, 0x0000000088400000|100%| O|  |TAMS 0x0000000088400000, 0x0000000088300000| Complete 
| 132|0x0000000088400000, 0x0000000088500000, 0x0000000088500000|100%| O|  |TAMS 0x0000000088500000, 0x0000000088400000| Complete 
| 133|0x0000000088500000, 0x0000000088600000, 0x0000000088600000|100%| O|  |TAMS 0x0000000088600000, 0x0000000088500000| Complete 
| 134|0x0000000088600000, 0x0000000088700000, 0x0000000088700000|100%| O|  |TAMS 0x0000000088700000, 0x0000000088600000| Complete 
| 135|0x0000000088700000, 0x0000000088800000, 0x0000000088800000|100%| O|  |TAMS 0x0000000088800000, 0x0000000088700000| Untracked 
| 136|0x0000000088800000, 0x0000000088900000, 0x0000000088900000|100%| O|  |TAMS 0x0000000088900000, 0x0000000088800000| Untracked 
| 137|0x0000000088900000, 0x0000000088a00000, 0x0000000088a00000|100%| O|  |TAMS 0x0000000088a00000, 0x0000000088900000| Complete 
| 138|0x0000000088a00000, 0x0000000088b00000, 0x0000000088b00000|100%| O|  |TAMS 0x0000000088b00000, 0x0000000088a00000| Untracked 
| 139|0x0000000088b00000, 0x0000000088c00000, 0x0000000088c00000|100%| O|  |TAMS 0x0000000088c00000, 0x0000000088b00000| Untracked 
| 140|0x0000000088c00000, 0x0000000088d00000, 0x0000000088d00000|100%| O|  |TAMS 0x0000000088d00000, 0x0000000088c00000| Untracked 
| 141|0x0000000088d00000, 0x0000000088e00000, 0x0000000088e00000|100%| O|  |TAMS 0x0000000088e00000, 0x0000000088d00000| Untracked 
| 142|0x0000000088e00000, 0x0000000088f00000, 0x0000000088f00000|100%| O|  |TAMS 0x0000000088f00000, 0x0000000088e00000| Untracked 
| 143|0x0000000088f00000, 0x0000000089000000, 0x0000000089000000|100%| O|  |TAMS 0x0000000089000000, 0x0000000088f00000| Untracked 
| 144|0x0000000089000000, 0x0000000089100000, 0x0000000089100000|100%| O|  |TAMS 0x0000000089100000, 0x0000000089000000| Untracked 
| 145|0x0000000089100000, 0x0000000089200000, 0x0000000089200000|100%| O|  |TAMS 0x0000000089200000, 0x0000000089100000| Untracked 
| 146|0x0000000089200000, 0x0000000089300000, 0x0000000089300000|100%| O|  |TAMS 0x0000000089300000, 0x0000000089200000| Untracked 
| 147|0x0000000089300000, 0x0000000089400000, 0x0000000089400000|100%| O|  |TAMS 0x0000000089400000, 0x0000000089300000| Untracked 
| 148|0x0000000089400000, 0x0000000089500000, 0x0000000089500000|100%| O|  |TAMS 0x0000000089500000, 0x0000000089400000| Untracked 
| 149|0x0000000089500000, 0x0000000089600000, 0x0000000089600000|100%| O|  |TAMS 0x0000000089600000, 0x0000000089500000| Untracked 
| 150|0x0000000089600000, 0x0000000089700000, 0x0000000089700000|100%| O|  |TAMS 0x0000000089700000, 0x0000000089600000| Complete 
| 151|0x0000000089700000, 0x0000000089800000, 0x0000000089800000|100%| O|  |TAMS 0x0000000089800000, 0x0000000089700000| Complete 
| 152|0x0000000089800000, 0x0000000089900000, 0x0000000089900000|100%| O|  |TAMS 0x0000000089900000, 0x0000000089800000| Untracked 
| 153|0x0000000089900000, 0x0000000089a00000, 0x0000000089a00000|100%| O|  |TAMS 0x0000000089a00000, 0x0000000089900000| Untracked 
| 154|0x0000000089a00000, 0x0000000089b00000, 0x0000000089b00000|100%| O|  |TAMS 0x0000000089b00000, 0x0000000089a00000| Untracked 
| 155|0x0000000089b00000, 0x0000000089c00000, 0x0000000089c00000|100%| O|  |TAMS 0x0000000089c00000, 0x0000000089b00000| Complete 
| 156|0x0000000089c00000, 0x0000000089d00000, 0x0000000089d00000|100%| O|  |TAMS 0x0000000089d00000, 0x0000000089c00000| Untracked 
| 157|0x0000000089d00000, 0x0000000089e00000, 0x0000000089e00000|100%| O|  |TAMS 0x0000000089e00000, 0x0000000089d00000| Complete 
| 158|0x0000000089e00000, 0x0000000089f00000, 0x0000000089f00000|100%| O|  |TAMS 0x0000000089f00000, 0x0000000089e00000| Complete 
| 159|0x0000000089f00000, 0x000000008a000000, 0x000000008a000000|100%| O|  |TAMS 0x000000008a000000, 0x0000000089f00000| Untracked 
| 160|0x000000008a000000, 0x000000008a100000, 0x000000008a100000|100%| O|  |TAMS 0x000000008a100000, 0x000000008a000000| Untracked 
| 161|0x000000008a100000, 0x000000008a200000, 0x000000008a200000|100%| O|  |TAMS 0x000000008a200000, 0x000000008a100000| Untracked 
| 162|0x000000008a200000, 0x000000008a300000, 0x000000008a300000|100%| O|  |TAMS 0x000000008a300000, 0x000000008a200000| Complete 
| 163|0x000000008a300000, 0x000000008a400000, 0x000000008a400000|100%| O|  |TAMS 0x000000008a400000, 0x000000008a300000| Complete 
| 164|0x000000008a400000, 0x000000008a500000, 0x000000008a500000|100%| O|  |TAMS 0x000000008a500000, 0x000000008a400000| Complete 
| 165|0x000000008a500000, 0x000000008a600000, 0x000000008a600000|100%| O|  |TAMS 0x000000008a600000, 0x000000008a500000| Complete 
| 166|0x000000008a600000, 0x000000008a700000, 0x000000008a700000|100%| O|  |TAMS 0x000000008a700000, 0x000000008a600000| Untracked 
| 167|0x000000008a700000, 0x000000008a800000, 0x000000008a800000|100%| O|  |TAMS 0x000000008a800000, 0x000000008a700000| Untracked 
| 168|0x000000008a800000, 0x000000008a900000, 0x000000008a900000|100%| O|  |TAMS 0x000000008a900000, 0x000000008a800000| Complete 
| 169|0x000000008a900000, 0x000000008aa00000, 0x000000008aa00000|100%| O|  |TAMS 0x000000008aa00000, 0x000000008a900000| Untracked 
| 170|0x000000008aa00000, 0x000000008ab00000, 0x000000008ab00000|100%| O|  |TAMS 0x000000008ab00000, 0x000000008aa00000| Untracked 
| 171|0x000000008ab00000, 0x000000008ac00000, 0x000000008ac00000|100%| O|  |TAMS 0x000000008ac00000, 0x000000008ab00000| Untracked 
| 172|0x000000008ac00000, 0x000000008ad00000, 0x000000008ad00000|100%| O|  |TAMS 0x000000008ad00000, 0x000000008ac00000| Untracked 
| 173|0x000000008ad00000, 0x000000008ae00000, 0x000000008ae00000|100%| O|  |TAMS 0x000000008ae00000, 0x000000008ad00000| Untracked 
| 174|0x000000008ae00000, 0x000000008af00000, 0x000000008af00000|100%| O|  |TAMS 0x000000008af00000, 0x000000008ae00000| Untracked 
| 175|0x000000008af00000, 0x000000008b000000, 0x000000008b000000|100%| O|  |TAMS 0x000000008b000000, 0x000000008af00000| Untracked 
| 176|0x000000008b000000, 0x000000008b100000, 0x000000008b100000|100%| O|  |TAMS 0x000000008b100000, 0x000000008b000000| Complete 
| 177|0x000000008b100000, 0x000000008b200000, 0x000000008b200000|100%| O|  |TAMS 0x000000008b200000, 0x000000008b100000| Untracked 
| 178|0x000000008b200000, 0x000000008b300000, 0x000000008b300000|100%| O|  |TAMS 0x000000008b300000, 0x000000008b200000| Untracked 
| 179|0x000000008b300000, 0x000000008b400000, 0x000000008b400000|100%| O|  |TAMS 0x000000008b400000, 0x000000008b300000| Complete 
| 180|0x000000008b400000, 0x000000008b500000, 0x000000008b500000|100%| O|  |TAMS 0x000000008b500000, 0x000000008b400000| Untracked 
| 181|0x000000008b500000, 0x000000008b600000, 0x000000008b600000|100%| O|  |TAMS 0x000000008b600000, 0x000000008b500000| Complete 
| 182|0x000000008b600000, 0x000000008b700000, 0x000000008b700000|100%| O|  |TAMS 0x000000008b700000, 0x000000008b600000| Untracked 
| 183|0x000000008b700000, 0x000000008b800000, 0x000000008b800000|100%| O|  |TAMS 0x000000008b800000, 0x000000008b700000| Complete 
| 184|0x000000008b800000, 0x000000008b900000, 0x000000008b900000|100%| O|  |TAMS 0x000000008b900000, 0x000000008b800000| Untracked 
| 185|0x000000008b900000, 0x000000008ba00000, 0x000000008ba00000|100%| O|  |TAMS 0x000000008ba00000, 0x000000008b900000| Untracked 
| 186|0x000000008ba00000, 0x000000008bb00000, 0x000000008bb00000|100%| O|  |TAMS 0x000000008bb00000, 0x000000008ba00000| Untracked 
| 187|0x000000008bb00000, 0x000000008bc00000, 0x000000008bc00000|100%| O|  |TAMS 0x000000008bc00000, 0x000000008bb00000| Complete 
| 188|0x000000008bc00000, 0x000000008bd00000, 0x000000008bd00000|100%| O|  |TAMS 0x000000008bd00000, 0x000000008bc00000| Untracked 
| 189|0x000000008bd00000, 0x000000008be00000, 0x000000008be00000|100%| O|  |TAMS 0x000000008be00000, 0x000000008bd00000| Untracked 
| 190|0x000000008be00000, 0x000000008bf00000, 0x000000008bf00000|100%| O|  |TAMS 0x000000008bf00000, 0x000000008be00000| Untracked 
| 191|0x000000008bf00000, 0x000000008c000000, 0x000000008c000000|100%| O|  |TAMS 0x000000008c000000, 0x000000008bf00000| Untracked 
| 192|0x000000008c000000, 0x000000008c100000, 0x000000008c100000|100%| O|  |TAMS 0x000000008c051e00, 0x000000008c000000| Complete 
| 193|0x000000008c100000, 0x000000008c200000, 0x000000008c200000|100%| O|  |TAMS 0x000000008c100000, 0x000000008c100000| Untracked 
| 194|0x000000008c200000, 0x000000008c300000, 0x000000008c300000|100%| O|  |TAMS 0x000000008c200000, 0x000000008c200000| Untracked 
| 195|0x000000008c300000, 0x000000008c400000, 0x000000008c400000|100%| O|  |TAMS 0x000000008c300000, 0x000000008c300000| Untracked 
| 196|0x000000008c400000, 0x000000008c500000, 0x000000008c500000|100%| O|  |TAMS 0x000000008c400000, 0x000000008c400000| Untracked 
| 197|0x000000008c500000, 0x000000008c600000, 0x000000008c600000|100%| O|  |TAMS 0x000000008c500000, 0x000000008c500000| Untracked 
| 198|0x000000008c600000, 0x000000008c700000, 0x000000008c700000|100%| O|  |TAMS 0x000000008c600000, 0x000000008c600000| Untracked 
| 199|0x000000008c700000, 0x000000008c800000, 0x000000008c800000|100%| O|  |TAMS 0x000000008c700000, 0x000000008c700000| Untracked 
| 200|0x000000008c800000, 0x000000008c900000, 0x000000008c900000|100%| O|  |TAMS 0x000000008c800000, 0x000000008c800000| Untracked 
| 201|0x000000008c900000, 0x000000008c96c600, 0x000000008ca00000| 42%| O|  |TAMS 0x000000008c900000, 0x000000008c900000| Untracked 
| 202|0x000000008ca00000, 0x000000008ca00000, 0x000000008cb00000|  0%| F|  |TAMS 0x000000008ca00000, 0x000000008ca00000| Untracked 
| 203|0x000000008cb00000, 0x000000008cb00000, 0x000000008cc00000|  0%| F|  |TAMS 0x000000008cb00000, 0x000000008cb00000| Untracked 
| 204|0x000000008cc00000, 0x000000008cc00000, 0x000000008cd00000|  0%| F|  |TAMS 0x000000008cc00000, 0x000000008cc00000| Untracked 
| 205|0x000000008cd00000, 0x000000008cd00000, 0x000000008ce00000|  0%| F|  |TAMS 0x000000008cd00000, 0x000000008cd00000| Untracked 
| 206|0x000000008ce00000, 0x000000008ce00000, 0x000000008cf00000|  0%| F|  |TAMS 0x000000008ce00000, 0x000000008ce00000| Untracked 
| 207|0x000000008cf00000, 0x000000008cf00000, 0x000000008d000000|  0%| F|  |TAMS 0x000000008cf00000, 0x000000008cf00000| Untracked 
| 208|0x000000008d000000, 0x000000008d000000, 0x000000008d100000|  0%| F|  |TAMS 0x000000008d000000, 0x000000008d000000| Untracked 
| 209|0x000000008d100000, 0x000000008d100000, 0x000000008d200000|  0%| F|  |TAMS 0x000000008d100000, 0x000000008d100000| Untracked 
| 210|0x000000008d200000, 0x000000008d200000, 0x000000008d300000|  0%| F|  |TAMS 0x000000008d200000, 0x000000008d200000| Untracked 
| 211|0x000000008d300000, 0x000000008d300000, 0x000000008d400000|  0%| F|  |TAMS 0x000000008d300000, 0x000000008d300000| Untracked 
| 212|0x000000008d400000, 0x000000008d400000, 0x000000008d500000|  0%| F|  |TAMS 0x000000008d400000, 0x000000008d400000| Untracked 
| 213|0x000000008d500000, 0x000000008d500000, 0x000000008d600000|  0%| F|  |TAMS 0x000000008d500000, 0x000000008d500000| Untracked 
| 214|0x000000008d600000, 0x000000008d600000, 0x000000008d700000|  0%| F|  |TAMS 0x000000008d600000, 0x000000008d600000| Untracked 
| 215|0x000000008d700000, 0x000000008d700000, 0x000000008d800000|  0%| F|  |TAMS 0x000000008d700000, 0x000000008d700000| Untracked 
| 216|0x000000008d800000, 0x000000008d800000, 0x000000008d900000|  0%| F|  |TAMS 0x000000008d800000, 0x000000008d800000| Untracked 
| 217|0x000000008d900000, 0x000000008d900000, 0x000000008da00000|  0%| F|  |TAMS 0x000000008d900000, 0x000000008d900000| Untracked 
| 218|0x000000008da00000, 0x000000008da00000, 0x000000008db00000|  0%| F|  |TAMS 0x000000008da00000, 0x000000008da00000| Untracked 
| 219|0x000000008db00000, 0x000000008db00000, 0x000000008dc00000|  0%| F|  |TAMS 0x000000008db00000, 0x000000008db00000| Untracked 
| 220|0x000000008dc00000, 0x000000008dc00000, 0x000000008dd00000|  0%| F|  |TAMS 0x000000008dc00000, 0x000000008dc00000| Untracked 
| 221|0x000000008dd00000, 0x000000008dd00000, 0x000000008de00000|  0%| F|  |TAMS 0x000000008dd00000, 0x000000008dd00000| Untracked 
| 222|0x000000008de00000, 0x000000008de00000, 0x000000008df00000|  0%| F|  |TAMS 0x000000008de00000, 0x000000008de00000| Untracked 
| 223|0x000000008df00000, 0x000000008df00000, 0x000000008e000000|  0%| F|  |TAMS 0x000000008df00000, 0x000000008df00000| Untracked 
| 224|0x000000008e000000, 0x000000008e000000, 0x000000008e100000|  0%| F|  |TAMS 0x000000008e000000, 0x000000008e000000| Untracked 
| 225|0x000000008e100000, 0x000000008e100000, 0x000000008e200000|  0%| F|  |TAMS 0x000000008e100000, 0x000000008e100000| Untracked 
| 226|0x000000008e200000, 0x000000008e200000, 0x000000008e300000|  0%| F|  |TAMS 0x000000008e200000, 0x000000008e200000| Untracked 
| 227|0x000000008e300000, 0x000000008e300000, 0x000000008e400000|  0%| F|  |TAMS 0x000000008e300000, 0x000000008e300000| Untracked 
| 228|0x000000008e400000, 0x000000008e400000, 0x000000008e500000|  0%| F|  |TAMS 0x000000008e400000, 0x000000008e400000| Untracked 
| 229|0x000000008e500000, 0x000000008e500000, 0x000000008e600000|  0%| F|  |TAMS 0x000000008e500000, 0x000000008e500000| Untracked 
| 230|0x000000008e600000, 0x000000008e600000, 0x000000008e700000|  0%| F|  |TAMS 0x000000008e600000, 0x000000008e600000| Untracked 
| 231|0x000000008e700000, 0x000000008e700000, 0x000000008e800000|  0%| F|  |TAMS 0x000000008e700000, 0x000000008e700000| Untracked 
| 232|0x000000008e800000, 0x000000008e800000, 0x000000008e900000|  0%| F|  |TAMS 0x000000008e800000, 0x000000008e800000| Untracked 
| 233|0x000000008e900000, 0x000000008e900000, 0x000000008ea00000|  0%| F|  |TAMS 0x000000008e900000, 0x000000008e900000| Untracked 
| 234|0x000000008ea00000, 0x000000008ea00000, 0x000000008eb00000|  0%| F|  |TAMS 0x000000008ea00000, 0x000000008ea00000| Untracked 
| 235|0x000000008eb00000, 0x000000008eb00000, 0x000000008ec00000|  0%| F|  |TAMS 0x000000008eb00000, 0x000000008eb00000| Untracked 
| 236|0x000000008ec00000, 0x000000008ec20f80, 0x000000008ed00000| 12%| S|CS|TAMS 0x000000008ec00000, 0x000000008ec00000| Complete 
| 237|0x000000008ed00000, 0x000000008ee00000, 0x000000008ee00000|100%| S|CS|TAMS 0x000000008ed00000, 0x000000008ed00000| Complete 
| 238|0x000000008ee00000, 0x000000008ee00000, 0x000000008ef00000|  0%| F|  |TAMS 0x000000008ee00000, 0x000000008ee00000| Untracked 
| 239|0x000000008ef00000, 0x000000008ef00000, 0x000000008f000000|  0%| F|  |TAMS 0x000000008ef00000, 0x000000008ef00000| Untracked 
| 240|0x000000008f000000, 0x000000008f000000, 0x000000008f100000|  0%| F|  |TAMS 0x000000008f000000, 0x000000008f000000| Untracked 
| 241|0x000000008f100000, 0x000000008f100000, 0x000000008f200000|  0%| F|  |TAMS 0x000000008f100000, 0x000000008f100000| Untracked 
| 242|0x000000008f200000, 0x000000008f300000, 0x000000008f300000|100%| S|CS|TAMS 0x000000008f200000, 0x000000008f200000| Complete 
| 243|0x000000008f300000, 0x000000008f400000, 0x000000008f400000|100%| S|CS|TAMS 0x000000008f300000, 0x000000008f300000| Complete 
| 244|0x000000008f400000, 0x000000008f400000, 0x000000008f500000|  0%| F|  |TAMS 0x000000008f400000, 0x000000008f400000| Untracked 
| 245|0x000000008f500000, 0x000000008f500000, 0x000000008f600000|  0%| F|  |TAMS 0x000000008f500000, 0x000000008f500000| Untracked 
| 246|0x000000008f600000, 0x000000008f600000, 0x000000008f700000|  0%| F|  |TAMS 0x000000008f600000, 0x000000008f600000| Untracked 
| 247|0x000000008f700000, 0x000000008f700000, 0x000000008f800000|  0%| F|  |TAMS 0x000000008f700000, 0x000000008f700000| Untracked 
| 248|0x000000008f800000, 0x000000008f800000, 0x000000008f900000|  0%| F|  |TAMS 0x000000008f800000, 0x000000008f800000| Untracked 
| 249|0x000000008f900000, 0x000000008f900000, 0x000000008fa00000|  0%| F|  |TAMS 0x000000008f900000, 0x000000008f900000| Untracked 
| 250|0x000000008fa00000, 0x000000008fa00000, 0x000000008fb00000|  0%| F|  |TAMS 0x000000008fa00000, 0x000000008fa00000| Untracked 
| 251|0x000000008fb00000, 0x000000008fb00000, 0x000000008fc00000|  0%| F|  |TAMS 0x000000008fb00000, 0x000000008fb00000| Untracked 
| 252|0x000000008fc00000, 0x000000008fc00000, 0x000000008fd00000|  0%| F|  |TAMS 0x000000008fc00000, 0x000000008fc00000| Untracked 
| 253|0x000000008fd00000, 0x000000008fd00000, 0x000000008fe00000|  0%| F|  |TAMS 0x000000008fd00000, 0x000000008fd00000| Untracked 
| 254|0x000000008fe00000, 0x000000008fe00000, 0x000000008ff00000|  0%| F|  |TAMS 0x000000008fe00000, 0x000000008fe00000| Untracked 
| 255|0x000000008ff00000, 0x000000008ff00000, 0x0000000090000000|  0%| F|  |TAMS 0x000000008ff00000, 0x000000008ff00000| Untracked 
| 256|0x0000000090000000, 0x0000000090000000, 0x0000000090100000|  0%| F|  |TAMS 0x0000000090000000, 0x0000000090000000| Untracked 
| 257|0x0000000090100000, 0x0000000090100000, 0x0000000090200000|  0%| F|  |TAMS 0x0000000090100000, 0x0000000090100000| Untracked 
| 258|0x0000000090200000, 0x0000000090200000, 0x0000000090300000|  0%| F|  |TAMS 0x0000000090200000, 0x0000000090200000| Untracked 
| 259|0x0000000090300000, 0x0000000090300000, 0x0000000090400000|  0%| F|  |TAMS 0x0000000090300000, 0x0000000090300000| Untracked 
| 260|0x0000000090400000, 0x0000000090400000, 0x0000000090500000|  0%| F|  |TAMS 0x0000000090400000, 0x0000000090400000| Untracked 
| 261|0x0000000090500000, 0x0000000090500000, 0x0000000090600000|  0%| F|  |TAMS 0x0000000090500000, 0x0000000090500000| Untracked 
| 262|0x0000000090600000, 0x0000000090600000, 0x0000000090700000|  0%| F|  |TAMS 0x0000000090600000, 0x0000000090600000| Untracked 
| 263|0x0000000090700000, 0x0000000090700000, 0x0000000090800000|  0%| F|  |TAMS 0x0000000090700000, 0x0000000090700000| Untracked 
| 264|0x0000000090800000, 0x0000000090800000, 0x0000000090900000|  0%| F|  |TAMS 0x0000000090800000, 0x0000000090800000| Untracked 
| 265|0x0000000090900000, 0x0000000090900000, 0x0000000090a00000|  0%| F|  |TAMS 0x0000000090900000, 0x0000000090900000| Untracked 
| 266|0x0000000090a00000, 0x0000000090a00000, 0x0000000090b00000|  0%| F|  |TAMS 0x0000000090a00000, 0x0000000090a00000| Untracked 

Card table byte_map: [0x00000143e5e30000,0x00000143e6230000] _byte_map_base: 0x00000143e5a30000

Marking Bits (Prev, Next): (CMBitMap*) 0x00000143d2e47c30, (CMBitMap*) 0x00000143d2e47bf8
 Prev Bits: [0x00000143e8630000, 0x00000143ea630000)
 Next Bits: [0x00000143e6630000, 0x00000143e8630000)

Polling page: 0x00000143d0c20000

Metaspace:

Usage:
  Non-class:    108.69 MB capacity,   106.78 MB ( 98%) used,     1.54 MB (  1%) free+waste,   376.63 KB ( <1%) overhead. 
      Class:     16.21 MB capacity,    15.09 MB ( 93%) used,   987.43 KB (  6%) free+waste,   166.38 KB (  1%) overhead. 
       Both:    124.90 MB capacity,   121.87 MB ( 98%) used,     2.50 MB (  2%) free+waste,   543.00 KB ( <1%) overhead. 

Virtual space:
  Non-class space:      110.00 MB reserved,     108.75 MB ( 99%) committed 
      Class space:        1.00 GB reserved,      16.33 MB (  2%) committed 
             Both:        1.11 GB reserved,     125.08 MB ( 11%) committed 

Chunk freelists:
   Non-Class:  0 bytes
       Class:  6.00 KB
        Both:  6.00 KB

MaxMetaspaceSize: 17179869184.00 GB
CompressedClassSpaceSize: 1.00 GB
Initial GC threshold: 20.80 MB
Current GC threshold: 207.01 MB
CDS: off

CodeHeap 'non-profiled nmethods': size=120064Kb used=13477Kb max_used=13477Kb free=106586Kb
 bounds [0x00000143de3e0000, 0x00000143df110000, 0x00000143e5920000]
CodeHeap 'profiled nmethods': size=120000Kb used=41521Kb max_used=41521Kb free=78478Kb
 bounds [0x00000143d6eb0000, 0x00000143d9740000, 0x00000143de3e0000]
CodeHeap 'non-nmethods': size=5696Kb used=2459Kb max_used=2507Kb free=3236Kb
 bounds [0x00000143d6920000, 0x00000143d6ba0000, 0x00000143d6eb0000]
 total_blobs=19523 nmethods=18531 adapters=903
 compilation: enabled
              stopped_count=0, restarted_count=0
 full_count=0

Compilation events (20 events):
Event: 2625.000 Thread 0x00000143ece8f000 19518       1       com.android.tools.r8.internal.Xq::b (5 bytes)
Event: 2625.000 Thread 0x00000143ece8f000 nmethod 19518 0x00000143df106c90 code [0x00000143df106e40, 0x00000143df106ef8]
Event: 2625.000 Thread 0x00000143ece8f000 19519       3       java.util.LinkedList$ListItr::previous (70 bytes)
Event: 2625.000 Thread 0x00000143ece8f000 nmethod 19519 0x00000143d973a890 code [0x00000143d973aaa0, 0x00000143d973b018]
Event: 2625.005 Thread 0x00000143f335d800 nmethod 19516 0x00000143df106f90 code [0x00000143df107180, 0x00000143df107be8]
Event: 2625.005 Thread 0x00000143f335d800 19520       4       java.lang.invoke.MemberName::getInvocationType (56 bytes)
Event: 2625.006 Thread 0x00000143ece8f000 19521       3       com.android.tools.r8.internal.G4::hasNext (10 bytes)
Event: 2625.006 Thread 0x00000143ece8f000 nmethod 19521 0x00000143d973b210 code [0x00000143d973b3c0, 0x00000143d973b588]
Event: 2625.008 Thread 0x00000143ece8f000 19522       3       com.android.tools.r8.internal.G4::j (19 bytes)
Event: 2625.008 Thread 0x00000143ece8f000 nmethod 19522 0x00000143d973b690 code [0x00000143d973b860, 0x00000143d973bb68]
Event: 2625.008 Thread 0x00000143ece8f000 19523       3       com.android.tools.r8.internal.G4::next (5 bytes)
Event: 2625.009 Thread 0x00000143ece8f000 nmethod 19523 0x00000143d973bc90 code [0x00000143d973be60, 0x00000143d973c1c8]
Event: 2625.014 Thread 0x00000143ece8f000 19525       3       com.android.tools.r8.graph.g::P (8 bytes)
Event: 2625.014 Thread 0x00000143ece8f000 nmethod 19525 0x00000143d973c310 code [0x00000143d973c4c0, 0x00000143d973c638]
Event: 2625.019 Thread 0x00000143f335d800 nmethod 19520 0x00000143df107f90 code [0x00000143df1081e0, 0x00000143df108d90]
Event: 2625.019 Thread 0x00000143f335d800 19524       4       jdk.internal.org.objectweb.asm.ClassWriter::toByteArray (1423 bytes)
Event: 2625.041 Thread 0x00000143ece8f000 19526       3       com.android.tools.r8.internal.up::i (64 bytes)
Event: 2625.042 Thread 0x00000143ece8f000 nmethod 19526 0x00000143d973c710 code [0x00000143d973c940, 0x00000143d973ce58]
Event: 2625.046 Thread 0x00000143ece8f000 19527       3       com.android.tools.r8.internal.en::b (16 bytes)
Event: 2625.047 Thread 0x00000143ece8f000 nmethod 19527 0x00000143d973d010 code [0x00000143d973d220, 0x00000143d973d508]

GC Heap History (20 events):
Event: 2624.467 GC heap after
{Heap after GC invocations=119 (full 0):
 garbage-first heap   total 227328K, used 176062K [0x0000000080000000, 0x0000000100000000)
  region size 1024K, 2 young (2048K), 2 survivors (2048K)
 Metaspace       used 122063K, capacity 124852K, committed 125520K, reserved 1159168K
  class space    used 14994K, capacity 16019K, committed 16208K, reserved 1048576K
}
Event: 2624.497 GC heap before
{Heap before GC invocations=119 (full 0):
 garbage-first heap   total 227328K, used 193470K [0x0000000080000000, 0x0000000100000000)
  region size 1024K, 19 young (19456K), 2 survivors (2048K)
 Metaspace       used 122274K, capacity 125094K, committed 125648K, reserved 1159168K
  class space    used 15013K, capacity 16057K, committed 16336K, reserved 1048576K
}
Event: 2624.503 GC heap after
{Heap after GC invocations=120 (full 0):
 garbage-first heap   total 227328K, used 179803K [0x0000000080000000, 0x0000000100000000)
  region size 1024K, 3 young (3072K), 3 survivors (3072K)
 Metaspace       used 122274K, capacity 125094K, committed 125648K, reserved 1159168K
  class space    used 15013K, capacity 16057K, committed 16336K, reserved 1048576K
}
Event: 2624.534 GC heap before
{Heap before GC invocations=120 (full 0):
 garbage-first heap   total 227328K, used 195163K [0x0000000080000000, 0x0000000100000000)
  region size 1024K, 18 young (18432K), 3 survivors (3072K)
 Metaspace       used 122348K, capacity 125162K, committed 125904K, reserved 1159168K
  class space    used 15016K, capacity 16057K, committed 16336K, reserved 1048576K
}
Event: 2624.539 GC heap after
{Heap after GC invocations=121 (full 0):
 garbage-first heap   total 227328K, used 183063K [0x0000000080000000, 0x0000000100000000)
  region size 1024K, 3 young (3072K), 3 survivors (3072K)
 Metaspace       used 122348K, capacity 125162K, committed 125904K, reserved 1159168K
  class space    used 15016K, capacity 16057K, committed 16336K, reserved 1048576K
}
Event: 2624.566 GC heap before
{Heap before GC invocations=121 (full 0):
 garbage-first heap   total 227328K, used 196375K [0x0000000080000000, 0x0000000100000000)
  region size 1024K, 16 young (16384K), 3 survivors (3072K)
 Metaspace       used 122493K, capacity 125292K, committed 125904K, reserved 1159168K
  class space    used 15018K, capacity 16058K, committed 16336K, reserved 1048576K
}
Event: 2624.569 GC heap after
{Heap after GC invocations=122 (full 0):
 garbage-first heap   total 227328K, used 185638K [0x0000000080000000, 0x0000000100000000)
  region size 1024K, 2 young (2048K), 2 survivors (2048K)
 Metaspace       used 122493K, capacity 125292K, committed 125904K, reserved 1159168K
  class space    used 15018K, capacity 16058K, committed 16336K, reserved 1048576K
}
Event: 2624.590 GC heap before
{Heap before GC invocations=122 (full 0):
 garbage-first heap   total 227328K, used 196902K [0x0000000080000000, 0x0000000100000000)
  region size 1024K, 13 young (13312K), 2 survivors (2048K)
 Metaspace       used 122678K, capacity 125551K, committed 125904K, reserved 1159168K
  class space    used 15087K, capacity 16185K, committed 16336K, reserved 1048576K
}
Event: 2624.594 GC heap after
{Heap after GC invocations=123 (full 0):
 garbage-first heap   total 227328K, used 187917K [0x0000000080000000, 0x0000000100000000)
  region size 1024K, 2 young (2048K), 2 survivors (2048K)
 Metaspace       used 122678K, capacity 125551K, committed 125904K, reserved 1159168K
  class space    used 15087K, capacity 16185K, committed 16336K, reserved 1048576K
}
Event: 2624.639 GC heap before
{Heap before GC invocations=123 (full 0):
 garbage-first heap   total 227328K, used 198157K [0x0000000080000000, 0x0000000100000000)
  region size 1024K, 12 young (12288K), 2 survivors (2048K)
 Metaspace       used 122885K, capacity 125781K, committed 126160K, reserved 1159168K
  class space    used 15135K, capacity 16256K, committed 16336K, reserved 1048576K
}
Event: 2624.643 GC heap after
{Heap after GC invocations=124 (full 0):
 garbage-first heap   total 227328K, used 189987K [0x0000000080000000, 0x0000000100000000)
  region size 1024K, 2 young (2048K), 2 survivors (2048K)
 Metaspace       used 122885K, capacity 125781K, committed 126160K, reserved 1159168K
  class space    used 15135K, capacity 16256K, committed 16336K, reserved 1048576K
}
Event: 2624.660 GC heap before
{Heap before GC invocations=124 (full 0):
 garbage-first heap   total 227328K, used 199203K [0x0000000080000000, 0x0000000100000000)
  region size 1024K, 11 young (11264K), 2 survivors (2048K)
 Metaspace       used 123004K, capacity 126006K, committed 126160K, reserved 1159168K
  class space    used 15166K, capacity 16331K, committed 16336K, reserved 1048576K
}
Event: 2624.665 GC heap after
{Heap after GC invocations=125 (full 0):
 garbage-first heap   total 273408K, used 191627K [0x0000000080000000, 0x0000000100000000)
  region size 1024K, 2 young (2048K), 2 survivors (2048K)
 Metaspace       used 123004K, capacity 126006K, committed 126160K, reserved 1159168K
  class space    used 15166K, capacity 16331K, committed 16336K, reserved 1048576K
}
Event: 2624.704 GC heap before
{Heap before GC invocations=126 (full 0):
 garbage-first heap   total 273408K, used 218251K [0x0000000080000000, 0x0000000100000000)
  region size 1024K, 28 young (28672K), 2 survivors (2048K)
 Metaspace       used 123234K, capacity 126222K, committed 126544K, reserved 1159168K
  class space    used 15200K, capacity 16357K, committed 16464K, reserved 1048576K
}
Event: 2624.710 GC heap after
{Heap after GC invocations=127 (full 0):
 garbage-first heap   total 273408K, used 196148K [0x0000000080000000, 0x0000000100000000)
  region size 1024K, 4 young (4096K), 4 survivors (4096K)
 Metaspace       used 123234K, capacity 126222K, committed 126544K, reserved 1159168K
  class space    used 15200K, capacity 16357K, committed 16464K, reserved 1048576K
}
Event: 2624.733 GC heap before
{Heap before GC invocations=127 (full 0):
 garbage-first heap   total 273408K, used 222772K [0x0000000080000000, 0x0000000100000000)
  region size 1024K, 30 young (30720K), 4 survivors (4096K)
 Metaspace       used 123288K, capacity 126291K, committed 126544K, reserved 1159168K
  class space    used 15207K, capacity 16358K, committed 16464K, reserved 1048576K
}
Event: 2624.741 GC heap after
{Heap after GC invocations=128 (full 0):
 garbage-first heap   total 273408K, used 201031K [0x0000000080000000, 0x0000000100000000)
  region size 1024K, 4 young (4096K), 4 survivors (4096K)
 Metaspace       used 123288K, capacity 126291K, committed 126544K, reserved 1159168K
  class space    used 15207K, capacity 16358K, committed 16464K, reserved 1048576K
}
Event: 2624.782 GC heap before
{Heap before GC invocations=128 (full 0):
 garbage-first heap   total 273408K, used 226631K [0x0000000080000000, 0x0000000100000000)
  region size 1024K, 29 young (29696K), 4 survivors (4096K)
 Metaspace       used 123625K, capacity 126669K, committed 126800K, reserved 1159168K
  class space    used 15270K, capacity 16442K, committed 16464K, reserved 1048576K
}
Event: 2624.789 GC heap after
{Heap after GC invocations=129 (full 0):
 garbage-first heap   total 273408K, used 205958K [0x0000000080000000, 0x0000000100000000)
  region size 1024K, 4 young (4096K), 4 survivors (4096K)
 Metaspace       used 123625K, capacity 126669K, committed 126800K, reserved 1159168K
  class space    used 15270K, capacity 16442K, committed 16464K, reserved 1048576K
}
Event: 2625.047 GC heap before
{Heap before GC invocations=130 (full 0):
 garbage-first heap   total 273408K, used 228486K [0x0000000080000000, 0x0000000100000000)
  region size 1024K, 27 young (27648K), 4 survivors (4096K)
 Metaspace       used 124791K, capacity 127900K, committed 128080K, reserved 1161216K
  class space    used 15448K, capacity 16602K, committed 16720K, reserved 1048576K
}

Deoptimization events (20 events):
Event: 2624.724 Thread 0x00000143f7565800 Uncommon trap: trap_request=0xffffff4d fr.pc=0x00000143df0e93b8 relative=0x0000000000001b98
Event: 2624.724 Thread 0x00000143f7565800 Uncommon trap: reason=unstable_if action=reinterpret pc=0x00000143df0e93b8 method=com.android.tools.r8.internal.r00.d(Ljava/lang/String;)Lcom/android/tools/r8/internal/r00; @ 11 c2
Event: 2624.724 Thread 0x00000143f7565800 DEOPT PACKING pc=0x00000143df0e93b8 sp=0x000000212d3f93d0
Event: 2624.724 Thread 0x00000143f7565800 DEOPT UNPACKING pc=0x00000143d696a1af sp=0x000000212d3f9330 mode 2
Event: 2625.013 Thread 0x00000143f7565800 Uncommon trap: trap_request=0xffffffc6 fr.pc=0x00000143df0c73b4 relative=0x0000000000000a34
Event: 2625.013 Thread 0x00000143f7565800 Uncommon trap: reason=bimorphic_or_optimized_type_check action=maybe_recompile pc=0x00000143df0c73b4 method=com.android.tools.r8.internal.Dj.b(Ljava/lang/Object;)I @ 8 c2
Event: 2625.013 Thread 0x00000143f7565800 DEOPT PACKING pc=0x00000143df0c73b4 sp=0x000000212d3f9fe0
Event: 2625.013 Thread 0x00000143f7565800 DEOPT UNPACKING pc=0x00000143d696a1af sp=0x000000212d3f9f28 mode 2
Event: 2625.013 Thread 0x00000143f7565800 Uncommon trap: trap_request=0xffffffc6 fr.pc=0x00000143df0c73b4 relative=0x0000000000000a34
Event: 2625.013 Thread 0x00000143f7565800 Uncommon trap: reason=bimorphic_or_optimized_type_check action=maybe_recompile pc=0x00000143df0c73b4 method=com.android.tools.r8.internal.Dj.b(Ljava/lang/Object;)I @ 8 c2
Event: 2625.013 Thread 0x00000143f7565800 DEOPT PACKING pc=0x00000143df0c73b4 sp=0x000000212d3f9ff0
Event: 2625.013 Thread 0x00000143f7565800 DEOPT UNPACKING pc=0x00000143d696a1af sp=0x000000212d3f9f38 mode 2
Event: 2625.013 Thread 0x00000143f7565800 Uncommon trap: trap_request=0xffffffc6 fr.pc=0x00000143df0c73b4 relative=0x0000000000000a34
Event: 2625.013 Thread 0x00000143f7565800 Uncommon trap: reason=bimorphic_or_optimized_type_check action=maybe_recompile pc=0x00000143df0c73b4 method=com.android.tools.r8.internal.Dj.b(Ljava/lang/Object;)I @ 8 c2
Event: 2625.013 Thread 0x00000143f7565800 DEOPT PACKING pc=0x00000143df0c73b4 sp=0x000000212d3f9fd0
Event: 2625.013 Thread 0x00000143f7565800 DEOPT UNPACKING pc=0x00000143d696a1af sp=0x000000212d3f9f18 mode 2
Event: 2625.013 Thread 0x00000143f7565800 Uncommon trap: trap_request=0xffffffc6 fr.pc=0x00000143df0c73b4 relative=0x0000000000000a34
Event: 2625.013 Thread 0x00000143f7565800 Uncommon trap: reason=bimorphic_or_optimized_type_check action=maybe_recompile pc=0x00000143df0c73b4 method=com.android.tools.r8.internal.Dj.b(Ljava/lang/Object;)I @ 8 c2
Event: 2625.013 Thread 0x00000143f7565800 DEOPT PACKING pc=0x00000143df0c73b4 sp=0x000000212d3f9f90
Event: 2625.013 Thread 0x00000143f7565800 DEOPT UNPACKING pc=0x00000143d696a1af sp=0x000000212d3f9ed8 mode 2

Classes redefined (0 events):
No events

Internal exceptions (20 events):
Event: 2623.447 Thread 0x00000143f32c4000 Exception <a 'java/lang/NoSuchMethodError'{0x000000008c180a48}: 'java.lang.Object java.lang.invoke.DirectMethodHandle$Holder.newInvokeSpecial(java.lang.Object, int)'> (0x000000008c180a48) thrown at [./src/hotspot/share/interpreter/linkResolver.cpp, line 773]
Event: 2623.447 Thread 0x00000143f7565800 Exception <a 'java/lang/NoSuchMethodError'{0x000000008c16f648}: 'java.lang.Object java.lang.invoke.DirectMethodHandle$Holder.newInvokeSpecial(java.lang.Object, int)'> (0x000000008c16f648) thrown at [./src/hotspot/share/interpreter/linkResolver.cpp, line 773]
Event: 2623.884 Thread 0x00000143f32c4000 Exception <a 'java/lang/NoSuchMethodError'{0x000000008d89f2e8}: 'java.lang.Object java.lang.invoke.DirectMethodHandle$Holder.invokeStaticInit(java.lang.Object, java.lang.Object, java.lang.Object, java.lang.Object, java.lang.Object, java.lang.Object, java.lang.Object, java.lang.Object, java.lang.Object, java.lang.Object, java.lang.Object, java.lang.Object, java.lang.Object, java.lang.Object, java.lang.Object, java.lang.Object, java.lang.Object, java.lang.Object, int, java.lang.Object, java.lang.Object)'> (0
Event: 2623.985 Thread 0x00000143f7565800 Exception <a 'java/lang/IncompatibleClassChangeError'{0x000000008d603a78}: Found class java.lang.Object, but interface was expected> (0x000000008d603a78) thrown at [./src/hotspot/share/interpreter/linkResolver.cpp, line 839]
Event: 2623.985 Thread 0x00000143f32bb800 Exception <a 'java/lang/IncompatibleClassChangeError'{0x000000008d77d1b0}: Found class java.lang.Object, but interface was expected> (0x000000008d77d1b0) thrown at [./src/hotspot/share/interpreter/linkResolver.cpp, line 839]
Event: 2623.985 Thread 0x00000143f17ae800 Exception <a 'java/lang/IncompatibleClassChangeError'{0x000000008d613650}: Found class java.lang.Object, but interface was expected> (0x000000008d613650) thrown at [./src/hotspot/share/interpreter/linkResolver.cpp, line 839]
Event: 2623.985 Thread 0x00000143f32c4000 Exception <a 'java/lang/IncompatibleClassChangeError'{0x000000008d8d8688}: Found class java.lang.Object, but interface was expected> (0x000000008d8d8688) thrown at [./src/hotspot/share/interpreter/linkResolver.cpp, line 839]
Event: 2623.985 Thread 0x00000143f7568000 Exception <a 'java/lang/IncompatibleClassChangeError'{0x000000008d7836c8}: Found class java.lang.Object, but interface was expected> (0x000000008d7836c8) thrown at [./src/hotspot/share/interpreter/linkResolver.cpp, line 839]
Event: 2623.985 Thread 0x00000143f17aa800 Exception <a 'java/lang/IncompatibleClassChangeError'{0x000000008d763b30}: Found class java.lang.Object, but interface was expected> (0x000000008d763b30) thrown at [./src/hotspot/share/interpreter/linkResolver.cpp, line 839]
Event: 2624.111 Thread 0x00000143f7565800 Exception <a 'java/lang/NoSuchMethodError'{0x000000008d3541c8}: 'java.lang.Object java.lang.invoke.DirectMethodHandle$Holder.invokeStatic(java.lang.Object, long)'> (0x000000008d3541c8) thrown at [./src/hotspot/share/interpreter/linkResolver.cpp, line 773]
Event: 2624.111 Thread 0x00000143f7565800 Exception <a 'java/lang/NoSuchMethodError'{0x000000008d35ad40}: 'java.lang.Object java.lang.invoke.Invokers$Holder.linkToTargetMethod(long, java.lang.Object)'> (0x000000008d35ad40) thrown at [./src/hotspot/share/interpreter/linkResolver.cpp, line 773]
Event: 2624.284 Thread 0x00000143f32bb800 Exception <a 'java/lang/NoSuchMethodError'{0x000000008db51058}: 'void java.lang.invoke.DirectMethodHandle$Holder.invokeStatic(java.lang.Object, java.lang.Object, java.lang.Object, int)'> (0x000000008db51058) thrown at [./src/hotspot/share/interpreter/linkResolver.cpp, line 773]
Event: 2624.285 Thread 0x00000143f32bb800 Exception <a 'java/lang/IncompatibleClassChangeError'{0x000000008db5f4a0}: Found class java.lang.Object, but interface was expected> (0x000000008db5f4a0) thrown at [./src/hotspot/share/interpreter/linkResolver.cpp, line 839]
Event: 2624.496 Thread 0x00000143f17ae800 Exception <a 'java/lang/NoSuchMethodError'{0x000000008cb30598}: 'java.lang.Object java.lang.invoke.DirectMethodHandle$Holder.invokeStatic(java.lang.Object, int, java.lang.Object, java.lang.Object)'> (0x000000008cb30598) thrown at [./src/hotspot/share/interpreter/linkResolver.cpp, line 773]
Event: 2624.774 Thread 0x00000143f7568000 Exception <a 'java/lang/IncompatibleClassChangeError'{0x000000008f5d2c30}: Found class java.lang.Object, but interface was expected> (0x000000008f5d2c30) thrown at [./src/hotspot/share/interpreter/linkResolver.cpp, line 839]
Event: 2624.775 Thread 0x00000143f7568000 Exception <a 'java/lang/IncompatibleClassChangeError'{0x000000008f42edd0}: Found class java.lang.Object, but interface was expected> (0x000000008f42edd0) thrown at [./src/hotspot/share/interpreter/linkResolver.cpp, line 839]
Event: 2624.988 Thread 0x00000143f32bb800 Exception <a 'java/lang/NoSuchMethodError'{0x000000008f792a10}: 'void java.lang.invoke.DirectMethodHandle$Holder.invokeSpecial(java.lang.Object, java.lang.Object, int, java.lang.Object)'> (0x000000008f792a10) thrown at [./src/hotspot/share/interpreter/linkResolver.cpp, line 773]
Event: 2624.988 Thread 0x00000143f17aa800 Exception <a 'java/lang/NoSuchMethodError'{0x000000008f880698}: 'void java.lang.invoke.DirectMethodHandle$Holder.invokeSpecial(java.lang.Object, java.lang.Object, int, java.lang.Object)'> (0x000000008f880698) thrown at [./src/hotspot/share/interpreter/linkResolver.cpp, line 773]
Event: 2624.988 Thread 0x00000143f17ae800 Exception <a 'java/lang/NoSuchMethodError'{0x000000008f791ac0}: 'void java.lang.invoke.DirectMethodHandle$Holder.invokeSpecial(java.lang.Object, java.lang.Object, int, java.lang.Object)'> (0x000000008f791ac0) thrown at [./src/hotspot/share/interpreter/linkResolver.cpp, line 773]
Event: 2624.988 Thread 0x00000143f7568000 Exception <a 'java/lang/NoSuchMethodError'{0x000000008f793cf8}: 'void java.lang.invoke.DirectMethodHandle$Holder.invokeSpecial(java.lang.Object, java.lang.Object, int, java.lang.Object)'> (0x000000008f793cf8) thrown at [./src/hotspot/share/interpreter/linkResolver.cpp, line 773]

Events (20 events):
Event: 2625.046 loading class com/android/tools/r8/internal/Th done
Event: 2625.046 loading class com/android/tools/r8/internal/Tn
Event: 2625.046 loading class com/android/tools/r8/internal/Xq
Event: 2625.046 loading class com/android/tools/r8/internal/Tn done
Event: 2625.046 loading class com/android/tools/r8/internal/Xq done
Event: 2625.046 loading class com/android/tools/r8/internal/Tn
Event: 2625.046 loading class com/android/tools/r8/internal/Tn done
Event: 2625.046 loading class com/android/tools/r8/internal/DY
Event: 2625.046 loading class com/android/tools/r8/internal/DY done
Event: 2625.046 loading class com/android/tools/r8/graph/l0
Event: 2625.046 loading class com/android/tools/r8/graph/l0 done
Event: 2625.046 loading class com/android/tools/r8/internal/Tn
Event: 2625.046 loading class com/android/tools/r8/internal/Tn done
Event: 2625.046 loading class com/android/tools/r8/graph/l0
Event: 2625.046 loading class com/android/tools/r8/graph/l0 done
Event: 2625.046 loading class com/android/tools/r8/internal/Tn
Event: 2625.046 loading class com/android/tools/r8/internal/Tn done
Event: 2625.047 loading class com/android/tools/r8/internal/NJ
Event: 2625.047 loading class com/android/tools/r8/internal/NJ done
Event: 2625.047 Executing VM operation: G1CollectForAllocation


Dynamic libraries:
0x00007ff648840000 - 0x00007ff64884a000 	C:\Program Files\Android\Android Studio\jre\bin\java.exe
0x00007ffaac990000 - 0x00007ffaacb88000 	C:\WINDOWS\SYSTEM32\ntdll.dll
0x00007ffa89e20000 - 0x00007ffa89e36000 	C:\Program Files\Avast Software\Avast\aswhook.dll
0x00007ffaabc00000 - 0x00007ffaabcbf000 	C:\WINDOWS\System32\KERNEL32.DLL
0x00007ffaaa4e0000 - 0x00007ffaaa7b2000 	C:\WINDOWS\System32\KERNELBASE.dll
0x00007ffaaa230000 - 0x00007ffaaa330000 	C:\WINDOWS\System32\ucrtbase.dll
0x00007ffa81e30000 - 0x00007ffa81e49000 	C:\Program Files\Android\Android Studio\jre\bin\jli.dll
0x00007ffa81c40000 - 0x00007ffa81c57000 	C:\Program Files\Android\Android Studio\jre\bin\VCRUNTIME140.dll
0x00007ffaaad80000 - 0x00007ffaaaf1d000 	C:\WINDOWS\System32\USER32.dll
0x00007ffaaa870000 - 0x00007ffaaa892000 	C:\WINDOWS\System32\win32u.dll
0x00007ffa90d00000 - 0x00007ffa90f9a000 	C:\WINDOWS\WinSxS\amd64_microsoft.windows.common-controls_6595b64144ccf1df_6.0.19041.1110_none_60b5254171f9507e\COMCTL32.dll
0x00007ffaaaac0000 - 0x00007ffaaaaeb000 	C:\WINDOWS\System32\GDI32.dll
0x00007ffaac8b0000 - 0x00007ffaac94e000 	C:\WINDOWS\System32\msvcrt.dll
0x00007ffaaa8a0000 - 0x00007ffaaa9af000 	C:\WINDOWS\System32\gdi32full.dll
0x00007ffaaa100000 - 0x00007ffaaa19d000 	C:\WINDOWS\System32\msvcp_win.dll
0x00007ffaac0d0000 - 0x00007ffaac102000 	C:\WINDOWS\System32\IMM32.DLL
0x00007ffa71280000 - 0x00007ffa7131d000 	C:\Program Files\Android\Android Studio\jre\bin\msvcp140.dll
0x00007ffa04650000 - 0x00007ffa05152000 	C:\Program Files\Android\Android Studio\jre\bin\server\jvm.dll
0x00007ffaab0e0000 - 0x00007ffaab18e000 	C:\WINDOWS\System32\ADVAPI32.dll
0x00007ffaac720000 - 0x00007ffaac7bc000 	C:\WINDOWS\System32\sechost.dll
0x00007ffaab190000 - 0x00007ffaab2b5000 	C:\WINDOWS\System32\RPCRT4.dll
0x00007ffaac5e0000 - 0x00007ffaac5e8000 	C:\WINDOWS\System32\PSAPI.DLL
0x00007ffaa0500000 - 0x00007ffaa0527000 	C:\WINDOWS\SYSTEM32\WINMM.dll
0x00007ffaa49d0000 - 0x00007ffaa49da000 	C:\WINDOWS\SYSTEM32\VERSION.dll
0x00007ffa9d3e0000 - 0x00007ffa9d3e9000 	C:\WINDOWS\SYSTEM32\WSOCK32.dll
0x00007ffaab370000 - 0x00007ffaab3db000 	C:\WINDOWS\System32\WS2_32.dll
0x00007ffaa7e90000 - 0x00007ffaa7ea2000 	C:\WINDOWS\SYSTEM32\kernel.appcore.dll
0x00007ffaa13a0000 - 0x00007ffaa13b1000 	C:\Program Files\Android\Android Studio\jre\bin\verify.dll
0x00007ffaa41b0000 - 0x00007ffaa4394000 	C:\WINDOWS\SYSTEM32\DBGHELP.DLL
0x00007ffaa40f0000 - 0x00007ffaa411c000 	C:\WINDOWS\SYSTEM32\dbgcore.DLL
0x00007ffaaa1a0000 - 0x00007ffaaa222000 	C:\WINDOWS\System32\bcryptPrimitives.dll
0x00007ffaa1150000 - 0x00007ffaa1179000 	C:\Program Files\Android\Android Studio\jre\bin\java.dll
0x00007ffaa5d40000 - 0x00007ffaa5d4b000 	C:\Program Files\Android\Android Studio\jre\bin\jimage.dll
0x00007ffaa1130000 - 0x00007ffaa1148000 	C:\Program Files\Android\Android Studio\jre\bin\zip.dll
0x00007ffaab4b0000 - 0x00007ffaabbf3000 	C:\WINDOWS\System32\SHELL32.dll
0x00007ffaa8170000 - 0x00007ffaa8902000 	C:\WINDOWS\SYSTEM32\windows.storage.dll
0x00007ffaabd70000 - 0x00007ffaac0c4000 	C:\WINDOWS\System32\combase.dll
0x00007ffaa9a10000 - 0x00007ffaa9a40000 	C:\WINDOWS\SYSTEM32\Wldp.dll
0x00007ffaab2c0000 - 0x00007ffaab36d000 	C:\WINDOWS\System32\SHCORE.dll
0x00007ffaaa9e0000 - 0x00007ffaaaa35000 	C:\WINDOWS\System32\shlwapi.dll
0x00007ffaa9fd0000 - 0x00007ffaa9fef000 	C:\WINDOWS\SYSTEM32\profapi.dll
0x00007ffa9f320000 - 0x00007ffa9f33a000 	C:\Program Files\Android\Android Studio\jre\bin\net.dll
0x00007ffaa2140000 - 0x00007ffaa224c000 	C:\WINDOWS\SYSTEM32\WINHTTP.dll
0x0000000180000000 - 0x00000001800ce000 	C:\Program Files (x86)\Conceiva\DownloadStudio\plugins\dstudiolsp64.dll
0x000000006a3a0000 - 0x000000006a443000 	C:\WINDOWS\WinSxS\amd64_microsoft.vc90.crt_1fc8b3b9a1e18e3b_9.0.30729.9625_none_08e1c10da83fbc83\MSVCR90.dll
0x00007ffa81180000 - 0x00007ffa818e8000 	C:\WINDOWS\SYSTEM32\ieframe.dll
0x00007ffaac5f0000 - 0x00007ffaac71a000 	C:\WINDOWS\System32\ole32.dll
0x00007ffaac7c0000 - 0x00007ffaac88d000 	C:\WINDOWS\System32\OLEAUT32.dll
0x00007ffa98ea0000 - 0x00007ffa98eb9000 	C:\WINDOWS\SYSTEM32\NETAPI32.dll
0x00007ffa986d0000 - 0x00007ffa98981000 	C:\WINDOWS\SYSTEM32\iertutil.dll
0x00007ffaa9f50000 - 0x00007ffaa9f7e000 	C:\WINDOWS\SYSTEM32\USERENV.dll
0x00007ffaa91f0000 - 0x00007ffaa9209000 	C:\WINDOWS\SYSTEM32\WKSCLI.DLL
0x00007ffaa9570000 - 0x00007ffaa957c000 	C:\WINDOWS\SYSTEM32\NETUTILS.DLL
0x00007ffa98990000 - 0x00007ffa98e69000 	C:\WINDOWS\SYSTEM32\Wininet.dll
0x00007ffaa9770000 - 0x00007ffaa97da000 	C:\WINDOWS\system32\mswsock.dll
0x00007ffa9f300000 - 0x00007ffa9f314000 	C:\Program Files\Android\Android Studio\jre\bin\nio.dll
0x00007ffa818f0000 - 0x00007ffa81917000 	C:\Users\beta2\.gradle\native\e1d6ef7f7dcc3fd88c89a11ec53ec762bb8ba0a96d01ffa2cd45eb1d1d8dd5c5\windows-amd64\native-platform.dll
0x00007ffa6e720000 - 0x00007ffa6e864000 	C:\Users\beta2\.gradle\native\0d407fdbe67a94daf76414ababcb853783967236a71b16ec16e742cd7a986fd3\windows-amd64\native-platform-file-events.dll
0x00007ffaa2870000 - 0x00007ffaa287a000 	C:\Program Files\Android\Android Studio\jre\bin\management.dll
0x00007ffaa1390000 - 0x00007ffaa139d000 	C:\Program Files\Android\Android Studio\jre\bin\management_ext.dll
0x00007ffaa9960000 - 0x00007ffaa9978000 	C:\WINDOWS\SYSTEM32\CRYPTSP.dll
0x00007ffaa9090000 - 0x00007ffaa90c4000 	C:\WINDOWS\system32\rsaenh.dll
0x00007ffaaa9b0000 - 0x00007ffaaa9d7000 	C:\WINDOWS\System32\bcrypt.dll
0x00007ffaa9980000 - 0x00007ffaa998c000 	C:\WINDOWS\SYSTEM32\CRYPTBASE.dll
0x00007ffaa9460000 - 0x00007ffaa949b000 	C:\WINDOWS\SYSTEM32\IPHLPAPI.DLL
0x00007ffaab4a0000 - 0x00007ffaab4a8000 	C:\WINDOWS\System32\NSI.dll
0x00007ffaa4500000 - 0x00007ffaa4517000 	C:\WINDOWS\SYSTEM32\dhcpcsvc6.DLL
0x00007ffaa4440000 - 0x00007ffaa445d000 	C:\WINDOWS\SYSTEM32\dhcpcsvc.DLL
0x00007ffaa94a0000 - 0x00007ffaa956a000 	C:\WINDOWS\SYSTEM32\DNSAPI.dll
0x00007ffaa91b0000 - 0x00007ffaa91e3000 	C:\WINDOWS\SYSTEM32\ntmarta.dll

dbghelp: loaded successfully - version: 4.0.5 - missing functions: none
symbol engine: initialized successfully - sym options: 0x614 - pdb path: .;C:\Program Files\Android\Android Studio\jre\bin;C:\WINDOWS\SYSTEM32;C:\Program Files\Avast Software\Avast;C:\WINDOWS\WinSxS\amd64_microsoft.windows.common-controls_6595b64144ccf1df_6.0.19041.1110_none_60b5254171f9507e;C:\Program Files\Android\Android Studio\jre\bin\server;C:\Program Files (x86)\Conceiva\DownloadStudio\plugins;C:\WINDOWS\WinSxS\amd64_microsoft.vc90.crt_1fc8b3b9a1e18e3b_9.0.30729.9625_none_08e1c10da83fbc83;C:\Users\beta2\.gradle\native\e1d6ef7f7dcc3fd88c89a11ec53ec762bb8ba0a96d01ffa2cd45eb1d1d8dd5c5\windows-amd64;C:\Users\beta2\.gradle\native\0d407fdbe67a94daf76414ababcb853783967236a71b16ec16e742cd7a986fd3\windows-amd64

VM Arguments:
jvm_args: --add-opens=java.base/java.util=ALL-UNNAMED --add-opens=java.base/java.lang=ALL-UNNAMED --add-opens=java.base/java.lang.invoke=ALL-UNNAMED --add-opens=java.base/java.util=ALL-UNNAMED --add-opens=java.prefs/java.util.prefs=ALL-UNNAMED --add-opens=java.prefs/java.util.prefs=ALL-UNNAMED --add-opens=java.base/java.nio.charset=ALL-UNNAMED --add-opens=java.base/java.net=ALL-UNNAMED --add-opens=java.base/java.util.concurrent.atomic=ALL-UNNAMED -Xmx2048m -Dfile.encoding=UTF-8 -Duser.country=RU -Duser.language=ru -Duser.variant 
java_command: org.gradle.launcher.daemon.bootstrap.GradleDaemon 7.4
java_class_path (initial): C:\Users\beta2\.gradle\wrapper\dists\gradle-7.4-bin\c0gwcg53nkjbqw7r0h0umtfvt\gradle-7.4\lib\gradle-launcher-7.4.jar
Launcher Type: SUN_STANDARD

[Global flags]
     intx CICompilerCount                          = 3                                         {product} {ergonomic}
     uint ConcGCThreads                            = 2                                         {product} {ergonomic}
     uint G1ConcRefinementThreads                  = 6                                         {product} {ergonomic}
   size_t G1HeapRegionSize                         = 1048576                                   {product} {ergonomic}
    uintx GCDrainStackTargetSize                   = 64                                        {product} {ergonomic}
   size_t InitialHeapSize                          = 134217728                                 {product} {ergonomic}
   size_t MarkStackSize                            = 4194304                                   {product} {ergonomic}
   size_t MaxHeapSize                              = 2147483648                                {product} {command line}
   size_t MaxNewSize                               = 1287651328                                {product} {ergonomic}
   size_t MinHeapDeltaBytes                        = 1048576                                   {product} {ergonomic}
    uintx NonNMethodCodeHeapSize                   = 5830732                                {pd product} {ergonomic}
    uintx NonProfiledCodeHeapSize                  = 122913754                              {pd product} {ergonomic}
    uintx ProfiledCodeHeapSize                     = 122913754                              {pd product} {ergonomic}
    uintx ReservedCodeCacheSize                    = 251658240                              {pd product} {ergonomic}
     bool SegmentedCodeCache                       = true                                      {product} {ergonomic}
     bool UseCompressedClassPointers               = true                                 {lp64_product} {ergonomic}
     bool UseCompressedOops                        = true                                 {lp64_product} {ergonomic}
     bool UseG1GC                                  = true                                      {product} {ergonomic}
     bool UseLargePagesIndividualAllocation        = false                                  {pd product} {ergonomic}

Logging:
Log output configuration:
 #0: stdout all=warning uptime,level,tags
 #1: stderr all=off uptime,level,tags

Environment Variables:
PATH=C:\WINDOWS\system32;C:\WINDOWS;C:\WINDOWS\System32\Wbem;C:\WINDOWS\System32\WindowsPowerShell\v1.0\;C:\WINDOWS\System32\OpenSSH\;C:\Program Files (x86)\NVIDIA Corporation\PhysX\Common;C:\Program Files\NVIDIA Corporation\NVIDIA NvDLISR;C:\Program Files\Git\cmd;C:\Users\beta2\AppData\Local\Microsoft\WindowsApps;C:\Users\beta2\AppData\Local\Programs\Microsoft VS Code\bin;C:\Users\beta2\AppData\Local\GitHubDesktop\bin
USERNAME=beta2
OS=Windows_NT
PROCESSOR_IDENTIFIER=Intel64 Family 6 Model 158 Stepping 10, GenuineIntel



---------------  S Y S T E M  ---------------

OS: Windows 10 , 64 bit Build 19041 (10.0.19041.2251)
OS uptime: 1 days 8:55 hours

CPU:total 6 (initial active 6) (6 cores per cpu, 1 threads per core) family 6 model 158 stepping 10 microcode 0xb4, cmov, cx8, fxsr, mmx, sse, sse2, sse3, ssse3, sse4.1, sse4.2, popcnt, avx, avx2, aes, clmul, erms, 3dnowpref, lzcnt, tsc, tscinvbit, bmi1, bmi2, adx, fma

Memory: 4k page, system-wide physical 8134M (464M free)
TotalPageFile size 11958M (AvailPageFile size 228M)
current process WorkingSet (physical memory assigned to process): 602M, peak: 605M
current process commit charge ("private bytes"): 685M, peak: 971M

vm_info: OpenJDK 64-Bit Server VM (11.0.13+0-b1751.21-8125866) for windows-amd64 JRE (11.0.13+0-b1751.21-8125866), built on Feb  2 2022 03:00:22 by "builder" with MS VC++ 14.0 (VS2015)

END.
