#
# There is insufficient memory for the Java Runtime Environment to continue.
# Native memory allocation (mmap) failed to map 235929600 bytes for Failed to commit area from 0x000000008f200000 to 0x000000009d300000 of length 235929600.
# Possible reasons:
#   The system is out of physical RAM or swap space
#   The process is running with CompressedOops enabled, and the Java Heap may be blocking the growth of the native heap
# Possible solutions:
#   Reduce memory load on the system
#   Increase physical memory or swap space
#   Check if swap backing store is full
#   Decrease Java heap size (-Xmx/-Xms)
#   Decrease number of Java threads
#   Decrease Java thread stack sizes (-Xss)
#   Set larger code cache with -XX:ReservedCodeCacheSize=
#   JVM is running with Unscaled Compressed Oops mode in which the Java heap is
#     placed in the first 4GB address space. The Java Heap base address is the
#     maximum limit for the native heap growth. Please use -XX:HeapBaseMinAddress
#     to set the Java Heap base and to place the Java Heap above 4GB virtual address.
# This output file may be truncated or incomplete.
#
#  Out of Memory Error (./src/hotspot/os/windows/os_windows.cpp:3619), pid=15296, tid=10404
#
# JRE version: OpenJDK Runtime Environment (11.0.13) (build 11.0.13+0-b1751.21-8125866)
# Java VM: OpenJDK 64-Bit Server VM (11.0.13+0-b1751.21-8125866, mixed mode, tiered, compressed oops, g1 gc, windows-amd64)
# No core dump will be written. Minidumps are not enabled by default on client versions of Windows
#

---------------  S U M M A R Y ------------

Command Line: --add-opens=java.base/java.util=ALL-UNNAMED --add-opens=java.base/java.lang=ALL-UNNAMED --add-opens=java.base/java.lang.invoke=ALL-UNNAMED --add-opens=java.base/java.util=ALL-UNNAMED --add-opens=java.prefs/java.util.prefs=ALL-UNNAMED --add-opens=java.prefs/java.util.prefs=ALL-UNNAMED --add-opens=java.base/java.nio.charset=ALL-UNNAMED --add-opens=java.base/java.net=ALL-UNNAMED --add-opens=java.base/java.util.concurrent.atomic=ALL-UNNAMED -Xmx2048m -Dfile.encoding=UTF-8 -Duser.country=RU -Duser.language=ru -Duser.variant org.gradle.launcher.daemon.bootstrap.GradleDaemon 7.4

Host: Intel(R) Core(TM) i5-8400 CPU @ 2.80GHz, 6 cores, 7G,  Windows 10 , 64 bit Build 19041 (10.0.19041.2251)
Time: Sun Nov 27 19:41:39 2022 RTZ 2 (зима) elapsed time: 33.768185 seconds (0d 0h 0m 33s)

---------------  T H R E A D  ---------------

Current thread (0x000001af6e7b7800):  VMThread "VM Thread" [stack: 0x00000027cb700000,0x00000027cb800000] [id=10404]

Stack: [0x00000027cb700000,0x00000027cb800000]
[error occurred during error reporting (printing stack bounds), id 0xc0000005, EXCEPTION_ACCESS_VIOLATION (0xc0000005) at pc=0x000001af5825112d]

Native frames: (J=compiled Java code, j=interpreted, Vv=VM code, C=native code)
V  [jvm.dll+0x6100fa]
V  [jvm.dll+0x747090]
V  [jvm.dll+0x7486ad]
V  [jvm.dll+0x748ce5]
V  [jvm.dll+0x748c9b]
V  [jvm.dll+0x60f224]
V  [jvm.dll+0x60f9b8]
C  [ntdll.dll+0xa241f]
C  [ntdll.dll+0x514a4]
C  [ntdll.dll+0xa0f4e]
C  0x000001af5825112d

VM_Operation (0x00000027d12f8fc0): G1CollectForAllocation, mode: safepoint, requested by thread 0x000001af6fbcb000


---------------  P R O C E S S  ---------------

Threads class SMR info:
_java_thread_list=0x000001af72c64500, length=113, elements={
0x000001af5473b000, 0x000001af6e7bb000, 0x000001af6efd4800, 0x000001af6efe9800,
0x000001af6efed800, 0x000001af6efef000, 0x000001af6eff0000, 0x000001af6f034800,
0x000001af6f037800, 0x000001af6f1a9800, 0x000001af71132800, 0x000001af71de0800,
0x000001af71b52800, 0x000001af70bd7800, 0x000001af70f26800, 0x000001af6faa0800,
0x000001af71948800, 0x000001af71b95800, 0x000001af70abb800, 0x000001af70eb9800,
0x000001af70c3a800, 0x000001af70c38000, 0x000001af70c3b800, 0x000001af70c36800,
0x000001af70c3c000, 0x000001af70c39000, 0x000001af70c3d000, 0x000001af70c37000,
0x000001af70c39800, 0x000001af73102800, 0x000001af73109000, 0x000001af73107800,
0x000001af73103800, 0x000001af7310a000, 0x000001af73106800, 0x000001af73104000,
0x000001af7310c800, 0x000001af7310e000, 0x000001af7310f000, 0x000001af7310b800,
0x000001af7310f800, 0x000001af7310d000, 0x000001af73110800, 0x000001af7310a800,
0x000001af73111000, 0x000001af72e7a000, 0x000001af72e7c800, 0x000001af72e7e000,
0x000001af72e79800, 0x000001af72e7d800, 0x000001af72e7f000, 0x000001af72e80000,
0x000001af72e80800, 0x000001af72e7b000, 0x000001af72e81800, 0x000001af72e7b800,
0x000001af72e87000, 0x000001af72e86800, 0x000001af72e88000, 0x000001af72e84000,
0x000001af72e83000, 0x000001af72e82000, 0x000001af72e84800, 0x000001af72e85800,
0x000001af749c8000, 0x000001af749cb000, 0x000001af749c9800, 0x000001af749c6800,
0x000001af749c7000, 0x000001af749c8800, 0x000001af749cc000, 0x000001af749ca800,
0x000001af749cd000, 0x000001af6fbca800, 0x000001af6fbc8800, 0x000001af6fbc9800,
0x000001af6fbc5800, 0x000001af6fbc6000, 0x000001af6fbcb000, 0x000001af6fbcc000,
0x000001af6fbcc800, 0x000001af6fbc7000, 0x000001af6fbc8000, 0x000001af6fbcf000,
0x000001af6fbd1000, 0x000001af6fbd1800, 0x000001af6fbd3800, 0x000001af6fbd2800,
0x000001af6fbcd800, 0x000001af6fbd4000, 0x000001af6fbce800, 0x000001af6fbd0000,
0x000001af725bc000, 0x000001af725b9800, 0x000001af725bc800, 0x000001af725b8800,
0x000001af725b7800, 0x000001af725bd800, 0x000001af725bb000, 0x000001af725be000,
0x000001af725bf000, 0x000001af725c0000, 0x000001af725ba000, 0x000001af725c4800,
0x000001af725c3000, 0x000001af725c6800, 0x000001af725c4000, 0x000001af725c2800,
0x000001af725c5800, 0x000001af725c0800, 0x000001af725c1800, 0x000001af7646e800,
0x000001af76680000
}

Java Threads: ( => current thread )
  0x000001af5473b000 JavaThread "main" [_thread_blocked, id=19040, stack(0x00000027cb100000,0x00000027cb200000)]
  0x000001af6e7bb000 JavaThread "Reference Handler" daemon [_thread_blocked, id=19044, stack(0x00000027cb800000,0x00000027cb900000)]
  0x000001af6efd4800 JavaThread "Finalizer" daemon [_thread_blocked, id=15856, stack(0x00000027cb900000,0x00000027cba00000)]
  0x000001af6efe9800 JavaThread "Signal Dispatcher" daemon [_thread_blocked, id=10800, stack(0x00000027cba00000,0x00000027cbb00000)]
  0x000001af6efed800 JavaThread "Attach Listener" daemon [_thread_blocked, id=16640, stack(0x00000027cbb00000,0x00000027cbc00000)]
  0x000001af6efef000 JavaThread "Service Thread" daemon [_thread_blocked, id=15372, stack(0x00000027cbc00000,0x00000027cbd00000)]
  0x000001af6eff0000 JavaThread "C2 CompilerThread0" daemon [_thread_blocked, id=15944, stack(0x00000027cbd00000,0x00000027cbe00000)]
  0x000001af6f034800 JavaThread "C1 CompilerThread0" daemon [_thread_blocked, id=13860, stack(0x00000027cbe00000,0x00000027cbf00000)]
  0x000001af6f037800 JavaThread "Sweeper thread" daemon [_thread_blocked, id=1272, stack(0x00000027cbf00000,0x00000027cc000000)]
  0x000001af6f1a9800 JavaThread "Common-Cleaner" daemon [_thread_blocked, id=1248, stack(0x00000027cc000000,0x00000027cc100000)]
  0x000001af71132800 JavaThread "Daemon health stats" [_thread_blocked, id=14112, stack(0x00000027ccb00000,0x00000027ccc00000)]
  0x000001af71de0800 JavaThread "Incoming local TCP Connector on port 61101" [_thread_in_native, id=3596, stack(0x00000027ccc00000,0x00000027ccd00000)]
  0x000001af71b52800 JavaThread "Daemon periodic checks" [_thread_blocked, id=7120, stack(0x00000027ccd00000,0x00000027cce00000)]
  0x000001af70bd7800 JavaThread "Daemon" [_thread_blocked, id=8492, stack(0x00000027cce00000,0x00000027ccf00000)]
  0x000001af70f26800 JavaThread "Handler for socket connection from /127.0.0.1:61101 to /127.0.0.1:61102" [_thread_in_native, id=2580, stack(0x00000027ccf00000,0x00000027cd000000)]
  0x000001af6faa0800 JavaThread "Cancel handler" [_thread_blocked, id=17804, stack(0x00000027cc800000,0x00000027cc900000)]
  0x000001af71948800 JavaThread "Daemon worker" [_thread_blocked, id=5736, stack(0x00000027cd300000,0x00000027cd400000)]
  0x000001af71b95800 JavaThread "Asynchronous log dispatcher for DefaultDaemonConnection: socket connection from /127.0.0.1:61101 to /127.0.0.1:61102" [_thread_blocked, id=4280, stack(0x00000027cd400000,0x00000027cd500000)]
  0x000001af70abb800 JavaThread "Stdin handler" [_thread_blocked, id=17912, stack(0x00000027cd500000,0x00000027cd600000)]
  0x000001af70eb9800 JavaThread "Daemon client event forwarder" [_thread_blocked, id=12056, stack(0x00000027cd600000,0x00000027cd700000)]
  0x000001af70c3a800 JavaThread "Cache worker for journal cache (C:\Users\beta2\.gradle\caches\journal-1)" [_thread_blocked, id=4412, stack(0x00000027cd700000,0x00000027cd800000)]
  0x000001af70c38000 JavaThread "File lock request listener" [_thread_in_native, id=9604, stack(0x00000027cd800000,0x00000027cd900000)]
  0x000001af70c3b800 JavaThread "Cache worker for file hash cache (C:\Users\beta2\.gradle\caches\7.4\fileHashes)" [_thread_blocked, id=3252, stack(0x00000027cd900000,0x00000027cda00000)]
  0x000001af70c36800 JavaThread "File watcher server" daemon [_thread_blocked, id=1088, stack(0x00000027cdc00000,0x00000027cdd00000)]
  0x000001af70c3c000 JavaThread "File watcher consumer" daemon [_thread_blocked, id=4016, stack(0x00000027cdd00000,0x00000027cde00000)]
  0x000001af70c39000 JavaThread "Cache worker for checksums cache (C:\Users\beta2\AndroidStudioProjects\app2\.gradle\7.4\checksums)" [_thread_blocked, id=1984, stack(0x00000027cde00000,0x00000027cdf00000)]
  0x000001af70c3d000 JavaThread "Cache worker for cache directory md-rule (C:\Users\beta2\.gradle\caches\7.4\md-rule)" [_thread_blocked, id=18008, stack(0x00000027cdf00000,0x00000027ce000000)]
  0x000001af70c37000 JavaThread "Cache worker for file hash cache (C:\Users\beta2\AndroidStudioProjects\app2\.gradle\7.4\fileHashes)" [_thread_blocked, id=16904, stack(0x00000027ce000000,0x00000027ce100000)]
  0x000001af70c39800 JavaThread "Cache worker for cache directory md-supplier (C:\Users\beta2\.gradle\caches\7.4\md-supplier)" [_thread_blocked, id=9552, stack(0x00000027ce100000,0x00000027ce200000)]
  0x000001af73102800 JavaThread "Cache worker for execution history cache (C:\Users\beta2\.gradle\caches\7.4\executionHistory)" [_thread_blocked, id=1892, stack(0x00000027ce200000,0x00000027ce300000)]
  0x000001af73109000 JavaThread "jar transforms" [_thread_blocked, id=11532, stack(0x00000027ce300000,0x00000027ce400000)]
  0x000001af73107800 JavaThread "Cache worker for file content cache (C:\Users\beta2\.gradle\caches\7.4\fileContent)" [_thread_blocked, id=6920, stack(0x00000027ce400000,0x00000027ce500000)]
  0x000001af73103800 JavaThread "jar transforms Thread 2" [_thread_blocked, id=17104, stack(0x00000027ce500000,0x00000027ce600000)]
  0x000001af7310a000 JavaThread "Cache worker for dependencies-accessors (C:\Users\beta2\AndroidStudioProjects\app2\.gradle\7.4\dependencies-accessors)" [_thread_blocked, id=2432, stack(0x00000027ce600000,0x00000027ce700000)]
  0x000001af73106800 JavaThread "jar transforms Thread 3" [_thread_blocked, id=3004, stack(0x00000027ce700000,0x00000027ce800000)]
  0x000001af73104000 JavaThread "Cache worker for Build Output Cleanup Cache (C:\Users\beta2\AndroidStudioProjects\app2\.gradle\buildOutputCleanup)" [_thread_blocked, id=13120, stack(0x00000027cdb00000,0x00000027cdc00000)]
  0x000001af7310c800 JavaThread "Unconstrained build operations" [_thread_blocked, id=19056, stack(0x00000027ce800000,0x00000027ce900000)]
  0x000001af7310e000 JavaThread "Unconstrained build operations Thread 2" [_thread_blocked, id=13876, stack(0x00000027ce900000,0x00000027cea00000)]
  0x000001af7310f000 JavaThread "Unconstrained build operations Thread 3" [_thread_blocked, id=18708, stack(0x00000027cea00000,0x00000027ceb00000)]
  0x000001af7310b800 JavaThread "Unconstrained build operations Thread 4" [_thread_blocked, id=14120, stack(0x00000027ceb00000,0x00000027cec00000)]
  0x000001af7310f800 JavaThread "Unconstrained build operations Thread 5" [_thread_blocked, id=19096, stack(0x00000027cec00000,0x00000027ced00000)]
  0x000001af7310d000 JavaThread "Unconstrained build operations Thread 6" [_thread_blocked, id=15136, stack(0x00000027ced00000,0x00000027cee00000)]
  0x000001af73110800 JavaThread "Unconstrained build operations Thread 7" [_thread_blocked, id=2496, stack(0x00000027cee00000,0x00000027cef00000)]
  0x000001af7310a800 JavaThread "Unconstrained build operations Thread 8" [_thread_blocked, id=10360, stack(0x00000027cef00000,0x00000027cf000000)]
  0x000001af73111000 JavaThread "Unconstrained build operations Thread 9" [_thread_blocked, id=3692, stack(0x00000027cf000000,0x00000027cf100000)]
  0x000001af72e7a000 JavaThread "Unconstrained build operations Thread 10" [_thread_blocked, id=13688, stack(0x00000027cf100000,0x00000027cf200000)]
  0x000001af72e7c800 JavaThread "Unconstrained build operations Thread 11" [_thread_blocked, id=16272, stack(0x00000027cf200000,0x00000027cf300000)]
  0x000001af72e7e000 JavaThread "Unconstrained build operations Thread 12" [_thread_blocked, id=6520, stack(0x00000027cf300000,0x00000027cf400000)]
  0x000001af72e79800 JavaThread "Unconstrained build operations Thread 13" [_thread_blocked, id=14092, stack(0x00000027cf400000,0x00000027cf500000)]
  0x000001af72e7d800 JavaThread "Unconstrained build operations Thread 14" [_thread_blocked, id=10352, stack(0x00000027cf500000,0x00000027cf600000)]
  0x000001af72e7f000 JavaThread "Unconstrained build operations Thread 15" [_thread_blocked, id=17480, stack(0x00000027cf600000,0x00000027cf700000)]
  0x000001af72e80000 JavaThread "Unconstrained build operations Thread 16" [_thread_blocked, id=11128, stack(0x00000027cf700000,0x00000027cf800000)]
  0x000001af72e80800 JavaThread "Unconstrained build operations Thread 17" [_thread_blocked, id=16776, stack(0x00000027cf800000,0x00000027cf900000)]
  0x000001af72e7b000 JavaThread "Unconstrained build operations Thread 18" [_thread_blocked, id=17380, stack(0x00000027cf900000,0x00000027cfa00000)]
  0x000001af72e81800 JavaThread "Unconstrained build operations Thread 19" [_thread_blocked, id=17548, stack(0x00000027cfa00000,0x00000027cfb00000)]
  0x000001af72e7b800 JavaThread "Unconstrained build operations Thread 20" [_thread_blocked, id=11344, stack(0x00000027cfb00000,0x00000027cfc00000)]
  0x000001af72e87000 JavaThread "Unconstrained build operations Thread 21" [_thread_blocked, id=19228, stack(0x00000027cfc00000,0x00000027cfd00000)]
  0x000001af72e86800 JavaThread "Unconstrained build operations Thread 22" [_thread_blocked, id=9664, stack(0x00000027cfd00000,0x00000027cfe00000)]
  0x000001af72e88000 JavaThread "Unconstrained build operations Thread 23" [_thread_blocked, id=17568, stack(0x00000027cfe00000,0x00000027cff00000)]
  0x000001af72e84000 JavaThread "Unconstrained build operations Thread 24" [_thread_blocked, id=7488, stack(0x00000027cff00000,0x00000027d0000000)]
  0x000001af72e83000 JavaThread "Unconstrained build operations Thread 25" [_thread_blocked, id=2060, stack(0x00000027d0000000,0x00000027d0100000)]
  0x000001af72e82000 JavaThread "Unconstrained build operations Thread 26" [_thread_blocked, id=9024, stack(0x00000027d0100000,0x00000027d0200000)]
  0x000001af72e84800 JavaThread "Unconstrained build operations Thread 27" [_thread_blocked, id=18760, stack(0x00000027d0200000,0x00000027d0300000)]
  0x000001af72e85800 JavaThread "Unconstrained build operations Thread 28" [_thread_blocked, id=11712, stack(0x00000027d0300000,0x00000027d0400000)]
  0x000001af749c8000 JavaThread "Unconstrained build operations Thread 29" [_thread_blocked, id=10276, stack(0x00000027d0400000,0x00000027d0500000)]
  0x000001af749cb000 JavaThread "Unconstrained build operations Thread 30" [_thread_blocked, id=14160, stack(0x00000027d0500000,0x00000027d0600000)]
  0x000001af749c9800 JavaThread "Unconstrained build operations Thread 31" [_thread_blocked, id=16160, stack(0x00000027d0600000,0x00000027d0700000)]
  0x000001af749c6800 JavaThread "Unconstrained build operations Thread 32" [_thread_blocked, id=10776, stack(0x00000027d0700000,0x00000027d0800000)]
  0x000001af749c7000 JavaThread "Unconstrained build operations Thread 33" [_thread_blocked, id=17404, stack(0x00000027d0800000,0x00000027d0900000)]
  0x000001af749c8800 JavaThread "Unconstrained build operations Thread 34" [_thread_blocked, id=16856, stack(0x00000027d0900000,0x00000027d0a00000)]
  0x000001af749cc000 JavaThread "Unconstrained build operations Thread 35" [_thread_blocked, id=18040, stack(0x00000027d0a00000,0x00000027d0b00000)]
  0x000001af749ca800 JavaThread "Unconstrained build operations Thread 36" [_thread_blocked, id=6380, stack(0x00000027d0b00000,0x00000027d0c00000)]
  0x000001af749cd000 JavaThread "Unconstrained build operations Thread 37" [_thread_blocked, id=15196, stack(0x00000027d0c00000,0x00000027d0d00000)]
  0x000001af6fbca800 JavaThread "Unconstrained build operations Thread 38" [_thread_blocked, id=18032, stack(0x00000027d0d00000,0x00000027d0e00000)]
  0x000001af6fbc8800 JavaThread "Unconstrained build operations Thread 39" [_thread_blocked, id=12228, stack(0x00000027d0e00000,0x00000027d0f00000)]
  0x000001af6fbc9800 JavaThread "Unconstrained build operations Thread 40" [_thread_blocked, id=5716, stack(0x00000027d0f00000,0x00000027d1000000)]
  0x000001af6fbc5800 JavaThread "Unconstrained build operations Thread 41" [_thread_blocked, id=4352, stack(0x00000027d1000000,0x00000027d1100000)]
  0x000001af6fbc6000 JavaThread "Unconstrained build operations Thread 42" [_thread_blocked, id=12560, stack(0x00000027d1100000,0x00000027d1200000)]
  0x000001af6fbcb000 JavaThread "Unconstrained build operations Thread 43" [_thread_blocked, id=8572, stack(0x00000027d1200000,0x00000027d1300000)]
  0x000001af6fbcc000 JavaThread "Unconstrained build operations Thread 44" [_thread_blocked, id=11656, stack(0x00000027d1300000,0x00000027d1400000)]
  0x000001af6fbcc800 JavaThread "Unconstrained build operations Thread 45" [_thread_blocked, id=14176, stack(0x00000027d1400000,0x00000027d1500000)]
  0x000001af6fbc7000 JavaThread "Unconstrained build operations Thread 46" [_thread_blocked, id=17716, stack(0x00000027d1500000,0x00000027d1600000)]
  0x000001af6fbc8000 JavaThread "Unconstrained build operations Thread 47" [_thread_blocked, id=14076, stack(0x00000027d1600000,0x00000027d1700000)]
  0x000001af6fbcf000 JavaThread "Unconstrained build operations Thread 48" [_thread_blocked, id=10168, stack(0x00000027d1700000,0x00000027d1800000)]
  0x000001af6fbd1000 JavaThread "Unconstrained build operations Thread 49" [_thread_blocked, id=18972, stack(0x00000027d1800000,0x00000027d1900000)]
  0x000001af6fbd1800 JavaThread "Unconstrained build operations Thread 50" [_thread_blocked, id=13604, stack(0x00000027d1900000,0x00000027d1a00000)]
  0x000001af6fbd3800 JavaThread "Unconstrained build operations Thread 51" [_thread_blocked, id=18568, stack(0x00000027d1a00000,0x00000027d1b00000)]
  0x000001af6fbd2800 JavaThread "Unconstrained build operations Thread 52" [_thread_blocked, id=10576, stack(0x00000027d1b00000,0x00000027d1c00000)]
  0x000001af6fbcd800 JavaThread "Unconstrained build operations Thread 53" [_thread_blocked, id=18640, stack(0x00000027d1c00000,0x00000027d1d00000)]
  0x000001af6fbd4000 JavaThread "Unconstrained build operations Thread 54" [_thread_blocked, id=13284, stack(0x00000027d1d00000,0x00000027d1e00000)]
  0x000001af6fbce800 JavaThread "Unconstrained build operations Thread 55" [_thread_blocked, id=12848, stack(0x00000027d1e00000,0x00000027d1f00000)]
  0x000001af6fbd0000 JavaThread "Unconstrained build operations Thread 56" [_thread_blocked, id=18564, stack(0x00000027d1f00000,0x00000027d2000000)]
  0x000001af725bc000 JavaThread "Unconstrained build operations Thread 57" [_thread_blocked, id=3032, stack(0x00000027d2000000,0x00000027d2100000)]
  0x000001af725b9800 JavaThread "Unconstrained build operations Thread 58" [_thread_blocked, id=14460, stack(0x00000027d2100000,0x00000027d2200000)]
  0x000001af725bc800 JavaThread "Unconstrained build operations Thread 59" [_thread_blocked, id=14592, stack(0x00000027d2200000,0x00000027d2300000)]
  0x000001af725b8800 JavaThread "Unconstrained build operations Thread 60" [_thread_blocked, id=18752, stack(0x00000027d2300000,0x00000027d2400000)]
  0x000001af725b7800 JavaThread "jar transforms Thread 4" [_thread_blocked, id=3860, stack(0x00000027d2400000,0x00000027d2500000)]
  0x000001af725bd800 JavaThread "jar transforms Thread 5" [_thread_blocked, id=13900, stack(0x00000027d2500000,0x00000027d2600000)]
  0x000001af725bb000 JavaThread "jar transforms Thread 6" [_thread_blocked, id=9876, stack(0x00000027d2600000,0x00000027d2700000)]
  0x000001af725be000 JavaThread "Memory manager" [_thread_blocked, id=17252, stack(0x00000027d2800000,0x00000027d2900000)]
  0x000001af725bf000 JavaThread "build event listener" [_thread_blocked, id=13000, stack(0x00000027d2900000,0x00000027d2a00000)]
  0x000001af725c0000 JavaThread "included builds" [_thread_blocked, id=10432, stack(0x00000027d2a00000,0x00000027d2b00000)]
  0x000001af725ba000 JavaThread "Execution worker for ':'" [_thread_blocked, id=18512, stack(0x00000027d2b00000,0x00000027d2c00000)]
  0x000001af725c4800 JavaThread "Execution worker for ':' Thread 2" [_thread_blocked, id=17596, stack(0x00000027d2c00000,0x00000027d2d00000)]
  0x000001af725c3000 JavaThread "Execution worker for ':' Thread 3" [_thread_blocked, id=15316, stack(0x00000027d2d00000,0x00000027d2e00000)]
  0x000001af725c6800 JavaThread "Execution worker for ':' Thread 4" [_thread_blocked, id=15348, stack(0x00000027d2e00000,0x00000027d2f00000)]
  0x000001af725c4000 JavaThread "Execution worker for ':' Thread 5" [_thread_blocked, id=9568, stack(0x00000027d2f00000,0x00000027d3000000)]
  0x000001af725c2800 JavaThread "Cache worker for execution history cache (C:\Users\beta2\AndroidStudioProjects\app2\.gradle\7.4\executionHistory)" [_thread_blocked, id=1772, stack(0x00000027d3000000,0x00000027d3100000)]
  0x000001af725c5800 JavaThread "WorkerExecutor Queue" [_thread_blocked, id=12124, stack(0x00000027d3200000,0x00000027d3300000)]
  0x000001af725c0800 JavaThread "WorkerExecutor Queue Thread 2" [_thread_blocked, id=13948, stack(0x00000027d3300000,0x00000027d3400000)]
  0x000001af725c1800 JavaThread "WorkerExecutor Queue Thread 3" [_thread_blocked, id=10380, stack(0x00000027d3400000,0x00000027d3500000)]
  0x000001af7646e800 JavaThread "WorkerExecutor Queue Thread 4" [_thread_blocked, id=2056, stack(0x00000027d3500000,0x00000027d3600000)]
  0x000001af76680000 JavaThread "C2 CompilerThread1" daemon [_thread_blocked, id=14392, stack(0x00000027d3700000,0x00000027d3800000)]

Other Threads:
=>0x000001af6e7b7800 VMThread "VM Thread" [stack: 0x00000027cb700000,0x00000027cb800000] [id=10404]
  0x000001af6f1ac800 WatcherThread [stack: 0x00000027cc100000,0x00000027cc200000] [id=624]
  0x000001af54755800 GCTaskThread "GC Thread#0" [stack: 0x00000027cb200000,0x00000027cb300000] [id=13612]
  0x000001af70727800 GCTaskThread "GC Thread#1" [stack: 0x00000027cc900000,0x00000027cca00000] [id=3744]
  0x000001af706d1800 GCTaskThread "GC Thread#2" [stack: 0x00000027cca00000,0x00000027ccb00000] [id=18372]
  0x000001af721e7800 GCTaskThread "GC Thread#3" [stack: 0x00000027cd000000,0x00000027cd100000] [id=9836]
  0x000001af71c89800 GCTaskThread "GC Thread#4" [stack: 0x00000027cd100000,0x00000027cd200000] [id=12772]
  0x000001af71bea800 GCTaskThread "GC Thread#5" [stack: 0x00000027cd200000,0x00000027cd300000] [id=17464]
  0x000001af54788800 ConcurrentGCThread "G1 Main Marker" [stack: 0x00000027cb300000,0x00000027cb400000] [id=18112]
  0x000001af5478a800 ConcurrentGCThread "G1 Conc#0" [stack: 0x00000027cb400000,0x00000027cb500000] [id=17348]
  0x000001af7179b000 ConcurrentGCThread "G1 Conc#1" [stack: 0x00000027cda00000,0x00000027cdb00000] [id=13716]
  0x000001af6e60b800 ConcurrentGCThread "G1 Refine#0" [stack: 0x00000027cb500000,0x00000027cb600000] [id=18872]
  0x000001af76ad4800 ConcurrentGCThread "G1 Refine#1" [stack: 0x00000027d3100000,0x00000027d3200000] [id=17980]
  0x000001af6e60c000 ConcurrentGCThread "G1 Young RemSet Sampling" [stack: 0x00000027cb600000,0x00000027cb700000] [id=8524]

Threads with active compile tasks:
C2 CompilerThread0  33924 12867       4       java.lang.Integer::compare (20 bytes)
C1 CompilerThread0  33924 13660 %     3       com.android.tools.r8.internal.FM::a @ 358 (520 bytes)
C2 CompilerThread1  33924 13387       4       com.android.tools.r8.internal.Q4$$Lambda$1820/0x0000000100df5040::test (10 bytes)

VM state:at safepoint (normal execution)

VM Mutex/Monitor currently owned by a thread:  ([mutex/lock_event])
[0x000001af5472d8c0] Threads_lock - owner thread: 0x000001af6e7b7800
[0x000001af5472e6d0] Heap_lock - owner thread: 0x000001af6fbcb000

Heap address: 0x0000000080000000, size: 2048 MB, Compressed Oops mode: 32-bit
Narrow klass base: 0x0000000000000000, Narrow klass shift: 3
Compressed class space size: 1073741824 Address: 0x0000000100000000

Heap:
 garbage-first heap   total 478208K, used 140951K [0x0000000080000000, 0x0000000100000000)
  region size 1024K, 2 young (2048K), 2 survivors (2048K)
 Metaspace       used 107978K, capacity 110905K, committed 111184K, reserved 1144832K
  class space    used 14086K, capacity 15265K, committed 15308K, reserved 1048576K
Heap Regions: E=young(eden), S=young(survivor), O=old, HS=humongous(starts), HC=humongous(continues), CS=collection set, F=free, A=archive, TAMS=top-at-mark-start (previous, next)
|   0|0x0000000080000000, 0x0000000080100000, 0x0000000080100000|100%| O|  |TAMS 0x0000000080100000, 0x0000000080000000| Untracked 
|   1|0x0000000080100000, 0x0000000080200000, 0x0000000080200000|100%| O|  |TAMS 0x0000000080200000, 0x0000000080100000| Untracked 
|   2|0x0000000080200000, 0x0000000080300000, 0x0000000080300000|100%| O|  |TAMS 0x0000000080300000, 0x0000000080200000| Untracked 
|   3|0x0000000080300000, 0x0000000080400000, 0x0000000080400000|100%|HS|  |TAMS 0x0000000080400000, 0x0000000080300000| Complete 
|   4|0x0000000080400000, 0x0000000080500000, 0x0000000080500000|100%|HC|  |TAMS 0x0000000080500000, 0x0000000080400000| Complete 
|   5|0x0000000080500000, 0x0000000080600000, 0x0000000080600000|100%|HC|  |TAMS 0x0000000080600000, 0x0000000080500000| Complete 
|   6|0x0000000080600000, 0x0000000080700000, 0x0000000080700000|100%| O|  |TAMS 0x0000000080700000, 0x0000000080600000| Untracked 
|   7|0x0000000080700000, 0x0000000080800000, 0x0000000080800000|100%| O|  |TAMS 0x0000000080800000, 0x0000000080700000| Untracked 
|   8|0x0000000080800000, 0x0000000080900000, 0x0000000080900000|100%| O|  |TAMS 0x0000000080900000, 0x0000000080800000| Untracked 
|   9|0x0000000080900000, 0x0000000080a00000, 0x0000000080a00000|100%| O|  |TAMS 0x0000000080a00000, 0x0000000080900000| Untracked 
|  10|0x0000000080a00000, 0x0000000080b00000, 0x0000000080b00000|100%| O|  |TAMS 0x0000000080b00000, 0x0000000080a00000| Untracked 
|  11|0x0000000080b00000, 0x0000000080c00000, 0x0000000080c00000|100%| O|  |TAMS 0x0000000080c00000, 0x0000000080b00000| Untracked 
|  12|0x0000000080c00000, 0x0000000080d00000, 0x0000000080d00000|100%| O|  |TAMS 0x0000000080d00000, 0x0000000080c00000| Untracked 
|  13|0x0000000080d00000, 0x0000000080e00000, 0x0000000080e00000|100%| O|  |TAMS 0x0000000080e00000, 0x0000000080d00000| Untracked 
|  14|0x0000000080e00000, 0x0000000080f00000, 0x0000000080f00000|100%| O|  |TAMS 0x0000000080f00000, 0x0000000080e00000| Untracked 
|  15|0x0000000080f00000, 0x0000000081000000, 0x0000000081000000|100%| O|  |TAMS 0x0000000081000000, 0x0000000080f00000| Untracked 
|  16|0x0000000081000000, 0x0000000081100000, 0x0000000081100000|100%|HS|  |TAMS 0x0000000081100000, 0x0000000081000000| Complete 
|  17|0x0000000081100000, 0x0000000081200000, 0x0000000081200000|100%| O|  |TAMS 0x0000000081200000, 0x0000000081100000| Untracked 
|  18|0x0000000081200000, 0x0000000081300000, 0x0000000081300000|100%| O|  |TAMS 0x0000000081300000, 0x0000000081200000| Untracked 
|  19|0x0000000081300000, 0x0000000081400000, 0x0000000081400000|100%| O|  |TAMS 0x0000000081400000, 0x0000000081300000| Untracked 
|  20|0x0000000081400000, 0x0000000081500000, 0x0000000081500000|100%| O|  |TAMS 0x0000000081500000, 0x0000000081400000| Untracked 
|  21|0x0000000081500000, 0x0000000081600000, 0x0000000081600000|100%| O|  |TAMS 0x0000000081600000, 0x0000000081500000| Untracked 
|  22|0x0000000081600000, 0x0000000081700000, 0x0000000081700000|100%| O|  |TAMS 0x0000000081700000, 0x0000000081600000| Untracked 
|  23|0x0000000081700000, 0x0000000081800000, 0x0000000081800000|100%| O|  |TAMS 0x0000000081800000, 0x0000000081700000| Untracked 
|  24|0x0000000081800000, 0x0000000081900000, 0x0000000081900000|100%|HS|  |TAMS 0x0000000081900000, 0x0000000081800000| Complete 
|  25|0x0000000081900000, 0x0000000081a00000, 0x0000000081a00000|100%| O|  |TAMS 0x0000000081a00000, 0x0000000081900000| Untracked 
|  26|0x0000000081a00000, 0x0000000081b00000, 0x0000000081b00000|100%|HS|  |TAMS 0x0000000081b00000, 0x0000000081a00000| Complete 
|  27|0x0000000081b00000, 0x0000000081c00000, 0x0000000081c00000|100%|HC|  |TAMS 0x0000000081c00000, 0x0000000081b00000| Complete 
|  28|0x0000000081c00000, 0x0000000081d00000, 0x0000000081d00000|100%| O|  |TAMS 0x0000000081d00000, 0x0000000081c00000| Untracked 
|  29|0x0000000081d00000, 0x0000000081e00000, 0x0000000081e00000|100%| O|  |TAMS 0x0000000081e00000, 0x0000000081d00000| Untracked 
|  30|0x0000000081e00000, 0x0000000081f00000, 0x0000000081f00000|100%| O|  |TAMS 0x0000000081f00000, 0x0000000081e00000| Untracked 
|  31|0x0000000081f00000, 0x0000000082000000, 0x0000000082000000|100%| O|  |TAMS 0x0000000082000000, 0x0000000081f00000| Untracked 
|  32|0x0000000082000000, 0x0000000082100000, 0x0000000082100000|100%| O|  |TAMS 0x0000000082100000, 0x0000000082000000| Untracked 
|  33|0x0000000082100000, 0x0000000082200000, 0x0000000082200000|100%| O|  |TAMS 0x0000000082200000, 0x0000000082100000| Untracked 
|  34|0x0000000082200000, 0x0000000082300000, 0x0000000082300000|100%| O|  |TAMS 0x0000000082300000, 0x0000000082200000| Untracked 
|  35|0x0000000082300000, 0x0000000082400000, 0x0000000082400000|100%| O|  |TAMS 0x0000000082400000, 0x0000000082300000| Untracked 
|  36|0x0000000082400000, 0x0000000082500000, 0x0000000082500000|100%| O|  |TAMS 0x0000000082500000, 0x0000000082400000| Untracked 
|  37|0x0000000082500000, 0x0000000082600000, 0x0000000082600000|100%| O|  |TAMS 0x0000000082600000, 0x0000000082500000| Untracked 
|  38|0x0000000082600000, 0x0000000082700000, 0x0000000082700000|100%| O|  |TAMS 0x0000000082700000, 0x0000000082600000| Untracked 
|  39|0x0000000082700000, 0x0000000082800000, 0x0000000082800000|100%| O|  |TAMS 0x0000000082800000, 0x0000000082700000| Untracked 
|  40|0x0000000082800000, 0x0000000082900000, 0x0000000082900000|100%| O|  |TAMS 0x0000000082900000, 0x0000000082800000| Untracked 
|  41|0x0000000082900000, 0x0000000082a00000, 0x0000000082a00000|100%| O|  |TAMS 0x0000000082a00000, 0x0000000082900000| Untracked 
|  42|0x0000000082a00000, 0x0000000082b00000, 0x0000000082b00000|100%| O|  |TAMS 0x0000000082b00000, 0x0000000082a00000| Untracked 
|  43|0x0000000082b00000, 0x0000000082c00000, 0x0000000082c00000|100%| O|  |TAMS 0x0000000082c00000, 0x0000000082b00000| Untracked 
|  44|0x0000000082c00000, 0x0000000082d00000, 0x0000000082d00000|100%| O|  |TAMS 0x0000000082d00000, 0x0000000082c00000| Untracked 
|  45|0x0000000082d00000, 0x0000000082e00000, 0x0000000082e00000|100%| O|  |TAMS 0x0000000082e00000, 0x0000000082d00000| Untracked 
|  46|0x0000000082e00000, 0x0000000082f00000, 0x0000000082f00000|100%| O|  |TAMS 0x0000000082f00000, 0x0000000082e00000| Untracked 
|  47|0x0000000082f00000, 0x0000000083000000, 0x0000000083000000|100%| O|  |TAMS 0x0000000083000000, 0x0000000082f00000| Untracked 
|  48|0x0000000083000000, 0x0000000083100000, 0x0000000083100000|100%| O|  |TAMS 0x0000000083100000, 0x0000000083000000| Untracked 
|  49|0x0000000083100000, 0x0000000083200000, 0x0000000083200000|100%| O|  |TAMS 0x0000000083200000, 0x0000000083100000| Untracked 
|  50|0x0000000083200000, 0x0000000083300000, 0x0000000083300000|100%| O|  |TAMS 0x0000000083300000, 0x0000000083200000| Untracked 
|  51|0x0000000083300000, 0x0000000083400000, 0x0000000083400000|100%| O|  |TAMS 0x0000000083400000, 0x0000000083300000| Untracked 
|  52|0x0000000083400000, 0x0000000083500000, 0x0000000083500000|100%| O|  |TAMS 0x0000000083500000, 0x0000000083400000| Untracked 
|  53|0x0000000083500000, 0x0000000083600000, 0x0000000083600000|100%| O|  |TAMS 0x0000000083600000, 0x0000000083500000| Untracked 
|  54|0x0000000083600000, 0x0000000083700000, 0x0000000083700000|100%| O|  |TAMS 0x0000000083700000, 0x0000000083600000| Untracked 
|  55|0x0000000083700000, 0x0000000083800000, 0x0000000083800000|100%| O|  |TAMS 0x0000000083800000, 0x0000000083700000| Untracked 
|  56|0x0000000083800000, 0x0000000083900000, 0x0000000083900000|100%| O|  |TAMS 0x0000000083900000, 0x0000000083800000| Untracked 
|  57|0x0000000083900000, 0x0000000083a00000, 0x0000000083a00000|100%| O|  |TAMS 0x0000000083a00000, 0x0000000083900000| Untracked 
|  58|0x0000000083a00000, 0x0000000083b00000, 0x0000000083b00000|100%| O|  |TAMS 0x0000000083b00000, 0x0000000083a00000| Untracked 
|  59|0x0000000083b00000, 0x0000000083c00000, 0x0000000083c00000|100%| O|  |TAMS 0x0000000083c00000, 0x0000000083b00000| Untracked 
|  60|0x0000000083c00000, 0x0000000083d00000, 0x0000000083d00000|100%| O|  |TAMS 0x0000000083d00000, 0x0000000083c00000| Untracked 
|  61|0x0000000083d00000, 0x0000000083e00000, 0x0000000083e00000|100%| O|  |TAMS 0x0000000083e00000, 0x0000000083d00000| Untracked 
|  62|0x0000000083e00000, 0x0000000083f00000, 0x0000000083f00000|100%| O|  |TAMS 0x0000000083f00000, 0x0000000083e00000| Untracked 
|  63|0x0000000083f00000, 0x0000000084000000, 0x0000000084000000|100%| O|  |TAMS 0x0000000084000000, 0x0000000083f00000| Untracked 
|  64|0x0000000084000000, 0x0000000084100000, 0x0000000084100000|100%| O|  |TAMS 0x0000000084100000, 0x0000000084000000| Untracked 
|  65|0x0000000084100000, 0x0000000084200000, 0x0000000084200000|100%| O|  |TAMS 0x0000000084200000, 0x0000000084100000| Untracked 
|  66|0x0000000084200000, 0x0000000084300000, 0x0000000084300000|100%| O|  |TAMS 0x0000000084300000, 0x0000000084200000| Untracked 
|  67|0x0000000084300000, 0x0000000084400000, 0x0000000084400000|100%| O|  |TAMS 0x0000000084400000, 0x0000000084300000| Untracked 
|  68|0x0000000084400000, 0x0000000084500000, 0x0000000084500000|100%| O|  |TAMS 0x0000000084500000, 0x0000000084400000| Untracked 
|  69|0x0000000084500000, 0x0000000084600000, 0x0000000084600000|100%| O|  |TAMS 0x0000000084600000, 0x0000000084500000| Untracked 
|  70|0x0000000084600000, 0x0000000084700000, 0x0000000084700000|100%| O|  |TAMS 0x0000000084700000, 0x0000000084600000| Untracked 
|  71|0x0000000084700000, 0x0000000084800000, 0x0000000084800000|100%| O|  |TAMS 0x0000000084800000, 0x0000000084700000| Untracked 
|  72|0x0000000084800000, 0x0000000084900000, 0x0000000084900000|100%| O|  |TAMS 0x0000000084900000, 0x0000000084800000| Untracked 
|  73|0x0000000084900000, 0x0000000084a00000, 0x0000000084a00000|100%| O|  |TAMS 0x0000000084a00000, 0x0000000084900000| Untracked 
|  74|0x0000000084a00000, 0x0000000084b00000, 0x0000000084b00000|100%| O|  |TAMS 0x0000000084b00000, 0x0000000084a00000| Untracked 
|  75|0x0000000084b00000, 0x0000000084c00000, 0x0000000084c00000|100%| O|  |TAMS 0x0000000084c00000, 0x0000000084b00000| Untracked 
|  76|0x0000000084c00000, 0x0000000084d00000, 0x0000000084d00000|100%| O|  |TAMS 0x0000000084d00000, 0x0000000084c00000| Untracked 
|  77|0x0000000084d00000, 0x0000000084e00000, 0x0000000084e00000|100%| O|  |TAMS 0x0000000084e00000, 0x0000000084d00000| Untracked 
|  78|0x0000000084e00000, 0x0000000084f00000, 0x0000000084f00000|100%| O|  |TAMS 0x0000000084f00000, 0x0000000084e00000| Untracked 
|  79|0x0000000084f00000, 0x0000000085000000, 0x0000000085000000|100%| O|  |TAMS 0x0000000085000000, 0x0000000084f00000| Untracked 
|  80|0x0000000085000000, 0x0000000085100000, 0x0000000085100000|100%| O|  |TAMS 0x0000000085100000, 0x0000000085000000| Untracked 
|  81|0x0000000085100000, 0x0000000085200000, 0x0000000085200000|100%| O|  |TAMS 0x0000000085200000, 0x0000000085100000| Untracked 
|  82|0x0000000085200000, 0x0000000085300000, 0x0000000085300000|100%| O|  |TAMS 0x0000000085300000, 0x0000000085200000| Untracked 
|  83|0x0000000085300000, 0x0000000085400000, 0x0000000085400000|100%| O|  |TAMS 0x0000000085400000, 0x0000000085300000| Untracked 
|  84|0x0000000085400000, 0x0000000085500000, 0x0000000085500000|100%| O|  |TAMS 0x0000000085500000, 0x0000000085400000| Untracked 
|  85|0x0000000085500000, 0x0000000085600000, 0x0000000085600000|100%| O|  |TAMS 0x0000000085600000, 0x0000000085500000| Untracked 
|  86|0x0000000085600000, 0x0000000085700000, 0x0000000085700000|100%| O|  |TAMS 0x0000000085700000, 0x0000000085600000| Untracked 
|  87|0x0000000085700000, 0x0000000085800000, 0x0000000085800000|100%| O|  |TAMS 0x0000000085800000, 0x0000000085700000| Untracked 
|  88|0x0000000085800000, 0x0000000085900000, 0x0000000085900000|100%| O|  |TAMS 0x0000000085900000, 0x0000000085800000| Untracked 
|  89|0x0000000085900000, 0x0000000085a00000, 0x0000000085a00000|100%| O|  |TAMS 0x0000000085a00000, 0x0000000085900000| Untracked 
|  90|0x0000000085a00000, 0x0000000085b00000, 0x0000000085b00000|100%| O|  |TAMS 0x0000000085b00000, 0x0000000085a00000| Untracked 
|  91|0x0000000085b00000, 0x0000000085c00000, 0x0000000085c00000|100%| O|  |TAMS 0x0000000085c00000, 0x0000000085b00000| Untracked 
|  92|0x0000000085c00000, 0x0000000085d00000, 0x0000000085d00000|100%| O|  |TAMS 0x0000000085d00000, 0x0000000085c00000| Untracked 
|  93|0x0000000085d00000, 0x0000000085e00000, 0x0000000085e00000|100%| O|  |TAMS 0x0000000085e00000, 0x0000000085d00000| Untracked 
|  94|0x0000000085e00000, 0x0000000085f00000, 0x0000000085f00000|100%| O|  |TAMS 0x0000000085f00000, 0x0000000085e00000| Untracked 
|  95|0x0000000085f00000, 0x0000000086000000, 0x0000000086000000|100%| O|  |TAMS 0x0000000086000000, 0x0000000085f00000| Untracked 
|  96|0x0000000086000000, 0x0000000086100000, 0x0000000086100000|100%| O|  |TAMS 0x0000000086100000, 0x0000000086000000| Untracked 
|  97|0x0000000086100000, 0x0000000086200000, 0x0000000086200000|100%| O|  |TAMS 0x0000000086200000, 0x0000000086100000| Untracked 
|  98|0x0000000086200000, 0x0000000086300000, 0x0000000086300000|100%| O|  |TAMS 0x0000000086300000, 0x0000000086200000| Untracked 
|  99|0x0000000086300000, 0x0000000086400000, 0x0000000086400000|100%| O|  |TAMS 0x0000000086400000, 0x0000000086300000| Untracked 
| 100|0x0000000086400000, 0x0000000086500000, 0x0000000086500000|100%| O|  |TAMS 0x0000000086500000, 0x0000000086400000| Untracked 
| 101|0x0000000086500000, 0x0000000086600000, 0x0000000086600000|100%| O|  |TAMS 0x0000000086600000, 0x0000000086500000| Untracked 
| 102|0x0000000086600000, 0x0000000086700000, 0x0000000086700000|100%| O|  |TAMS 0x0000000086700000, 0x0000000086600000| Untracked 
| 103|0x0000000086700000, 0x0000000086800000, 0x0000000086800000|100%| O|  |TAMS 0x0000000086800000, 0x0000000086700000| Untracked 
| 104|0x0000000086800000, 0x0000000086900000, 0x0000000086900000|100%| O|  |TAMS 0x0000000086900000, 0x0000000086800000| Untracked 
| 105|0x0000000086900000, 0x0000000086a00000, 0x0000000086a00000|100%| O|  |TAMS 0x0000000086a00000, 0x0000000086900000| Untracked 
| 106|0x0000000086a00000, 0x0000000086b00000, 0x0000000086b00000|100%| O|  |TAMS 0x0000000086b00000, 0x0000000086a00000| Untracked 
| 107|0x0000000086b00000, 0x0000000086c00000, 0x0000000086c00000|100%| O|  |TAMS 0x0000000086c00000, 0x0000000086b00000| Untracked 
| 108|0x0000000086c00000, 0x0000000086d00000, 0x0000000086d00000|100%| O|  |TAMS 0x0000000086d00000, 0x0000000086c00000| Untracked 
| 109|0x0000000086d00000, 0x0000000086e00000, 0x0000000086e00000|100%| O|  |TAMS 0x0000000086e00000, 0x0000000086d00000| Untracked 
| 110|0x0000000086e00000, 0x0000000086f00000, 0x0000000086f00000|100%| O|  |TAMS 0x0000000086f00000, 0x0000000086e00000| Untracked 
| 111|0x0000000086f00000, 0x0000000087000000, 0x0000000087000000|100%| O|  |TAMS 0x0000000087000000, 0x0000000086f00000| Untracked 
| 112|0x0000000087000000, 0x0000000087100000, 0x0000000087100000|100%| O|  |TAMS 0x0000000087100000, 0x0000000087000000| Untracked 
| 113|0x0000000087100000, 0x0000000087200000, 0x0000000087200000|100%| O|  |TAMS 0x0000000087200000, 0x0000000087100000| Untracked 
| 114|0x0000000087200000, 0x0000000087300000, 0x0000000087300000|100%| O|  |TAMS 0x0000000087300000, 0x0000000087200000| Untracked 
| 115|0x0000000087300000, 0x0000000087400000, 0x0000000087400000|100%| O|  |TAMS 0x0000000087400000, 0x0000000087300000| Untracked 
| 116|0x0000000087400000, 0x0000000087500000, 0x0000000087500000|100%| O|  |TAMS 0x0000000087500000, 0x0000000087400000| Untracked 
| 117|0x0000000087500000, 0x0000000087600000, 0x0000000087600000|100%| O|  |TAMS 0x0000000087600000, 0x0000000087500000| Untracked 
| 118|0x0000000087600000, 0x0000000087700000, 0x0000000087700000|100%| O|  |TAMS 0x0000000087657c00, 0x0000000087600000| Untracked 
| 119|0x0000000087700000, 0x0000000087800000, 0x0000000087800000|100%| O|  |TAMS 0x0000000087700000, 0x0000000087700000| Untracked 
| 120|0x0000000087800000, 0x0000000087900000, 0x0000000087900000|100%| O|  |TAMS 0x0000000087800000, 0x0000000087800000| Untracked 
| 121|0x0000000087900000, 0x0000000087a00000, 0x0000000087a00000|100%| O|  |TAMS 0x0000000087900000, 0x0000000087900000| Untracked 
| 122|0x0000000087a00000, 0x0000000087b00000, 0x0000000087b00000|100%| O|  |TAMS 0x0000000087a00000, 0x0000000087a00000| Untracked 
| 123|0x0000000087b00000, 0x0000000087c00000, 0x0000000087c00000|100%| O|  |TAMS 0x0000000087b00000, 0x0000000087b00000| Untracked 
| 124|0x0000000087c00000, 0x0000000087d00000, 0x0000000087d00000|100%| O|  |TAMS 0x0000000087c00000, 0x0000000087c00000| Untracked 
| 125|0x0000000087d00000, 0x0000000087e00000, 0x0000000087e00000|100%| O|  |TAMS 0x0000000087d00000, 0x0000000087d00000| Untracked 
| 126|0x0000000087e00000, 0x0000000087f00000, 0x0000000087f00000|100%| O|  |TAMS 0x0000000087e00000, 0x0000000087e00000| Untracked 
| 127|0x0000000087f00000, 0x0000000088000000, 0x0000000088000000|100%| O|  |TAMS 0x0000000087f00000, 0x0000000087f00000| Untracked 
| 128|0x0000000088000000, 0x0000000088100000, 0x0000000088100000|100%| O|  |TAMS 0x0000000088000000, 0x0000000088000000| Untracked 
| 129|0x0000000088100000, 0x0000000088200000, 0x0000000088200000|100%| O|  |TAMS 0x0000000088100000, 0x0000000088100000| Untracked 
| 130|0x0000000088200000, 0x0000000088300000, 0x0000000088300000|100%| O|  |TAMS 0x0000000088200000, 0x0000000088200000| Untracked 
| 131|0x0000000088300000, 0x0000000088400000, 0x0000000088400000|100%| O|  |TAMS 0x0000000088300000, 0x0000000088300000| Untracked 
| 132|0x0000000088400000, 0x0000000088500000, 0x0000000088500000|100%| O|  |TAMS 0x0000000088400000, 0x0000000088400000| Untracked 
| 133|0x0000000088500000, 0x0000000088600000, 0x0000000088600000|100%| O|  |TAMS 0x0000000088500000, 0x0000000088500000| Untracked 
| 134|0x0000000088600000, 0x0000000088700000, 0x0000000088700000|100%| O|  |TAMS 0x0000000088600000, 0x0000000088600000| Untracked 
| 135|0x0000000088700000, 0x0000000088800000, 0x0000000088800000|100%| O|  |TAMS 0x0000000088700000, 0x0000000088700000| Untracked 
| 136|0x0000000088800000, 0x000000008888e600, 0x0000000088900000| 55%| O|  |TAMS 0x0000000088800000, 0x0000000088800000| Untracked 
| 137|0x0000000088900000, 0x0000000088900000, 0x0000000088a00000|  0%| F|  |TAMS 0x0000000088900000, 0x0000000088900000| Untracked 
| 138|0x0000000088a00000, 0x0000000088a00000, 0x0000000088b00000|  0%| F|  |TAMS 0x0000000088a00000, 0x0000000088a00000| Untracked 
| 139|0x0000000088b00000, 0x0000000088b00000, 0x0000000088c00000|  0%| F|  |TAMS 0x0000000088b00000, 0x0000000088b00000| Untracked 
| 140|0x0000000088c00000, 0x0000000088c00000, 0x0000000088d00000|  0%| F|  |TAMS 0x0000000088c00000, 0x0000000088c00000| Untracked 
| 141|0x0000000088d00000, 0x0000000088d00000, 0x0000000088e00000|  0%| F|  |TAMS 0x0000000088d00000, 0x0000000088d00000| Untracked 
| 142|0x0000000088e00000, 0x0000000088e00000, 0x0000000088f00000|  0%| F|  |TAMS 0x0000000088e00000, 0x0000000088e00000| Untracked 
| 143|0x0000000088f00000, 0x0000000088f00000, 0x0000000089000000|  0%| F|  |TAMS 0x0000000088f00000, 0x0000000088f00000| Untracked 
| 144|0x0000000089000000, 0x0000000089000000, 0x0000000089100000|  0%| F|  |TAMS 0x0000000089000000, 0x0000000089000000| Untracked 
| 145|0x0000000089100000, 0x0000000089100000, 0x0000000089200000|  0%| F|  |TAMS 0x0000000089100000, 0x0000000089100000| Untracked 
| 146|0x0000000089200000, 0x0000000089200000, 0x0000000089300000|  0%| F|  |TAMS 0x0000000089200000, 0x0000000089200000| Untracked 
| 147|0x0000000089300000, 0x0000000089300000, 0x0000000089400000|  0%| F|  |TAMS 0x0000000089300000, 0x0000000089300000| Untracked 
| 148|0x0000000089400000, 0x0000000089400000, 0x0000000089500000|  0%| F|  |TAMS 0x0000000089400000, 0x0000000089400000| Untracked 
| 149|0x0000000089500000, 0x0000000089500000, 0x0000000089600000|  0%| F|  |TAMS 0x0000000089500000, 0x0000000089500000| Untracked 
| 150|0x0000000089600000, 0x0000000089600000, 0x0000000089700000|  0%| F|  |TAMS 0x0000000089600000, 0x0000000089600000| Untracked 
| 151|0x0000000089700000, 0x0000000089700000, 0x0000000089800000|  0%| F|  |TAMS 0x0000000089700000, 0x0000000089700000| Untracked 
| 152|0x0000000089800000, 0x0000000089800000, 0x0000000089900000|  0%| F|  |TAMS 0x0000000089800000, 0x0000000089800000| Untracked 
| 153|0x0000000089900000, 0x0000000089900000, 0x0000000089a00000|  0%| F|  |TAMS 0x0000000089900000, 0x0000000089900000| Untracked 
| 154|0x0000000089a00000, 0x0000000089a00000, 0x0000000089b00000|  0%| F|  |TAMS 0x0000000089a00000, 0x0000000089a00000| Untracked 
| 155|0x0000000089b00000, 0x0000000089b00000, 0x0000000089c00000|  0%| F|  |TAMS 0x0000000089b00000, 0x0000000089b00000| Untracked 
| 156|0x0000000089c00000, 0x0000000089c00000, 0x0000000089d00000|  0%| F|  |TAMS 0x0000000089c00000, 0x0000000089c00000| Untracked 
| 157|0x0000000089d00000, 0x0000000089d00000, 0x0000000089e00000|  0%| F|  |TAMS 0x0000000089d00000, 0x0000000089d00000| Untracked 
| 158|0x0000000089e00000, 0x0000000089e00000, 0x0000000089f00000|  0%| F|  |TAMS 0x0000000089e00000, 0x0000000089e00000| Untracked 
| 159|0x0000000089f00000, 0x0000000089f00000, 0x000000008a000000|  0%| F|  |TAMS 0x0000000089f00000, 0x0000000089f00000| Untracked 
| 160|0x000000008a000000, 0x000000008a000000, 0x000000008a100000|  0%| F|  |TAMS 0x000000008a000000, 0x000000008a000000| Untracked 
| 161|0x000000008a100000, 0x000000008a100000, 0x000000008a200000|  0%| F|  |TAMS 0x000000008a100000, 0x000000008a100000| Untracked 
| 162|0x000000008a200000, 0x000000008a200000, 0x000000008a300000|  0%| F|  |TAMS 0x000000008a200000, 0x000000008a200000| Untracked 
| 163|0x000000008a300000, 0x000000008a300000, 0x000000008a400000|  0%| F|  |TAMS 0x000000008a300000, 0x000000008a300000| Untracked 
| 164|0x000000008a400000, 0x000000008a400000, 0x000000008a500000|  0%| F|  |TAMS 0x000000008a400000, 0x000000008a400000| Untracked 
| 165|0x000000008a500000, 0x000000008a500000, 0x000000008a600000|  0%| F|  |TAMS 0x000000008a500000, 0x000000008a500000| Untracked 
| 166|0x000000008a600000, 0x000000008a600000, 0x000000008a700000|  0%| F|  |TAMS 0x000000008a600000, 0x000000008a600000| Untracked 
| 167|0x000000008a700000, 0x000000008a700000, 0x000000008a800000|  0%| F|  |TAMS 0x000000008a700000, 0x000000008a700000| Untracked 
| 168|0x000000008a800000, 0x000000008a800000, 0x000000008a900000|  0%| F|  |TAMS 0x000000008a800000, 0x000000008a800000| Untracked 
| 169|0x000000008a900000, 0x000000008a900000, 0x000000008aa00000|  0%| F|  |TAMS 0x000000008a900000, 0x000000008a900000| Untracked 
| 170|0x000000008aa00000, 0x000000008aa00000, 0x000000008ab00000|  0%| F|  |TAMS 0x000000008aa00000, 0x000000008aa00000| Untracked 
| 171|0x000000008ab00000, 0x000000008ab00000, 0x000000008ac00000|  0%| F|  |TAMS 0x000000008ab00000, 0x000000008ab00000| Untracked 
| 172|0x000000008ac00000, 0x000000008ac00000, 0x000000008ad00000|  0%| F|  |TAMS 0x000000008ac00000, 0x000000008ac00000| Untracked 
| 173|0x000000008ad00000, 0x000000008ad00000, 0x000000008ae00000|  0%| F|  |TAMS 0x000000008ad00000, 0x000000008ad00000| Untracked 
| 174|0x000000008ae00000, 0x000000008ae00000, 0x000000008af00000|  0%| F|  |TAMS 0x000000008ae00000, 0x000000008ae00000| Untracked 
| 175|0x000000008af00000, 0x000000008af00000, 0x000000008b000000|  0%| F|  |TAMS 0x000000008af00000, 0x000000008af00000| Untracked 
| 176|0x000000008b000000, 0x000000008b000000, 0x000000008b100000|  0%| F|  |TAMS 0x000000008b000000, 0x000000008b000000| Untracked 
| 177|0x000000008b100000, 0x000000008b100000, 0x000000008b200000|  0%| F|  |TAMS 0x000000008b100000, 0x000000008b100000| Untracked 
| 178|0x000000008b200000, 0x000000008b200000, 0x000000008b300000|  0%| F|  |TAMS 0x000000008b200000, 0x000000008b200000| Untracked 
| 179|0x000000008b300000, 0x000000008b300000, 0x000000008b400000|  0%| F|  |TAMS 0x000000008b300000, 0x000000008b300000| Untracked 
| 180|0x000000008b400000, 0x000000008b400000, 0x000000008b500000|  0%| F|  |TAMS 0x000000008b400000, 0x000000008b400000| Untracked 
| 181|0x000000008b500000, 0x000000008b500000, 0x000000008b600000|  0%| F|  |TAMS 0x000000008b500000, 0x000000008b500000| Untracked 
| 182|0x000000008b600000, 0x000000008b600000, 0x000000008b700000|  0%| F|  |TAMS 0x000000008b600000, 0x000000008b600000| Untracked 
| 183|0x000000008b700000, 0x000000008b700000, 0x000000008b800000|  0%| F|  |TAMS 0x000000008b700000, 0x000000008b700000| Untracked 
| 184|0x000000008b800000, 0x000000008b800000, 0x000000008b900000|  0%| F|  |TAMS 0x000000008b800000, 0x000000008b800000| Untracked 
| 185|0x000000008b900000, 0x000000008b900000, 0x000000008ba00000|  0%| F|  |TAMS 0x000000008b900000, 0x000000008b900000| Untracked 
| 186|0x000000008ba00000, 0x000000008ba00000, 0x000000008bb00000|  0%| F|  |TAMS 0x000000008ba00000, 0x000000008ba00000| Untracked 
| 187|0x000000008bb00000, 0x000000008bb00000, 0x000000008bc00000|  0%| F|  |TAMS 0x000000008bb00000, 0x000000008bb00000| Untracked 
| 188|0x000000008bc00000, 0x000000008bc00000, 0x000000008bd00000|  0%| F|  |TAMS 0x000000008bc00000, 0x000000008bc00000| Untracked 
| 189|0x000000008bd00000, 0x000000008bd00000, 0x000000008be00000|  0%| F|  |TAMS 0x000000008bd00000, 0x000000008bd00000| Untracked 
| 190|0x000000008be00000, 0x000000008be00000, 0x000000008bf00000|  0%| F|  |TAMS 0x000000008be00000, 0x000000008be00000| Untracked 
| 191|0x000000008bf00000, 0x000000008bf00000, 0x000000008c000000|  0%| F|  |TAMS 0x000000008bf00000, 0x000000008bf00000| Untracked 
| 192|0x000000008c000000, 0x000000008c000000, 0x000000008c100000|  0%| F|  |TAMS 0x000000008c000000, 0x000000008c000000| Untracked 
| 193|0x000000008c100000, 0x000000008c100000, 0x000000008c200000|  0%| F|  |TAMS 0x000000008c100000, 0x000000008c100000| Untracked 
| 194|0x000000008c200000, 0x000000008c200000, 0x000000008c300000|  0%| F|  |TAMS 0x000000008c200000, 0x000000008c200000| Untracked 
| 195|0x000000008c300000, 0x000000008c300000, 0x000000008c400000|  0%| F|  |TAMS 0x000000008c300000, 0x000000008c300000| Untracked 
| 196|0x000000008c400000, 0x000000008c400000, 0x000000008c500000|  0%| F|  |TAMS 0x000000008c400000, 0x000000008c400000| Untracked 
| 197|0x000000008c500000, 0x000000008c500000, 0x000000008c600000|  0%| F|  |TAMS 0x000000008c500000, 0x000000008c500000| Untracked 
| 198|0x000000008c600000, 0x000000008c6179e0, 0x000000008c700000|  9%| S|CS|TAMS 0x000000008c600000, 0x000000008c600000| Complete 
| 199|0x000000008c700000, 0x000000008c800000, 0x000000008c800000|100%| S|CS|TAMS 0x000000008c700000, 0x000000008c700000| Complete 
| 200|0x000000008c800000, 0x000000008c800000, 0x000000008c900000|  0%| F|  |TAMS 0x000000008c800000, 0x000000008c800000| Untracked 
| 201|0x000000008c900000, 0x000000008c900000, 0x000000008ca00000|  0%| F|  |TAMS 0x000000008c900000, 0x000000008c900000| Untracked 
| 202|0x000000008ca00000, 0x000000008ca00000, 0x000000008cb00000|  0%| F|  |TAMS 0x000000008ca00000, 0x000000008ca00000| Untracked 
| 203|0x000000008cb00000, 0x000000008cb00000, 0x000000008cc00000|  0%| F|  |TAMS 0x000000008cb00000, 0x000000008cb00000| Untracked 
| 204|0x000000008cc00000, 0x000000008cc00000, 0x000000008cd00000|  0%| F|  |TAMS 0x000000008cc00000, 0x000000008cc00000| Untracked 
| 205|0x000000008cd00000, 0x000000008cd00000, 0x000000008ce00000|  0%| F|  |TAMS 0x000000008cd00000, 0x000000008cd00000| Untracked 
| 206|0x000000008ce00000, 0x000000008ce00000, 0x000000008cf00000|  0%| F|  |TAMS 0x000000008ce00000, 0x000000008ce00000| Untracked 
| 207|0x000000008cf00000, 0x000000008cf00000, 0x000000008d000000|  0%| F|  |TAMS 0x000000008cf00000, 0x000000008cf00000| Untracked 
| 208|0x000000008d000000, 0x000000008d000000, 0x000000008d100000|  0%| F|  |TAMS 0x000000008d000000, 0x000000008d000000| Untracked 
| 209|0x000000008d100000, 0x000000008d100000, 0x000000008d200000|  0%| F|  |TAMS 0x000000008d100000, 0x000000008d100000| Untracked 
| 210|0x000000008d200000, 0x000000008d200000, 0x000000008d300000|  0%| F|  |TAMS 0x000000008d200000, 0x000000008d200000| Untracked 
| 211|0x000000008d300000, 0x000000008d300000, 0x000000008d400000|  0%| F|  |TAMS 0x000000008d300000, 0x000000008d300000| Untracked 
| 212|0x000000008d400000, 0x000000008d400000, 0x000000008d500000|  0%| F|  |TAMS 0x000000008d400000, 0x000000008d400000| Untracked 
| 213|0x000000008d500000, 0x000000008d500000, 0x000000008d600000|  0%| F|  |TAMS 0x000000008d500000, 0x000000008d500000| Untracked 
| 214|0x000000008d600000, 0x000000008d600000, 0x000000008d700000|  0%| F|  |TAMS 0x000000008d600000, 0x000000008d600000| Untracked 
| 215|0x000000008d700000, 0x000000008d700000, 0x000000008d800000|  0%| F|  |TAMS 0x000000008d700000, 0x000000008d700000| Untracked 
| 216|0x000000008d800000, 0x000000008d800000, 0x000000008d900000|  0%| F|  |TAMS 0x000000008d800000, 0x000000008d800000| Untracked 
| 217|0x000000008d900000, 0x000000008d900000, 0x000000008da00000|  0%| F|  |TAMS 0x000000008d900000, 0x000000008d900000| Untracked 
| 218|0x000000008da00000, 0x000000008da00000, 0x000000008db00000|  0%| F|  |TAMS 0x000000008da00000, 0x000000008da00000| Untracked 
| 219|0x000000008db00000, 0x000000008db00000, 0x000000008dc00000|  0%| F|  |TAMS 0x000000008db00000, 0x000000008db00000| Untracked 
| 220|0x000000008dc00000, 0x000000008dc00000, 0x000000008dd00000|  0%| F|  |TAMS 0x000000008dc00000, 0x000000008dc00000| Untracked 
| 221|0x000000008dd00000, 0x000000008dd00000, 0x000000008de00000|  0%| F|  |TAMS 0x000000008dd00000, 0x000000008dd00000| Untracked 
| 222|0x000000008de00000, 0x000000008de00000, 0x000000008df00000|  0%| F|  |TAMS 0x000000008de00000, 0x000000008de00000| Untracked 
| 223|0x000000008df00000, 0x000000008df00000, 0x000000008e000000|  0%| F|  |TAMS 0x000000008df00000, 0x000000008df00000| Untracked 
| 224|0x000000008e000000, 0x000000008e000000, 0x000000008e100000|  0%| F|  |TAMS 0x000000008e000000, 0x000000008e000000| Untracked 
| 225|0x000000008e100000, 0x000000008e100000, 0x000000008e200000|  0%| F|  |TAMS 0x000000008e100000, 0x000000008e100000| Untracked 
| 226|0x000000008e200000, 0x000000008e200000, 0x000000008e300000|  0%| F|  |TAMS 0x000000008e200000, 0x000000008e200000| Untracked 
| 227|0x000000008e300000, 0x000000008e300000, 0x000000008e400000|  0%| F|  |TAMS 0x000000008e300000, 0x000000008e300000| Untracked 
| 228|0x000000008e400000, 0x000000008e400000, 0x000000008e500000|  0%| F|  |TAMS 0x000000008e400000, 0x000000008e400000| Untracked 
| 229|0x000000008e500000, 0x000000008e500000, 0x000000008e600000|  0%| F|  |TAMS 0x000000008e500000, 0x000000008e500000| Untracked 
| 230|0x000000008e600000, 0x000000008e600000, 0x000000008e700000|  0%| F|  |TAMS 0x000000008e600000, 0x000000008e600000| Untracked 
| 231|0x000000008e700000, 0x000000008e700000, 0x000000008e800000|  0%| F|  |TAMS 0x000000008e700000, 0x000000008e700000| Untracked 
| 232|0x000000008e800000, 0x000000008e800000, 0x000000008e900000|  0%| F|  |TAMS 0x000000008e800000, 0x000000008e800000| Untracked 
| 233|0x000000008e900000, 0x000000008e900000, 0x000000008ea00000|  0%| F|  |TAMS 0x000000008e900000, 0x000000008e900000| Untracked 
| 234|0x000000008ea00000, 0x000000008ea00000, 0x000000008eb00000|  0%| F|  |TAMS 0x000000008ea00000, 0x000000008ea00000| Untracked 
| 235|0x000000008eb00000, 0x000000008eb00000, 0x000000008ec00000|  0%| F|  |TAMS 0x000000008eb00000, 0x000000008eb00000| Untracked 
| 236|0x000000008ec00000, 0x000000008ec00000, 0x000000008ed00000|  0%| F|  |TAMS 0x000000008ec00000, 0x000000008ec00000| Untracked 
| 237|0x000000008ed00000, 0x000000008ed00000, 0x000000008ee00000|  0%| F|  |TAMS 0x000000008ed00000, 0x000000008ed00000| Untracked 
| 238|0x000000008ee00000, 0x000000008ee00000, 0x000000008ef00000|  0%| F|  |TAMS 0x000000008ee00000, 0x000000008ee00000| Untracked 
| 239|0x000000008ef00000, 0x000000008ef00000, 0x000000008f000000|  0%| F|  |TAMS 0x000000008ef00000, 0x000000008ef00000| Untracked 
| 240|0x000000008f000000, 0x000000008f000000, 0x000000008f100000|  0%| F|  |TAMS 0x000000008f000000, 0x000000008f000000| Untracked 
| 241|0x000000008f100000, 0x000000008f100000, 0x000000008f200000|  0%| F|  |TAMS 0x000000008f100000, 0x000000008f100000| Untracked 

Card table byte_map: [0x000001af67760000,0x000001af67b60000] _byte_map_base: 0x000001af67360000

Marking Bits (Prev, Next): (CMBitMap*) 0x000001af5477fdb0, (CMBitMap*) 0x000001af5477fd78
 Prev Bits: [0x000001af69f60000, 0x000001af6bf60000)
 Next Bits: [0x000001af67f60000, 0x000001af69f60000)

Polling page: 0x000001af526a0000

Metaspace:

Usage:
  Non-class:     93.40 MB capacity,    91.69 MB ( 98%) used,     1.36 MB (  1%) free+waste,   358.13 KB ( <1%) overhead. 
      Class:     14.91 MB capacity,    13.76 MB ( 92%) used,  1008.52 KB (  7%) free+waste,   169.63 KB (  1%) overhead. 
       Both:    108.31 MB capacity,   105.45 MB ( 97%) used,     2.34 MB (  2%) free+waste,   527.75 KB ( <1%) overhead. 

Virtual space:
  Non-class space:       94.00 MB reserved,      93.63 MB (>99%) committed 
      Class space:        1.00 GB reserved,      14.95 MB (  1%) committed 
             Both:        1.09 GB reserved,     108.58 MB ( 10%) committed 

Chunk freelists:
   Non-Class:  44.00 KB
       Class:  31.00 KB
        Both:  75.00 KB

MaxMetaspaceSize: 17179869184.00 GB
CompressedClassSpaceSize: 1.00 GB
Initial GC threshold: 20.80 MB
Current GC threshold: 172.42 MB
CDS: off

CodeHeap 'non-profiled nmethods': size=120064Kb used=8199Kb max_used=8199Kb free=111864Kb
 bounds [0x000001af5fd10000, 0x000001af60520000, 0x000001af67250000]
CodeHeap 'profiled nmethods': size=120000Kb used=29331Kb max_used=29331Kb free=90668Kb
 bounds [0x000001af587e0000, 0x000001af5a490000, 0x000001af5fd10000]
CodeHeap 'non-nmethods': size=5696Kb used=2410Kb max_used=2478Kb free=3285Kb
 bounds [0x000001af58250000, 0x000001af584d0000, 0x000001af587e0000]
 total_blobs=14394 nmethods=13454 adapters=852
 compilation: enabled
              stopped_count=0, restarted_count=0
 full_count=0

Compilation events (20 events):
Event: 33.725 Thread 0x000001af76680000 nmethod 13664 0x000001af6050fe10 code [0x000001af6050ffa0, 0x000001af60510018]
Event: 33.725 Thread 0x000001af76680000 13666       4       com.android.tools.r8.internal.C7::D (5 bytes)
Event: 33.725 Thread 0x000001af6f034800 nmethod 13651% 0x000001af5a478990 code [0x000001af5a479500, 0x000001af5a481968]
Event: 33.725 Thread 0x000001af6f034800 13661 %     3       java.util.PriorityQueue::indexOf @ 17 (43 bytes)
Event: 33.725 Thread 0x000001af76680000 nmethod 13666 0x000001af60510110 code [0x000001af605102a0, 0x000001af60510318]
Event: 33.725 Thread 0x000001af76680000 13667       4       com.android.tools.r8.internal.Pn::k (42 bytes)
Event: 33.725 Thread 0x000001af6f034800 nmethod 13661% 0x000001af5a484590 code [0x000001af5a484760, 0x000001af5a484b28]
Event: 33.725 Thread 0x000001af6f034800 13660 %     3       com.android.tools.r8.internal.FM::a @ 358 (520 bytes)
Event: 33.726 Thread 0x000001af76680000 nmethod 13667 0x000001af60510410 code [0x000001af605105a0, 0x000001af60510658]
Event: 33.726 Thread 0x000001af76680000 13138       4       com.android.tools.r8.internal.HI::i (4 bytes)
Event: 33.726 Thread 0x000001af6eff0000 nmethod 13638 0x000001af60510790 code [0x000001af60510940, 0x000001af60510e38]
Event: 33.726 Thread 0x000001af6eff0000 13669       4       com.android.tools.r8.ir.regalloc.b::c (71 bytes)
Event: 33.727 Thread 0x000001af76680000 nmethod 13138 0x000001af60511110 code [0x000001af605112a0, 0x000001af605112f8]
Event: 33.727 Thread 0x000001af76680000 13226       4       com.android.tools.r8.internal.o10::a (8 bytes)
Event: 33.727 Thread 0x000001af6eff0000 nmethod 13669 0x000001af60511410 code [0x000001af605115a0, 0x000001af60511618]
Event: 33.727 Thread 0x000001af6eff0000 13371       4       com.android.tools.r8.internal.I5::a (2 bytes)
Event: 33.727 Thread 0x000001af76680000 nmethod 13226 0x000001af60511710 code [0x000001af605118a0, 0x000001af60511908]
Event: 33.727 Thread 0x000001af76680000 13387       4       com.android.tools.r8.internal.Q4$$Lambda$1820/0x0000000100df5040::test (10 bytes)
Event: 33.727 Thread 0x000001af6eff0000 nmethod 13371 0x000001af60511a10 code [0x000001af60511ba0, 0x000001af60511bf8]
Event: 33.727 Thread 0x000001af6eff0000 12867       4       java.lang.Integer::compare (20 bytes)

GC Heap History (20 events):
Event: 32.719 GC heap after
{Heap after GC invocations=37 (full 0):
 garbage-first heap   total 157696K, used 108082K [0x0000000080000000, 0x0000000100000000)
  region size 1024K, 1 young (1024K), 1 survivors (1024K)
 Metaspace       used 101472K, capacity 103754K, committed 104272K, reserved 1140736K
  class space    used 12983K, capacity 13854K, committed 14028K, reserved 1048576K
}
Event: 32.768 GC heap before
{Heap before GC invocations=37 (full 0):
 garbage-first heap   total 157696K, used 129586K [0x0000000080000000, 0x0000000100000000)
  region size 1024K, 22 young (22528K), 1 survivors (1024K)
 Metaspace       used 101691K, capacity 104056K, committed 104656K, reserved 1140736K
  class space    used 12999K, capacity 13890K, committed 14156K, reserved 1048576K
}
Event: 32.775 GC heap after
{Heap after GC invocations=38 (full 0):
 garbage-first heap   total 157696K, used 111907K [0x0000000080000000, 0x0000000100000000)
  region size 1024K, 3 young (3072K), 3 survivors (3072K)
 Metaspace       used 101691K, capacity 104056K, committed 104656K, reserved 1140736K
  class space    used 12999K, capacity 13890K, committed 14156K, reserved 1048576K
}
Event: 32.799 GC heap before
{Heap before GC invocations=38 (full 0):
 garbage-first heap   total 157696K, used 129315K [0x0000000080000000, 0x0000000100000000)
  region size 1024K, 21 young (21504K), 3 survivors (3072K)
 Metaspace       used 101853K, capacity 104208K, committed 104912K, reserved 1140736K
  class space    used 13017K, capacity 13899K, committed 14156K, reserved 1048576K
}
Event: 32.808 GC heap after
{Heap after GC invocations=39 (full 0):
 garbage-first heap   total 189440K, used 115460K [0x0000000080000000, 0x0000000100000000)
  region size 1024K, 3 young (3072K), 3 survivors (3072K)
 Metaspace       used 101853K, capacity 104208K, committed 104912K, reserved 1140736K
  class space    used 13017K, capacity 13899K, committed 14156K, reserved 1048576K
}
Event: 32.880 GC heap before
{Heap before GC invocations=39 (full 0):
 garbage-first heap   total 189440K, used 142084K [0x0000000080000000, 0x0000000100000000)
  region size 1024K, 30 young (30720K), 3 survivors (3072K)
 Metaspace       used 102644K, capacity 105231K, committed 105296K, reserved 1140736K
  class space    used 13214K, capacity 14258K, committed 14284K, reserved 1048576K
}
Event: 32.887 GC heap after
{Heap after GC invocations=40 (full 0):
 garbage-first heap   total 189440K, used 120421K [0x0000000080000000, 0x0000000100000000)
  region size 1024K, 4 young (4096K), 4 survivors (4096K)
 Metaspace       used 102644K, capacity 105231K, committed 105296K, reserved 1140736K
  class space    used 13214K, capacity 14258K, committed 14284K, reserved 1048576K
}
Event: 32.940 GC heap before
{Heap before GC invocations=40 (full 0):
 garbage-first heap   total 189440K, used 147045K [0x0000000080000000, 0x0000000100000000)
  region size 1024K, 30 young (30720K), 4 survivors (4096K)
 Metaspace       used 103041K, capacity 105658K, committed 105936K, reserved 1140736K
  class space    used 13289K, capacity 14336K, committed 14412K, reserved 1048576K
}
Event: 32.949 GC heap after
{Heap after GC invocations=41 (full 0):
 garbage-first heap   total 189440K, used 125279K [0x0000000080000000, 0x0000000100000000)
  region size 1024K, 4 young (4096K), 4 survivors (4096K)
 Metaspace       used 103041K, capacity 105658K, committed 105936K, reserved 1140736K
  class space    used 13289K, capacity 14336K, committed 14412K, reserved 1048576K
}
Event: 33.076 GC heap before
{Heap before GC invocations=41 (full 0):
 garbage-first heap   total 189440K, used 150879K [0x0000000080000000, 0x0000000100000000)
  region size 1024K, 29 young (29696K), 4 survivors (4096K)
 Metaspace       used 102979K, capacity 105496K, committed 105936K, reserved 1140736K
  class space    used 13244K, capacity 14254K, committed 14412K, reserved 1048576K
}
Event: 33.084 GC heap after
{Heap after GC invocations=42 (full 0):
 garbage-first heap   total 189440K, used 130048K [0x0000000080000000, 0x0000000100000000)
  region size 1024K, 4 young (4096K), 4 survivors (4096K)
 Metaspace       used 102979K, capacity 105496K, committed 105936K, reserved 1140736K
  class space    used 13244K, capacity 14254K, committed 14412K, reserved 1048576K
}
Event: 33.134 GC heap before
{Heap before GC invocations=43 (full 0):
 garbage-first heap   total 189440K, used 154624K [0x0000000080000000, 0x0000000100000000)
  region size 1024K, 28 young (28672K), 4 survivors (4096K)
 Metaspace       used 103238K, capacity 105789K, committed 106192K, reserved 1140736K
  class space    used 13295K, capacity 14329K, committed 14412K, reserved 1048576K
}
Event: 33.144 GC heap after
{Heap after GC invocations=44 (full 0):
 garbage-first heap   total 247808K, used 134711K [0x0000000080000000, 0x0000000100000000)
  region size 1024K, 4 young (4096K), 4 survivors (4096K)
 Metaspace       used 103238K, capacity 105789K, committed 106192K, reserved 1140736K
  class space    used 13295K, capacity 14329K, committed 14412K, reserved 1048576K
}
Event: 33.160 GC heap before
{Heap before GC invocations=44 (full 0):
 garbage-first heap   total 247808K, used 142903K [0x0000000080000000, 0x0000000100000000)
  region size 1024K, 12 young (12288K), 4 survivors (4096K)
 Metaspace       used 103404K, capacity 105917K, committed 106192K, reserved 1140736K
  class space    used 13319K, capacity 14329K, committed 14412K, reserved 1048576K
}
Event: 33.165 GC heap after
{Heap after GC invocations=45 (full 0):
 garbage-first heap   total 247808K, used 136818K [0x0000000080000000, 0x0000000100000000)
  region size 1024K, 2 young (2048K), 2 survivors (2048K)
 Metaspace       used 103404K, capacity 105917K, committed 106192K, reserved 1140736K
  class space    used 13319K, capacity 14329K, committed 14412K, reserved 1048576K
}
Event: 33.393 GC heap before
{Heap before GC invocations=45 (full 0):
 garbage-first heap   total 247808K, used 174706K [0x0000000080000000, 0x0000000100000000)
  region size 1024K, 40 young (40960K), 2 survivors (2048K)
 Metaspace       used 106248K, capacity 109082K, committed 109392K, reserved 1144832K
  class space    used 13853K, capacity 14989K, committed 15052K, reserved 1048576K
}
Event: 33.401 GC heap after
{Heap after GC invocations=46 (full 0):
 garbage-first heap   total 247808K, used 140113K [0x0000000080000000, 0x0000000100000000)
  region size 1024K, 5 young (5120K), 5 survivors (5120K)
 Metaspace       used 106248K, capacity 109082K, committed 109392K, reserved 1144832K
  class space    used 13853K, capacity 14989K, committed 15052K, reserved 1048576K
}
Event: 33.578 GC heap before
{Heap before GC invocations=46 (full 0):
 garbage-first heap   total 247808K, used 181073K [0x0000000080000000, 0x0000000100000000)
  region size 1024K, 45 young (46080K), 5 survivors (5120K)
 Metaspace       used 107011K, capacity 109882K, committed 110032K, reserved 1144832K
  class space    used 13951K, capacity 15101K, committed 15180K, reserved 1048576K
}
Event: 33.583 GC heap after
{Heap after GC invocations=47 (full 0):
 garbage-first heap   total 247808K, used 140793K [0x0000000080000000, 0x0000000100000000)
  region size 1024K, 1 young (1024K), 1 survivors (1024K)
 Metaspace       used 107011K, capacity 109882K, committed 110032K, reserved 1144832K
  class space    used 13951K, capacity 15101K, committed 15180K, reserved 1048576K
}
Event: 33.727 GC heap before
{Heap before GC invocations=47 (full 0):
 garbage-first heap   total 247808K, used 182777K [0x0000000080000000, 0x0000000100000000)
  region size 1024K, 43 young (44032K), 1 survivors (1024K)
 Metaspace       used 107978K, capacity 110905K, committed 111184K, reserved 1144832K
  class space    used 14086K, capacity 15265K, committed 15308K, reserved 1048576K
}

Deoptimization events (20 events):
Event: 33.492 Thread 0x000001af6fbcb000 Uncommon trap: trap_request=0xffffff4d fr.pc=0x000001af6035f4a0 relative=0x00000000000002e0
Event: 33.492 Thread 0x000001af6fbcb000 Uncommon trap: reason=unstable_if action=reinterpret pc=0x000001af6035f4a0 method=java.util.ArrayList.remove(Ljava/lang/Object;)Z @ 42 c2
Event: 33.492 Thread 0x000001af6fbcb000 DEOPT PACKING pc=0x000001af6035f4a0 sp=0x00000027d12f91f0
Event: 33.492 Thread 0x000001af6fbcb000 DEOPT UNPACKING pc=0x000001af5829a1af sp=0x00000027d12f91b0 mode 2
Event: 33.494 Thread 0x000001af6fbcb000 Uncommon trap: trap_request=0xffffff7e fr.pc=0x000001af60459164 relative=0x0000000000000244
Event: 33.494 Thread 0x000001af6fbcb000 Uncommon trap: reason=predicate action=maybe_recompile pc=0x000001af60459164 method=com.android.tools.r8.graph.a1.a([C)I @ 8 c2
Event: 33.495 Thread 0x000001af6fbcb000 DEOPT PACKING pc=0x000001af60459164 sp=0x00000027d12f95c0
Event: 33.495 Thread 0x000001af6fbcb000 DEOPT UNPACKING pc=0x000001af5829a1af sp=0x00000027d12f9548 mode 2
Event: 33.496 Thread 0x000001af6fbcb000 DEOPT PACKING pc=0x000001af5a35aad5 sp=0x00000027d12f9330
Event: 33.496 Thread 0x000001af6fbcb000 DEOPT UNPACKING pc=0x000001af5829a95e sp=0x00000027d12f8960 mode 0
Event: 33.560 Thread 0x000001af6fbcb000 DEOPT PACKING pc=0x000001af5a347947 sp=0x00000027d12f8960
Event: 33.560 Thread 0x000001af6fbcb000 DEOPT UNPACKING pc=0x000001af5829a95e sp=0x00000027d12f7dc8 mode 0
Event: 33.592 Thread 0x000001af725c4000 DEOPT PACKING pc=0x000001af5a397c36 sp=0x00000027d2ff6550
Event: 33.592 Thread 0x000001af725c4000 DEOPT UNPACKING pc=0x000001af5829a95e sp=0x00000027d2ff59c8 mode 0
Event: 33.624 Thread 0x000001af749c6800 DEOPT PACKING pc=0x000001af5a390175 sp=0x00000027d07f9520
Event: 33.624 Thread 0x000001af749c6800 DEOPT UNPACKING pc=0x000001af5829a95e sp=0x00000027d07f8a20 mode 0
Event: 33.713 Thread 0x000001af749c6800 DEOPT PACKING pc=0x000001af5a3c84eb sp=0x00000027d07f93e0
Event: 33.713 Thread 0x000001af749c6800 DEOPT UNPACKING pc=0x000001af5829a95e sp=0x00000027d07f8898 mode 0
Event: 33.715 Thread 0x000001af6fbcb000 DEOPT PACKING pc=0x000001af5a3d84cb sp=0x00000027d12f90e0
Event: 33.715 Thread 0x000001af6fbcb000 DEOPT UNPACKING pc=0x000001af5829a95e sp=0x00000027d12f8678 mode 0

Classes redefined (0 events):
No events

Internal exceptions (20 events):
Event: 32.588 Thread 0x000001af725c4000 Exception <a 'java/lang/IncompatibleClassChangeError'{0x00000000890a9ec0}: Found class java.lang.Object, but interface was expected> (0x00000000890a9ec0) thrown at [./src/hotspot/share/interpreter/linkResolver.cpp, line 839]
Event: 32.588 Thread 0x000001af6fbd3800 Exception <a 'java/lang/IncompatibleClassChangeError'{0x000000008999c8d8}: Found class java.lang.Object, but interface was expected> (0x000000008999c8d8) thrown at [./src/hotspot/share/interpreter/linkResolver.cpp, line 839]
Event: 32.588 Thread 0x000001af6fbce800 Exception <a 'java/lang/IncompatibleClassChangeError'{0x00000000890a40e8}: Found class java.lang.Object, but interface was expected> (0x00000000890a40e8) thrown at [./src/hotspot/share/interpreter/linkResolver.cpp, line 839]
Event: 32.588 Thread 0x000001af6fbcb000 Exception <a 'java/lang/IncompatibleClassChangeError'{0x00000000899da738}: Found class java.lang.Object, but interface was expected> (0x00000000899da738) thrown at [./src/hotspot/share/interpreter/linkResolver.cpp, line 839]
Event: 32.792 Thread 0x000001af6fbce800 Exception <a 'java/lang/NoSuchMethodError'{0x0000000088d7ab30}: 'java.lang.Object java.lang.invoke.DirectMethodHandle$Holder.invokeStatic(java.lang.Object, int, java.lang.Object, java.lang.Object)'> (0x0000000088d7ab30) thrown at [./src/hotspot/share/interpreter/linkResolver.cpp, line 773]
Event: 32.792 Thread 0x000001af725c4000 Exception <a 'java/lang/NoSuchMethodError'{0x0000000088d7b9f8}: 'java.lang.Object java.lang.invoke.DirectMethodHandle$Holder.invokeStatic(java.lang.Object, int, java.lang.Object, java.lang.Object)'> (0x0000000088d7b9f8) thrown at [./src/hotspot/share/interpreter/linkResolver.cpp, line 773]
Event: 32.792 Thread 0x000001af7310f000 Exception <a 'java/lang/NoSuchMethodError'{0x0000000088d50850}: 'java.lang.Object java.lang.invoke.DirectMethodHandle$Holder.invokeStatic(java.lang.Object, int, java.lang.Object, java.lang.Object)'> (0x0000000088d50850) thrown at [./src/hotspot/share/interpreter/linkResolver.cpp, line 773]
Event: 33.090 Thread 0x000001af7310f000 Exception <a 'java/lang/IncompatibleClassChangeError'{0x000000008b7bc968}: Found class java.lang.Object, but interface was expected> (0x000000008b7bc968) thrown at [./src/hotspot/share/interpreter/linkResolver.cpp, line 839]
Event: 33.090 Thread 0x000001af7310f000 Exception <a 'java/lang/IncompatibleClassChangeError'{0x000000008b7fe870}: Found class java.lang.Object, but interface was expected> (0x000000008b7fe870) thrown at [./src/hotspot/share/interpreter/linkResolver.cpp, line 839]
Event: 33.221 Thread 0x000001af725c4000 Exception <a 'java/lang/NoSuchMethodError'{0x000000008db38a88}: 'void java.lang.invoke.DirectMethodHandle$Holder.invokeSpecial(java.lang.Object, java.lang.Object, int, java.lang.Object)'> (0x000000008db38a88) thrown at [./src/hotspot/share/interpreter/linkResolver.cpp, line 773]
Event: 33.222 Thread 0x000001af749c6800 Exception <a 'java/lang/NoSuchMethodError'{0x000000008dcb5730}: 'void java.lang.invoke.DirectMethodHandle$Holder.invokeSpecial(java.lang.Object, java.lang.Object, int, java.lang.Object)'> (0x000000008dcb5730) thrown at [./src/hotspot/share/interpreter/linkResolver.cpp, line 773]
Event: 33.222 Thread 0x000001af6fbcb000 Exception <a 'java/lang/NoSuchMethodError'{0x000000008e3404e0}: 'void java.lang.invoke.DirectMethodHandle$Holder.invokeSpecial(java.lang.Object, java.lang.Object, int, java.lang.Object)'> (0x000000008e3404e0) thrown at [./src/hotspot/share/interpreter/linkResolver.cpp, line 773]
Event: 33.222 Thread 0x000001af7310f000 Exception <a 'java/lang/NoSuchMethodError'{0x000000008dd4a8d8}: 'void java.lang.invoke.DirectMethodHandle$Holder.invokeSpecial(java.lang.Object, java.lang.Object, int, java.lang.Object)'> (0x000000008dd4a8d8) thrown at [./src/hotspot/share/interpreter/linkResolver.cpp, line 773]
Event: 33.284 Thread 0x000001af725c4000 Exception <a 'java/lang/NoSuchMethodError'{0x000000008d65e7e0}: 'int java.lang.invoke.DirectMethodHandle$Holder.invokeSpecial(java.lang.Object, java.lang.Object, java.lang.Object, int, java.lang.Object)'> (0x000000008d65e7e0) thrown at [./src/hotspot/share/interpreter/linkResolver.cpp, line 773]
Event: 33.284 Thread 0x000001af6fbcb000 Exception <a 'java/lang/NoSuchMethodError'{0x000000008d7ef7b8}: 'int java.lang.invoke.DirectMethodHandle$Holder.invokeSpecial(java.lang.Object, java.lang.Object, java.lang.Object, int, java.lang.Object)'> (0x000000008d7ef7b8) thrown at [./src/hotspot/share/interpreter/linkResolver.cpp, line 773]
Event: 33.284 Thread 0x000001af6fbd3800 Exception <a 'java/lang/NoSuchMethodError'{0x000000008d621c40}: 'int java.lang.invoke.DirectMethodHandle$Holder.invokeSpecial(java.lang.Object, java.lang.Object, java.lang.Object, int, java.lang.Object)'> (0x000000008d621c40) thrown at [./src/hotspot/share/interpreter/linkResolver.cpp, line 773]
Event: 33.327 Thread 0x000001af6fbce800 Exception <a 'java/lang/NoSuchMethodError'{0x000000008d2e8660}: 'java.lang.Object java.lang.invoke.DirectMethodHandle$Holder.invokeInterface(java.lang.Object, java.lang.Object, int)'> (0x000000008d2e8660) thrown at [./src/hotspot/share/interpreter/linkResolver.cpp, line 773]
Event: 33.632 Thread 0x000001af7310f000 Exception <a 'java/lang/NoSuchMethodError'{0x000000008e50ac18}: 'java.lang.Object java.lang.invoke.Invokers$Holder.linkToTargetMethod(java.lang.Object, int, java.lang.Object, java.lang.Object, java.lang.Object, java.lang.Object)'> (0x000000008e50ac18) thrown at [./src/hotspot/share/interpreter/linkResolver.cpp, line 773]
Event: 33.639 Thread 0x000001af7310f000 Exception <a 'java/lang/NoSuchMethodError'{0x000000008e4c6748}: 'void java.lang.invoke.DirectMethodHandle$Holder.invokeStatic(java.lang.Object, java.lang.Object, java.lang.Object, java.lang.Object, java.lang.Object, java.lang.Object, java.lang.Object, java.lang.Object)'> (0x000000008e4c6748) thrown at [./src/hotspot/share/interpreter/linkResolver.cpp, line 773]
Event: 33.640 Thread 0x000001af6fbce800 Exception <a 'java/lang/NoSuchMethodError'{0x000000008f0e4a50}: 'void java.lang.invoke.DirectMethodHandle$Holder.invokeStatic(java.lang.Object, java.lang.Object, java.lang.Object, java.lang.Object, java.lang.Object, java.lang.Object, java.lang.Object, java.lang.Object)'> (0x000000008f0e4a50) thrown at [./src/hotspot/share/interpreter/linkResolver.cpp, line 773]

Events (20 events):
Event: 33.715 loading class com/android/tools/r8/code/D3 done
Event: 33.716 loading class com/android/tools/r8/internal/M00
Event: 33.716 loading class com/android/tools/r8/internal/M00 done
Event: 33.717 loading class com/android/tools/r8/internal/P00
Event: 33.717 loading class com/android/tools/r8/internal/P00 done
Event: 33.718 loading class com/android/tools/r8/code/A3
Event: 33.718 loading class com/android/tools/r8/code/A3 done
Event: 33.718 loading class com/android/tools/r8/internal/Q00
Event: 33.718 loading class com/android/tools/r8/internal/Q00 done
Event: 33.719 loading class com/android/tools/r8/internal/R00
Event: 33.719 loading class com/android/tools/r8/internal/R00 done
Event: 33.720 loading class com/android/tools/r8/internal/s00
Event: 33.720 loading class com/android/tools/r8/internal/s00 done
Event: 33.722 loading class com/android/tools/r8/internal/U00
Event: 33.722 loading class com/android/tools/r8/internal/U00 done
Event: 33.724 Executing VM operation: ICBufferFull
Event: 33.724 Executing VM operation: ICBufferFull done
Event: 33.725 loading class com/android/tools/r8/internal/V00
Event: 33.725 loading class com/android/tools/r8/internal/V00 done
Event: 33.727 Executing VM operation: G1CollectForAllocation


Dynamic libraries:
0x00007ff648840000 - 0x00007ff64884a000 	C:\Program Files\Android\Android Studio\jre\bin\java.exe
0x00007ffaac990000 - 0x00007ffaacb88000 	C:\WINDOWS\SYSTEM32\ntdll.dll
0x00007ffa89e20000 - 0x00007ffa89e36000 	C:\Program Files\Avast Software\Avast\aswhook.dll
0x00007ffaabc00000 - 0x00007ffaabcbf000 	C:\WINDOWS\System32\KERNEL32.DLL
0x00007ffaaa4e0000 - 0x00007ffaaa7b2000 	C:\WINDOWS\System32\KERNELBASE.dll
0x00007ffaaa230000 - 0x00007ffaaa330000 	C:\WINDOWS\System32\ucrtbase.dll
0x00007ffa830c0000 - 0x00007ffa830d7000 	C:\Program Files\Android\Android Studio\jre\bin\VCRUNTIME140.dll
0x00007ffa82e10000 - 0x00007ffa82e29000 	C:\Program Files\Android\Android Studio\jre\bin\jli.dll
0x00007ffaaad80000 - 0x00007ffaaaf1d000 	C:\WINDOWS\System32\USER32.dll
0x00007ffaaa870000 - 0x00007ffaaa892000 	C:\WINDOWS\System32\win32u.dll
0x00007ffa90d00000 - 0x00007ffa90f9a000 	C:\WINDOWS\WinSxS\amd64_microsoft.windows.common-controls_6595b64144ccf1df_6.0.19041.1110_none_60b5254171f9507e\COMCTL32.dll
0x00007ffaaaac0000 - 0x00007ffaaaaeb000 	C:\WINDOWS\System32\GDI32.dll
0x00007ffaac8b0000 - 0x00007ffaac94e000 	C:\WINDOWS\System32\msvcrt.dll
0x00007ffaaa8a0000 - 0x00007ffaaa9af000 	C:\WINDOWS\System32\gdi32full.dll
0x00007ffaaa100000 - 0x00007ffaaa19d000 	C:\WINDOWS\System32\msvcp_win.dll
0x00007ffaac0d0000 - 0x00007ffaac102000 	C:\WINDOWS\System32\IMM32.DLL
0x00007ffa71280000 - 0x00007ffa7131d000 	C:\Program Files\Android\Android Studio\jre\bin\msvcp140.dll
0x00007ffa04650000 - 0x00007ffa05152000 	C:\Program Files\Android\Android Studio\jre\bin\server\jvm.dll
0x00007ffaab0e0000 - 0x00007ffaab18e000 	C:\WINDOWS\System32\ADVAPI32.dll
0x00007ffaac720000 - 0x00007ffaac7bc000 	C:\WINDOWS\System32\sechost.dll
0x00007ffaab190000 - 0x00007ffaab2b5000 	C:\WINDOWS\System32\RPCRT4.dll
0x00007ffaac5e0000 - 0x00007ffaac5e8000 	C:\WINDOWS\System32\PSAPI.DLL
0x00007ffa9d3e0000 - 0x00007ffa9d3e9000 	C:\WINDOWS\SYSTEM32\WSOCK32.dll
0x00007ffaab370000 - 0x00007ffaab3db000 	C:\WINDOWS\System32\WS2_32.dll
0x00007ffaa49d0000 - 0x00007ffaa49da000 	C:\WINDOWS\SYSTEM32\VERSION.dll
0x00007ffaa0500000 - 0x00007ffaa0527000 	C:\WINDOWS\SYSTEM32\WINMM.dll
0x00007ffaa7e90000 - 0x00007ffaa7ea2000 	C:\WINDOWS\SYSTEM32\kernel.appcore.dll
0x00007ffaa13a0000 - 0x00007ffaa13b1000 	C:\Program Files\Android\Android Studio\jre\bin\verify.dll
0x00007ffaa41b0000 - 0x00007ffaa4394000 	C:\WINDOWS\SYSTEM32\DBGHELP.DLL
0x00007ffaa40f0000 - 0x00007ffaa411c000 	C:\WINDOWS\SYSTEM32\dbgcore.DLL
0x00007ffaaa1a0000 - 0x00007ffaaa222000 	C:\WINDOWS\System32\bcryptPrimitives.dll
0x00007ffaa1150000 - 0x00007ffaa1179000 	C:\Program Files\Android\Android Studio\jre\bin\java.dll
0x00007ffaa5d40000 - 0x00007ffaa5d4b000 	C:\Program Files\Android\Android Studio\jre\bin\jimage.dll
0x00007ffaa1130000 - 0x00007ffaa1148000 	C:\Program Files\Android\Android Studio\jre\bin\zip.dll
0x00007ffaab4b0000 - 0x00007ffaabbf3000 	C:\WINDOWS\System32\SHELL32.dll
0x00007ffaa8170000 - 0x00007ffaa8902000 	C:\WINDOWS\SYSTEM32\windows.storage.dll
0x00007ffaabd70000 - 0x00007ffaac0c4000 	C:\WINDOWS\System32\combase.dll
0x00007ffaa9a10000 - 0x00007ffaa9a40000 	C:\WINDOWS\SYSTEM32\Wldp.dll
0x00007ffaab2c0000 - 0x00007ffaab36d000 	C:\WINDOWS\System32\SHCORE.dll
0x00007ffaaa9e0000 - 0x00007ffaaaa35000 	C:\WINDOWS\System32\shlwapi.dll
0x00007ffaa9fd0000 - 0x00007ffaa9fef000 	C:\WINDOWS\SYSTEM32\profapi.dll
0x00007ffa9f320000 - 0x00007ffa9f33a000 	C:\Program Files\Android\Android Studio\jre\bin\net.dll
0x00007ffaa2140000 - 0x00007ffaa224c000 	C:\WINDOWS\SYSTEM32\WINHTTP.dll
0x0000000180000000 - 0x00000001800ce000 	C:\Program Files (x86)\Conceiva\DownloadStudio\plugins\dstudiolsp64.dll
0x000000006a3a0000 - 0x000000006a443000 	C:\WINDOWS\WinSxS\amd64_microsoft.vc90.crt_1fc8b3b9a1e18e3b_9.0.30729.9625_none_08e1c10da83fbc83\MSVCR90.dll
0x00007ffa81180000 - 0x00007ffa818e8000 	C:\WINDOWS\SYSTEM32\ieframe.dll
0x00007ffaac5f0000 - 0x00007ffaac71a000 	C:\WINDOWS\System32\ole32.dll
0x00007ffaac7c0000 - 0x00007ffaac88d000 	C:\WINDOWS\System32\OLEAUT32.dll
0x00007ffa98ea0000 - 0x00007ffa98eb9000 	C:\WINDOWS\SYSTEM32\NETAPI32.dll
0x00007ffaa9f50000 - 0x00007ffaa9f7e000 	C:\WINDOWS\SYSTEM32\USERENV.dll
0x00007ffa986d0000 - 0x00007ffa98981000 	C:\WINDOWS\SYSTEM32\iertutil.dll
0x00007ffaa91f0000 - 0x00007ffaa9209000 	C:\WINDOWS\SYSTEM32\WKSCLI.DLL
0x00007ffaa9570000 - 0x00007ffaa957c000 	C:\WINDOWS\SYSTEM32\NETUTILS.DLL
0x00007ffa98990000 - 0x00007ffa98e69000 	C:\WINDOWS\SYSTEM32\Wininet.dll
0x00007ffaa9770000 - 0x00007ffaa97da000 	C:\WINDOWS\system32\mswsock.dll
0x00007ffa9f300000 - 0x00007ffa9f314000 	C:\Program Files\Android\Android Studio\jre\bin\nio.dll
0x00007ffa818f0000 - 0x00007ffa81917000 	C:\Users\beta2\.gradle\native\e1d6ef7f7dcc3fd88c89a11ec53ec762bb8ba0a96d01ffa2cd45eb1d1d8dd5c5\windows-amd64\native-platform.dll
0x00007ffa6e720000 - 0x00007ffa6e864000 	C:\Users\beta2\.gradle\native\0d407fdbe67a94daf76414ababcb853783967236a71b16ec16e742cd7a986fd3\windows-amd64\native-platform-file-events.dll
0x00007ffaa2870000 - 0x00007ffaa287a000 	C:\Program Files\Android\Android Studio\jre\bin\management.dll
0x00007ffaa1390000 - 0x00007ffaa139d000 	C:\Program Files\Android\Android Studio\jre\bin\management_ext.dll
0x00007ffaa9960000 - 0x00007ffaa9978000 	C:\WINDOWS\SYSTEM32\CRYPTSP.dll
0x00007ffaa9090000 - 0x00007ffaa90c4000 	C:\WINDOWS\system32\rsaenh.dll
0x00007ffaaa9b0000 - 0x00007ffaaa9d7000 	C:\WINDOWS\System32\bcrypt.dll
0x00007ffaa9980000 - 0x00007ffaa998c000 	C:\WINDOWS\SYSTEM32\CRYPTBASE.dll
0x00007ffaa9460000 - 0x00007ffaa949b000 	C:\WINDOWS\SYSTEM32\IPHLPAPI.DLL
0x00007ffaab4a0000 - 0x00007ffaab4a8000 	C:\WINDOWS\System32\NSI.dll
0x00007ffaa4500000 - 0x00007ffaa4517000 	C:\WINDOWS\SYSTEM32\dhcpcsvc6.DLL
0x00007ffaa4440000 - 0x00007ffaa445d000 	C:\WINDOWS\SYSTEM32\dhcpcsvc.DLL
0x00007ffaa94a0000 - 0x00007ffaa956a000 	C:\WINDOWS\SYSTEM32\DNSAPI.dll
0x00007ffaa91b0000 - 0x00007ffaa91e3000 	C:\WINDOWS\SYSTEM32\ntmarta.dll

dbghelp: loaded successfully - version: 4.0.5 - missing functions: none
symbol engine: initialized successfully - sym options: 0x614 - pdb path: .;C:\Program Files\Android\Android Studio\jre\bin;C:\WINDOWS\SYSTEM32;C:\Program Files\Avast Software\Avast;C:\WINDOWS\WinSxS\amd64_microsoft.windows.common-controls_6595b64144ccf1df_6.0.19041.1110_none_60b5254171f9507e;C:\Program Files\Android\Android Studio\jre\bin\server;C:\Program Files (x86)\Conceiva\DownloadStudio\plugins;C:\WINDOWS\WinSxS\amd64_microsoft.vc90.crt_1fc8b3b9a1e18e3b_9.0.30729.9625_none_08e1c10da83fbc83;C:\Users\beta2\.gradle\native\e1d6ef7f7dcc3fd88c89a11ec53ec762bb8ba0a96d01ffa2cd45eb1d1d8dd5c5\windows-amd64;C:\Users\beta2\.gradle\native\0d407fdbe67a94daf76414ababcb853783967236a71b16ec16e742cd7a986fd3\windows-amd64

VM Arguments:
jvm_args: --add-opens=java.base/java.util=ALL-UNNAMED --add-opens=java.base/java.lang=ALL-UNNAMED --add-opens=java.base/java.lang.invoke=ALL-UNNAMED --add-opens=java.base/java.util=ALL-UNNAMED --add-opens=java.prefs/java.util.prefs=ALL-UNNAMED --add-opens=java.prefs/java.util.prefs=ALL-UNNAMED --add-opens=java.base/java.nio.charset=ALL-UNNAMED --add-opens=java.base/java.net=ALL-UNNAMED --add-opens=java.base/java.util.concurrent.atomic=ALL-UNNAMED -Xmx2048m -Dfile.encoding=UTF-8 -Duser.country=RU -Duser.language=ru -Duser.variant 
java_command: org.gradle.launcher.daemon.bootstrap.GradleDaemon 7.4
java_class_path (initial): C:\Users\beta2\.gradle\wrapper\dists\gradle-7.4-bin\c0gwcg53nkjbqw7r0h0umtfvt\gradle-7.4\lib\gradle-launcher-7.4.jar
Launcher Type: SUN_STANDARD

[Global flags]
     intx CICompilerCount                          = 3                                         {product} {ergonomic}
     uint ConcGCThreads                            = 2                                         {product} {ergonomic}
     uint G1ConcRefinementThreads                  = 6                                         {product} {ergonomic}
   size_t G1HeapRegionSize                         = 1048576                                   {product} {ergonomic}
    uintx GCDrainStackTargetSize                   = 64                                        {product} {ergonomic}
   size_t InitialHeapSize                          = 134217728                                 {product} {ergonomic}
   size_t MarkStackSize                            = 4194304                                   {product} {ergonomic}
   size_t MaxHeapSize                              = 2147483648                                {product} {command line}
   size_t MaxNewSize                               = 1287651328                                {product} {ergonomic}
   size_t MinHeapDeltaBytes                        = 1048576                                   {product} {ergonomic}
    uintx NonNMethodCodeHeapSize                   = 5830732                                {pd product} {ergonomic}
    uintx NonProfiledCodeHeapSize                  = 122913754                              {pd product} {ergonomic}
    uintx ProfiledCodeHeapSize                     = 122913754                              {pd product} {ergonomic}
    uintx ReservedCodeCacheSize                    = 251658240                              {pd product} {ergonomic}
     bool SegmentedCodeCache                       = true                                      {product} {ergonomic}
     bool UseCompressedClassPointers               = true                                 {lp64_product} {ergonomic}
     bool UseCompressedOops                        = true                                 {lp64_product} {ergonomic}
     bool UseG1GC                                  = true                                      {product} {ergonomic}
     bool UseLargePagesIndividualAllocation        = false                                  {pd product} {ergonomic}

Logging:
Log output configuration:
 #0: stdout all=warning uptime,level,tags
 #1: stderr all=off uptime,level,tags

Environment Variables:
PATH=C:\WINDOWS\system32;C:\WINDOWS;C:\WINDOWS\System32\Wbem;C:\WINDOWS\System32\WindowsPowerShell\v1.0\;C:\WINDOWS\System32\OpenSSH\;C:\Program Files (x86)\NVIDIA Corporation\PhysX\Common;C:\Program Files\NVIDIA Corporation\NVIDIA NvDLISR;C:\Program Files\Git\cmd;C:\Users\beta2\AppData\Local\Microsoft\WindowsApps;C:\Users\beta2\AppData\Local\Programs\Microsoft VS Code\bin;C:\Users\beta2\AppData\Local\GitHubDesktop\bin
USERNAME=beta2
OS=Windows_NT
PROCESSOR_IDENTIFIER=Intel64 Family 6 Model 158 Stepping 10, GenuineIntel



---------------  S Y S T E M  ---------------

OS: Windows 10 , 64 bit Build 19041 (10.0.19041.2251)
OS uptime: 1 days 9:45 hours

CPU:total 6 (initial active 6) (6 cores per cpu, 1 threads per core) family 6 model 158 stepping 10 microcode 0xb4, cmov, cx8, fxsr, mmx, sse, sse2, sse3, ssse3, sse4.1, sse4.2, popcnt, avx, avx2, aes, clmul, erms, 3dnowpref, lzcnt, tsc, tscinvbit, bmi1, bmi2, adx, fma

Memory: 4k page, system-wide physical 8134M (633M free)
TotalPageFile size 11958M (AvailPageFile size 147M)
current process WorkingSet (physical memory assigned to process): 554M, peak: 558M
current process commit charge ("private bytes"): 620M, peak: 845M

vm_info: OpenJDK 64-Bit Server VM (11.0.13+0-b1751.21-8125866) for windows-amd64 JRE (11.0.13+0-b1751.21-8125866), built on Feb  2 2022 03:00:22 by "builder" with MS VC++ 14.0 (VS2015)

END.
