#
# There is insufficient memory for the Java Runtime Environment to continue.
# Native memory allocation (mmap) failed to map 134217728 bytes for Failed to commit area from 0x0000000080e00000 to 0x0000000088e00000 of length 134217728.
# Possible reasons:
#   The system is out of physical RAM or swap space
#   The process is running with CompressedOops enabled, and the Java Heap may be blocking the growth of the native heap
# Possible solutions:
#   Reduce memory load on the system
#   Increase physical memory or swap space
#   Check if swap backing store is full
#   Decrease Java heap size (-Xmx/-Xms)
#   Decrease number of Java threads
#   Decrease Java thread stack sizes (-Xss)
#   Set larger code cache with -XX:ReservedCodeCacheSize=
# This output file may be truncated or incomplete.
#
#  Out of Memory Error (./src/hotspot/os/windows/os_windows.cpp:3619), pid=1508, tid=19236
#
# JRE version:  (11.0.13) (build )
# Java VM: OpenJDK 64-Bit Server VM (11.0.13+0-b1751.21-8125866, mixed mode, sharing, tiered, compressed oops, g1 gc, windows-amd64)
# No core dump will be written. Minidumps are not enabled by default on client versions of Windows
#

---------------  S U M M A R Y ------------

Command Line: git4idea.http.GitAskPassApp Username for 'https://github.com': 

Host: Intel(R) Core(TM) i5-8400 CPU @ 2.80GHz, 6 cores, 7G,  Windows 10 , 64 bit Build 19041 (10.0.19041.2251)
Time: Sat Nov 19 20:11:03 2022 RTZ 2 (зима) elapsed time: 0.114618 seconds (0d 0h 0m 0s)

---------------  T H R E A D  ---------------

Current thread (0x000001f1ffbb4800):  JavaThread "Unknown thread" [_thread_in_vm, id=19236, stack(0x00000019efb00000,0x00000019efc00000)]

Stack: [0x00000019efb00000,0x00000019efc00000]
Native frames: (J=compiled Java code, j=interpreted, Vv=VM code, C=native code)
V  [jvm.dll+0x6100fa]
V  [jvm.dll+0x747090]
V  [jvm.dll+0x7486ad]
V  [jvm.dll+0x748d83]
V  [jvm.dll+0x24ab48]
V  [jvm.dll+0x60d164]
V  [jvm.dll+0x601e75]
V  [jvm.dll+0x308bdb]
V  [jvm.dll+0x308b4a]
V  [jvm.dll+0x308a22]
V  [jvm.dll+0x30d986]
V  [jvm.dll+0x357093]
V  [jvm.dll+0x357796]
V  [jvm.dll+0x357193]
V  [jvm.dll+0x2e3448]
V  [jvm.dll+0x2e45f7]
V  [jvm.dll+0x7242e7]
V  [jvm.dll+0x725adc]
V  [jvm.dll+0x364629]
V  [jvm.dll+0x707cee]
V  [jvm.dll+0x3d2633]
V  [jvm.dll+0x3d4a21]
C  [jli.dll+0x536b]
C  [ucrtbase.dll+0x21bb2]
C  [KERNEL32.DLL+0x174b4]
C  [ntdll.dll+0x526a1]


---------------  P R O C E S S  ---------------

Threads class SMR info:
_java_thread_list=0x000001f1fd9f11a0, length=0, elements={
}

Java Threads: ( => current thread )

Other Threads:
  0x000001f1ffbcc800 GCTaskThread "GC Thread#0" [stack: 0x00000019efc00000,0x00000019efd00000] [id=13020]
  0x000001f1ffbfd800 ConcurrentGCThread "G1 Main Marker" [stack: 0x00000019efd00000,0x00000019efe00000] [id=8932]
  0x000001f1ffbff000 ConcurrentGCThread "G1 Conc#0" [stack: 0x00000019efe00000,0x00000019eff00000] [id=19212]

[error occurred during error reporting (printing all threads), id 0xc0000005, EXCEPTION_ACCESS_VIOLATION (0xc0000005) at pc=0x00007ffae49a3dd7]

VM state:not at safepoint (not fully initialized)

VM Mutex/Monitor currently owned by a thread:  ([mutex/lock_event])
[0x000001f1ffbb1e80] Heap_lock - owner thread: 0x000001f1ffbb4800

Heap address: 0x0000000080e00000, size: 2034 MB, Compressed Oops mode: Non-zero based: 0x0000000080e00000
Narrow klass base: 0x0000000000000000, Narrow klass shift: 0

GC Heap History (0 events):
No events

Deoptimization events (0 events):
No events

Classes redefined (0 events):
No events

Internal exceptions (0 events):
No events

Events (1 events):
Event: 0.034 Loaded shared library C:\Program Files\Android\Android Studio\jre\bin\zip.dll


Dynamic libraries:
0x00007ff775e50000 - 0x00007ff775e5a000 	C:\Program Files\Android\Android Studio\jre\bin\java.exe
0x00007ffb2a8b0000 - 0x00007ffb2aaa8000 	C:\WINDOWS\SYSTEM32\ntdll.dll
0x00007ffb06220000 - 0x00007ffb06236000 	C:\Program Files\Avast Software\Avast\aswhook.dll
0x00007ffb29920000 - 0x00007ffb299df000 	C:\WINDOWS\System32\KERNEL32.DLL
0x00007ffb285a0000 - 0x00007ffb28872000 	C:\WINDOWS\System32\KERNELBASE.dll
0x00007ffb27fe0000 - 0x00007ffb280e0000 	C:\WINDOWS\System32\ucrtbase.dll
0x00007ffb04c00000 - 0x00007ffb04c19000 	C:\Program Files\Android\Android Studio\jre\bin\jli.dll
0x00007ffb040f0000 - 0x00007ffb04107000 	C:\Program Files\Android\Android Studio\jre\bin\VCRUNTIME140.dll
0x00007ffb28dd0000 - 0x00007ffb28f6d000 	C:\WINDOWS\System32\USER32.dll
0x00007ffb28880000 - 0x00007ffb288a2000 	C:\WINDOWS\System32\win32u.dll
0x00007ffb28c30000 - 0x00007ffb28c5b000 	C:\WINDOWS\System32\GDI32.dll
0x00007ffb13ad0000 - 0x00007ffb13d6a000 	C:\WINDOWS\WinSxS\amd64_microsoft.windows.common-controls_6595b64144ccf1df_6.0.19041.1110_none_60b5254171f9507e\COMCTL32.dll
0x00007ffb28390000 - 0x00007ffb2849f000 	C:\WINDOWS\System32\gdi32full.dll
0x00007ffb297a0000 - 0x00007ffb2983e000 	C:\WINDOWS\System32\msvcrt.dll
0x00007ffb28190000 - 0x00007ffb2822d000 	C:\WINDOWS\System32\msvcp_win.dll
0x00007ffb29010000 - 0x00007ffb29042000 	C:\WINDOWS\System32\IMM32.DLL
0x00007ffadb480000 - 0x00007ffadb51d000 	C:\Program Files\Android\Android Studio\jre\bin\msvcp140.dll
0x00007ffae46b0000 - 0x00007ffae51b2000 	C:\Program Files\Android\Android Studio\jre\bin\server\jvm.dll
0x00007ffb296f0000 - 0x00007ffb2979e000 	C:\WINDOWS\System32\ADVAPI32.dll
0x00007ffb28f70000 - 0x00007ffb2900c000 	C:\WINDOWS\System32\sechost.dll
0x00007ffb28a40000 - 0x00007ffb28b65000 	C:\WINDOWS\System32\RPCRT4.dll
0x00007ffb29ef0000 - 0x00007ffb29ef8000 	C:\WINDOWS\System32\PSAPI.DLL
0x00007ffb1ed70000 - 0x00007ffb1ed79000 	C:\WINDOWS\SYSTEM32\WSOCK32.dll
0x00007ffb22dc0000 - 0x00007ffb22dca000 	C:\WINDOWS\SYSTEM32\VERSION.dll
0x00007ffb1cd80000 - 0x00007ffb1cda7000 	C:\WINDOWS\SYSTEM32\WINMM.dll
0x00007ffb2a800000 - 0x00007ffb2a86b000 	C:\WINDOWS\System32\WS2_32.dll
0x00007ffb25db0000 - 0x00007ffb25dc2000 	C:\WINDOWS\SYSTEM32\kernel.appcore.dll
0x00007ffb20870000 - 0x00007ffb20881000 	C:\Program Files\Android\Android Studio\jre\bin\verify.dll
0x00007ffb22280000 - 0x00007ffb22464000 	C:\WINDOWS\SYSTEM32\DBGHELP.DLL
0x00007ffb22250000 - 0x00007ffb2227c000 	C:\WINDOWS\SYSTEM32\dbgcore.DLL
0x00007ffb28510000 - 0x00007ffb28592000 	C:\WINDOWS\System32\bcryptPrimitives.dll
0x00007ffb20800000 - 0x00007ffb20829000 	C:\Program Files\Android\Android Studio\jre\bin\java.dll
0x00007ffb23b90000 - 0x00007ffb23b9b000 	C:\Program Files\Android\Android Studio\jre\bin\jimage.dll
0x00007ffb20780000 - 0x00007ffb20798000 	C:\Program Files\Android\Android Studio\jre\bin\zip.dll

dbghelp: loaded successfully - version: 4.0.5 - missing functions: none
symbol engine: initialized successfully - sym options: 0x614 - pdb path: .;C:\Program Files\Android\Android Studio\jre\bin;C:\WINDOWS\SYSTEM32;C:\Program Files\Avast Software\Avast;C:\WINDOWS\WinSxS\amd64_microsoft.windows.common-controls_6595b64144ccf1df_6.0.19041.1110_none_60b5254171f9507e;C:\Program Files\Android\Android Studio\jre\bin\server

VM Arguments:
java_command: git4idea.http.GitAskPassApp Username for 'https://github.com': 
java_class_path (initial): C:/Program Files/Android/Android Studio/plugins/git4idea/lib/git4idea-rt.jar;C:/Program Files/Android/Android Studio/lib/3rd-party.jar;C:/Program Files/Android/Android Studio/lib/3rd-party-rt.jar
Launcher Type: SUN_STANDARD

[Global flags]
     intx CICompilerCount                          = 3                                         {product} {ergonomic}
     uint ConcGCThreads                            = 2                                         {product} {ergonomic}
     uint G1ConcRefinementThreads                  = 6                                         {product} {ergonomic}
   size_t G1HeapRegionSize                         = 1048576                                   {product} {ergonomic}
    uintx GCDrainStackTargetSize                   = 64                                        {product} {ergonomic}
   size_t InitialHeapSize                          = 134217728                                 {product} {ergonomic}
   size_t MarkStackSize                            = 4194304                                   {product} {ergonomic}
   size_t MaxHeapSize                              = 2132803584                                {product} {ergonomic}
   size_t MinHeapDeltaBytes                        = 1048576                                   {product} {ergonomic}
    uintx NonNMethodCodeHeapSize                   = 5830732                                {pd product} {ergonomic}
    uintx NonProfiledCodeHeapSize                  = 122913754                              {pd product} {ergonomic}
    uintx ProfiledCodeHeapSize                     = 122913754                              {pd product} {ergonomic}
    uintx ReservedCodeCacheSize                    = 251658240                              {pd product} {ergonomic}
     bool SegmentedCodeCache                       = true                                      {product} {ergonomic}
     bool UseCompressedClassPointers               = true                                 {lp64_product} {ergonomic}
     bool UseCompressedOops                        = true                                 {lp64_product} {ergonomic}
     bool UseG1GC                                  = true                                      {product} {ergonomic}
     bool UseLargePagesIndividualAllocation        = false                                  {pd product} {ergonomic}

Logging:
Log output configuration:
 #0: stdout all=warning uptime,level,tags
 #1: stderr all=off uptime,level,tags

Environment Variables:
PATH=C:/Program Files/Git/mingw64/libexec/git-core;C:/Program Files/Git/mingw64/libexec/git-core;C:\Program Files\Git\mingw64\bin;C:\Program Files\Git\usr\bin;C:\Users\beta2\bin;C:\WINDOWS\system32;C:\WINDOWS;C:\WINDOWS\System32\Wbem;C:\WINDOWS\System32\WindowsPowerShell\v1.0\;C:\WINDOWS\System32\OpenSSH\;C:\Program Files (x86)\NVIDIA Corporation\PhysX\Common;C:\Program Files\NVIDIA Corporation\NVIDIA NvDLISR;C:\Program Files\Git\cmd;C:\Users\beta2\AppData\Local\Microsoft\WindowsApps;C:\Users\beta2\AppData\Local\Programs\Microsoft VS Code\bin;C:\Users\beta2\AppData\Local\GitHubDesktop\bin
USERNAME=beta2
DISPLAY=:0.0
LC_ALL=en_US.UTF-8
OS=Windows_NT
PROCESSOR_IDENTIFIER=Intel64 Family 6 Model 158 Stepping 10, GenuineIntel



---------------  S Y S T E M  ---------------

OS: Windows 10 , 64 bit Build 19041 (10.0.19041.2251)
OS uptime: 1 days 5:18 hours

CPU:total 6 (initial active 6) (6 cores per cpu, 1 threads per core) family 6 model 158 stepping 10 microcode 0xb4, cmov, cx8, fxsr, mmx, sse, sse2, sse3, ssse3, sse4.1, sse4.2, popcnt, avx, avx2, aes, clmul, erms, 3dnowpref, lzcnt, tsc, tscinvbit, bmi1, bmi2, adx, fma

Memory: 4k page, system-wide physical 8134M (879M free)
TotalPageFile size 11958M (AvailPageFile size 114M)
current process WorkingSet (physical memory assigned to process): 10M, peak: 10M
current process commit charge ("private bytes"): 56M, peak: 184M

vm_info: OpenJDK 64-Bit Server VM (11.0.13+0-b1751.21-8125866) for windows-amd64 JRE (11.0.13+0-b1751.21-8125866), built on Feb  2 2022 03:00:22 by "builder" with MS VC++ 14.0 (VS2015)

END.
